[ 2018-04-28T08:29:08+08:00 ] 127.0.0.1 /
INFO: [ app_init ] --START--
INFO: Run Behavior\BuildLiteBehavior [ RunTime:0.000000s ]
INFO: [ app_init ] --END-- [ RunTime:0.007000s ]
INFO: [ app_begin ] --START--
INFO: Run Behavior\ReadHtmlCacheBehavior [ RunTime:0.008001s ]
INFO: [ app_begin ] --END-- [ RunTime:0.008001s ]
SQL: SHOW COLUMNS FROM `php2018_goods` [ RunTime:0.067004s ]
SQL: SELECT `goods_id`,`goods_name`,`promote_price`,`logo` FROM `php2018_goods` WHERE ( `is_promote` = 1 ) AND ( `is_on_sale` = 1 ) AND ( `is_delete` = 0 ) AND ( `promote_start_time` < 1524875348 ) AND ( `promote_end_time` > 1524875348 ) ORDER BY sort_num  [ RunTime:0.001000s ]
SQL: SELECT `goods_id`,`goods_name`,`shop_price`,`logo` FROM `php2018_goods` WHERE ( `is_hot` = 1 ) AND ( `is_delete` = 0 ) AND ( `is_on_sale` = 1 ) ORDER BY sort_num  [ RunTime:0.001000s ]
SQL: SELECT `goods_id`,`goods_name`,`shop_price`,`logo` FROM `php2018_goods` WHERE ( `is_best` = 1 ) AND ( `is_delete` = 0 ) AND ( `is_on_sale` = 1 ) ORDER BY sort_num  [ RunTime:0.001001s ]
SQL: SELECT `goods_id`,`goods_name`,`shop_price`,`logo` FROM `php2018_goods` WHERE ( `is_new` = 1 ) AND ( `is_delete` = 0 ) AND ( `is_on_sale` = 1 ) ORDER BY sort_num  [ RunTime:0.000000s ]
SQL: SHOW COLUMNS FROM `php2018_goodscategory` [ RunTime:0.031001s ]
SQL: SELECT * FROM `php2018_goodscategory` WHERE ( parent_id=20 )  [ RunTime:0.010001s ]
SQL: SELECT `goods_id`,`goods_name`,`shop_price`,`logo` FROM `php2018_goods` WHERE ( `is_best` = 1 ) AND ( `is_delete` = 0 ) AND ( `is_on_sale` = 1 ) AND ( `cat_id` IN ('13','21','22','23','25','26','27','28','29','30','31') ) ORDER BY sort_num  [ RunTime:0.001000s ]
INFO: [ view_parse ] --START--
INFO: [ template_filter ] --START--
INFO: Run Behavior\ContentReplaceBehavior [ RunTime:0.001000s ]
INFO: [ template_filter ] --END-- [ RunTime:0.001000s ]
SQL: SHOW COLUMNS FROM `php2018_goodscategory` [ RunTime:0.005000s ]
SQL: SELECT * FROM `php2018_goodscategory`  [ RunTime:0.001000s ]
NOTIC: [8] Undefined index: children D:\UPUPW_NP5.4\htdocs\pcshop\Application\Runtime\Cache\Home\2a94b8bda04ff446dcedd42276fc99ee.php 第 159 行.
NOTIC: [2] Invalid argument supplied for foreach() D:\UPUPW_NP5.4\htdocs\pcshop\Application\Runtime\Cache\Home\2a94b8bda04ff446dcedd42276fc99ee.php 第 159 行.
NOTIC: [8] Undefined index: children D:\UPUPW_NP5.4\htdocs\pcshop\Application\Runtime\Cache\Home\2a94b8bda04ff446dcedd42276fc99ee.php 第 154 行.
NOTIC: [2] Invalid argument supplied for foreach() D:\UPUPW_NP5.4\htdocs\pcshop\Application\Runtime\Cache\Home\2a94b8bda04ff446dcedd42276fc99ee.php 第 154 行.
NOTIC: [8] Undefined index: children D:\UPUPW_NP5.4\htdocs\pcshop\Application\Runtime\Cache\Home\2a94b8bda04ff446dcedd42276fc99ee.php 第 159 行.
NOTIC: [2] Invalid argument supplied for foreach() D:\UPUPW_NP5.4\htdocs\pcshop\Application\Runtime\Cache\Home\2a94b8bda04ff446dcedd42276fc99ee.php 第 159 行.
NOTIC: [8] Undefined index: children D:\UPUPW_NP5.4\htdocs\pcshop\Application\Runtime\Cache\Home\2a94b8bda04ff446dcedd42276fc99ee.php 第 159 行.
NOTIC: [2] Invalid argument supplied for foreach() D:\UPUPW_NP5.4\htdocs\pcshop\Application\Runtime\Cache\Home\2a94b8bda04ff446dcedd42276fc99ee.php 第 159 行.
NOTIC: [8] Undefined index: children D:\UPUPW_NP5.4\htdocs\pcshop\Application\Runtime\Cache\Home\2a94b8bda04ff446dcedd42276fc99ee.php 第 159 行.
NOTIC: [2] Invalid argument supplied for foreach() D:\UPUPW_NP5.4\htdocs\pcshop\Application\Runtime\Cache\Home\2a94b8bda04ff446dcedd42276fc99ee.php 第 159 行.
NOTIC: [8] Undefined index: children D:\UPUPW_NP5.4\htdocs\pcshop\Application\Runtime\Cache\Home\2a94b8bda04ff446dcedd42276fc99ee.php 第 159 行.
NOTIC: [2] Invalid argument supplied for foreach() D:\UPUPW_NP5.4\htdocs\pcshop\Application\Runtime\Cache\Home\2a94b8bda04ff446dcedd42276fc99ee.php 第 159 行.
NOTIC: [8] Undefined index: children D:\UPUPW_NP5.4\htdocs\pcshop\Application\Runtime\Cache\Home\2a94b8bda04ff446dcedd42276fc99ee.php 第 159 行.
NOTIC: [2] Invalid argument supplied for foreach() D:\UPUPW_NP5.4\htdocs\pcshop\Application\Runtime\Cache\Home\2a94b8bda04ff446dcedd42276fc99ee.php 第 159 行.
NOTIC: [8] Undefined index: children D:\UPUPW_NP5.4\htdocs\pcshop\Application\Runtime\Cache\Home\2a94b8bda04ff446dcedd42276fc99ee.php 第 159 行.
NOTIC: [2] Invalid argument supplied for foreach() D:\UPUPW_NP5.4\htdocs\pcshop\Application\Runtime\Cache\Home\2a94b8bda04ff446dcedd42276fc99ee.php 第 159 行.
NOTIC: [8] Undefined index: children D:\UPUPW_NP5.4\htdocs\pcshop\Application\Runtime\Cache\Home\2a94b8bda04ff446dcedd42276fc99ee.php 第 159 行.
NOTIC: [2] Invalid argument supplied for foreach() D:\UPUPW_NP5.4\htdocs\pcshop\Application\Runtime\Cache\Home\2a94b8bda04ff446dcedd42276fc99ee.php 第 159 行.
NOTIC: [8] Undefined index: children D:\UPUPW_NP5.4\htdocs\pcshop\Application\Runtime\Cache\Home\2a94b8bda04ff446dcedd42276fc99ee.php 第 159 行.
NOTIC: [2] Invalid argument supplied for foreach() D:\UPUPW_NP5.4\htdocs\pcshop\Application\Runtime\Cache\Home\2a94b8bda04ff446dcedd42276fc99ee.php 第 159 行.
NOTIC: [8] Undefined index: children D:\UPUPW_NP5.4\htdocs\pcshop\Application\Runtime\Cache\Home\2a94b8bda04ff446dcedd42276fc99ee.php 第 159 行.
NOTIC: [2] Invalid argument supplied for foreach() D:\UPUPW_NP5.4\htdocs\pcshop\Application\Runtime\Cache\Home\2a94b8bda04ff446dcedd42276fc99ee.php 第 159 行.
NOTIC: [8] Undefined index: children D:\UPUPW_NP5.4\htdocs\pcshop\Application\Runtime\Cache\Home\2a94b8bda04ff446dcedd42276fc99ee.php 第 159 行.
NOTIC: [2] Invalid argument supplied for foreach() D:\UPUPW_NP5.4\htdocs\pcshop\Application\Runtime\Cache\Home\2a94b8bda04ff446dcedd42276fc99ee.php 第 159 行.
NOTIC: [8] Undefined index: children D:\UPUPW_NP5.4\htdocs\pcshop\Application\Runtime\Cache\Home\2a94b8bda04ff446dcedd42276fc99ee.php 第 159 行.
NOTIC: [2] Invalid argument supplied for foreach() D:\UPUPW_NP5.4\htdocs\pcshop\Application\Runtime\Cache\Home\2a94b8bda04ff446dcedd42276fc99ee.php 第 159 行.
INFO: Run Behavior\ParseTemplateBehavior [ RunTime:0.223013s ]
INFO: [ view_parse ] --END-- [ RunTime:0.223013s ]
INFO: [ view_filter ] --START--
INFO: Run Behavior\WriteHtmlCacheBehavior [ RunTime:0.016001s ]
INFO: [ view_filter ] --END-- [ RunTime:0.016001s ]
INFO: [ app_end ] --START--
INFO: Run Behavior\ShowPageTraceBehavior [ RunTime:0.033002s ]
INFO: [ app_end ] --END-- [ RunTime:0.033002s ]

[ 2018-04-28T08:29:09+08:00 ] 127.0.0.1 /index.php/Home/Goods/ajaxgetRecentlygoods.html
INFO: [ app_init ] --START--
INFO: Run Behavior\BuildLiteBehavior [ RunTime:0.000000s ]
INFO: [ app_init ] --END-- [ RunTime:0.003000s ]
INFO: [ app_begin ] --START--
INFO: Run Behavior\ReadHtmlCacheBehavior [ RunTime:0.006000s ]
INFO: [ app_begin ] --END-- [ RunTime:0.006000s ]
SQL: SHOW COLUMNS FROM `php2018_goods` [ RunTime:0.003000s ]
SQL: SELECT `goods_id`,`goods_name`,`sm_logo` FROM `php2018_goods` WHERE ( `goods_id` IN ('74','72','73','71') )  [ RunTime:0.001000s ]
INFO: [ app_end ] --START--
INFO: Run Behavior\ShowPageTraceBehavior [ RunTime:0.005001s ]
INFO: [ app_end ] --END-- [ RunTime:0.005001s ]

[ 2018-04-28T08:29:09+08:00 ] 127.0.0.1 /index.php/Home/Member/ajaxChkLogin.html
INFO: [ app_init ] --START--
INFO: Run Behavior\BuildLiteBehavior [ RunTime:0.000000s ]
INFO: [ app_init ] --END-- [ RunTime:0.003000s ]
INFO: [ app_begin ] --START--
INFO: Run Behavior\ReadHtmlCacheBehavior [ RunTime:0.005000s ]
INFO: [ app_begin ] --END-- [ RunTime:0.005000s ]
INFO: [ app_end ] --START--
INFO: Run Behavior\ShowPageTraceBehavior [ RunTime:0.005000s ]
INFO: [ app_end ] --END-- [ RunTime:0.005000s ]

[ 2018-04-28T08:29:16+08:00 ] 127.0.0.1 /index.php/Home/Goods/goods/goods_id/73.html
INFO: [ app_init ] --START--
INFO: Run Behavior\BuildLiteBehavior [ RunTime:0.000000s ]
INFO: [ app_init ] --END-- [ RunTime:0.003000s ]
INFO: [ app_begin ] --START--
INFO: Run Behavior\ReadHtmlCacheBehavior [ RunTime:0.006000s ]
INFO: [ app_begin ] --END-- [ RunTime:0.006000s ]
SQL: SHOW COLUMNS FROM `php2018_goods` [ RunTime:0.003000s ]
SQL: SELECT * FROM `php2018_goods` WHERE ( `goods_id` = 73 ) LIMIT 1   [ RunTime:0.000000s ]
SQL: SHOW COLUMNS FROM `php2018_goods_pics` [ RunTime:0.025001s ]
SQL: SELECT * FROM `php2018_goods_pics` WHERE ( `goods_id` = '73' )  [ RunTime:0.008000s ]
SQL: SHOW COLUMNS FROM `php2018_goods_attr` [ RunTime:0.020002s ]
SQL: SELECT a.*,b.attr_name,b.attr_type FROM php2018_goods_attr a left join php2018_goodsattribute as b on a.attr_id=b.attr_id  WHERE ( a.goods_id = '73' ) AND ( b.attr_type = 1 )  [ RunTime:0.021001s ]
SQL: SELECT a.*,b.attr_name,b.attr_type FROM php2018_goods_attr a left join php2018_goodsattribute as b on a.attr_id=b.attr_id  WHERE ( a.goods_id = '73' ) AND ( b.attr_type = 0 )  [ RunTime:0.000000s ]
INFO: [ view_parse ] --START--
NOTIC: [2] file_get_contents(./Application/Home/View/pubic/footer.html): failed to open stream: No such file or directory D:\UPUPW_NP5.4\htdocs\pcshop\ThinkPHP\Library\Think\Template.class.php 第 696 行.
INFO: [ template_filter ] --START--
INFO: Run Behavior\ContentReplaceBehavior [ RunTime:0.000000s ]
INFO: [ template_filter ] --END-- [ RunTime:0.000000s ]
SQL: SHOW COLUMNS FROM `php2018_goodscategory` [ RunTime:0.005000s ]
SQL: SELECT * FROM `php2018_goodscategory`  [ RunTime:0.000000s ]
NOTIC: [8] Undefined index: children D:\UPUPW_NP5.4\htdocs\pcshop\Application\Runtime\Cache\Home\8d937eb967916a6c963cd31890b9c56c.php 第 159 行.
NOTIC: [2] Invalid argument supplied for foreach() D:\UPUPW_NP5.4\htdocs\pcshop\Application\Runtime\Cache\Home\8d937eb967916a6c963cd31890b9c56c.php 第 159 行.
NOTIC: [8] Undefined index: children D:\UPUPW_NP5.4\htdocs\pcshop\Application\Runtime\Cache\Home\8d937eb967916a6c963cd31890b9c56c.php 第 154 行.
NOTIC: [2] Invalid argument supplied for foreach() D:\UPUPW_NP5.4\htdocs\pcshop\Application\Runtime\Cache\Home\8d937eb967916a6c963cd31890b9c56c.php 第 154 行.
NOTIC: [8] Undefined index: children D:\UPUPW_NP5.4\htdocs\pcshop\Application\Runtime\Cache\Home\8d937eb967916a6c963cd31890b9c56c.php 第 159 行.
NOTIC: [2] Invalid argument supplied for foreach() D:\UPUPW_NP5.4\htdocs\pcshop\Application\Runtime\Cache\Home\8d937eb967916a6c963cd31890b9c56c.php 第 159 行.
NOTIC: [8] Undefined index: children D:\UPUPW_NP5.4\htdocs\pcshop\Application\Runtime\Cache\Home\8d937eb967916a6c963cd31890b9c56c.php 第 159 行.
NOTIC: [2] Invalid argument supplied for foreach() D:\UPUPW_NP5.4\htdocs\pcshop\Application\Runtime\Cache\Home\8d937eb967916a6c963cd31890b9c56c.php 第 159 行.
NOTIC: [8] Undefined index: children D:\UPUPW_NP5.4\htdocs\pcshop\Application\Runtime\Cache\Home\8d937eb967916a6c963cd31890b9c56c.php 第 159 行.
NOTIC: [2] Invalid argument supplied for foreach() D:\UPUPW_NP5.4\htdocs\pcshop\Application\Runtime\Cache\Home\8d937eb967916a6c963cd31890b9c56c.php 第 159 行.
NOTIC: [8] Undefined index: children D:\UPUPW_NP5.4\htdocs\pcshop\Application\Runtime\Cache\Home\8d937eb967916a6c963cd31890b9c56c.php 第 159 行.
NOTIC: [2] Invalid argument supplied for foreach() D:\UPUPW_NP5.4\htdocs\pcshop\Application\Runtime\Cache\Home\8d937eb967916a6c963cd31890b9c56c.php 第 159 行.
NOTIC: [8] Undefined index: children D:\UPUPW_NP5.4\htdocs\pcshop\Application\Runtime\Cache\Home\8d937eb967916a6c963cd31890b9c56c.php 第 159 行.
NOTIC: [2] Invalid argument supplied for foreach() D:\UPUPW_NP5.4\htdocs\pcshop\Application\Runtime\Cache\Home\8d937eb967916a6c963cd31890b9c56c.php 第 159 行.
NOTIC: [8] Undefined index: children D:\UPUPW_NP5.4\htdocs\pcshop\Application\Runtime\Cache\Home\8d937eb967916a6c963cd31890b9c56c.php 第 159 行.
NOTIC: [2] Invalid argument supplied for foreach() D:\UPUPW_NP5.4\htdocs\pcshop\Application\Runtime\Cache\Home\8d937eb967916a6c963cd31890b9c56c.php 第 159 行.
NOTIC: [8] Undefined index: children D:\UPUPW_NP5.4\htdocs\pcshop\Application\Runtime\Cache\Home\8d937eb967916a6c963cd31890b9c56c.php 第 159 行.
NOTIC: [2] Invalid argument supplied for foreach() D:\UPUPW_NP5.4\htdocs\pcshop\Application\Runtime\Cache\Home\8d937eb967916a6c963cd31890b9c56c.php 第 159 行.
NOTIC: [8] Undefined index: children D:\UPUPW_NP5.4\htdocs\pcshop\Application\Runtime\Cache\Home\8d937eb967916a6c963cd31890b9c56c.php 第 159 行.
NOTIC: [2] Invalid argument supplied for foreach() D:\UPUPW_NP5.4\htdocs\pcshop\Application\Runtime\Cache\Home\8d937eb967916a6c963cd31890b9c56c.php 第 159 行.
NOTIC: [8] Undefined index: children D:\UPUPW_NP5.4\htdocs\pcshop\Application\Runtime\Cache\Home\8d937eb967916a6c963cd31890b9c56c.php 第 159 行.
NOTIC: [2] Invalid argument supplied for foreach() D:\UPUPW_NP5.4\htdocs\pcshop\Application\Runtime\Cache\Home\8d937eb967916a6c963cd31890b9c56c.php 第 159 行.
NOTIC: [8] Undefined index: children D:\UPUPW_NP5.4\htdocs\pcshop\Application\Runtime\Cache\Home\8d937eb967916a6c963cd31890b9c56c.php 第 159 行.
NOTIC: [2] Invalid argument supplied for foreach() D:\UPUPW_NP5.4\htdocs\pcshop\Application\Runtime\Cache\Home\8d937eb967916a6c963cd31890b9c56c.php 第 159 行.
NOTIC: [8] Undefined index: children D:\UPUPW_NP5.4\htdocs\pcshop\Application\Runtime\Cache\Home\8d937eb967916a6c963cd31890b9c56c.php 第 159 行.
NOTIC: [2] Invalid argument supplied for foreach() D:\UPUPW_NP5.4\htdocs\pcshop\Application\Runtime\Cache\Home\8d937eb967916a6c963cd31890b9c56c.php 第 159 行.
INFO: Run Behavior\ParseTemplateBehavior [ RunTime:0.096005s ]
INFO: [ view_parse ] --END-- [ RunTime:0.096005s ]
INFO: [ view_filter ] --START--
INFO: Run Behavior\WriteHtmlCacheBehavior [ RunTime:0.005001s ]
INFO: [ view_filter ] --END-- [ RunTime:0.005001s ]
INFO: [ app_end ] --START--
INFO: Run Behavior\ShowPageTraceBehavior [ RunTime:0.006000s ]
INFO: [ app_end ] --END-- [ RunTime:0.007000s ]

[ 2018-04-28T08:29:16+08:00 ] 127.0.0.1 /index.php/Home/Goods/ajaxgetRecentlygoods.html
INFO: [ app_init ] --START--
INFO: Run Behavior\BuildLiteBehavior [ RunTime:0.000000s ]
INFO: [ app_init ] --END-- [ RunTime:0.004001s ]
INFO: [ app_begin ] --START--
INFO: Run Behavior\ReadHtmlCacheBehavior [ RunTime:0.014001s ]
INFO: [ app_begin ] --END-- [ RunTime:0.014001s ]
SQL: SHOW COLUMNS FROM `php2018_goods` [ RunTime:0.003000s ]
SQL: SELECT `goods_id`,`goods_name`,`sm_logo` FROM `php2018_goods` WHERE ( `goods_id` IN ('74','72','73','71') )  [ RunTime:0.000000s ]
INFO: [ app_end ] --START--
INFO: Run Behavior\ShowPageTraceBehavior [ RunTime:0.006001s ]
INFO: [ app_end ] --END-- [ RunTime:0.006001s ]

[ 2018-04-28T08:29:16+08:00 ] 127.0.0.1 /index.php/Home/Member/ajaxChkLogin.html
INFO: [ app_init ] --START--
INFO: Run Behavior\BuildLiteBehavior [ RunTime:0.000000s ]
INFO: [ app_init ] --END-- [ RunTime:0.001000s ]
INFO: [ app_begin ] --START--
INFO: Run Behavior\ReadHtmlCacheBehavior [ RunTime:0.002000s ]
INFO: [ app_begin ] --END-- [ RunTime:0.002000s ]
INFO: [ app_end ] --START--
INFO: Run Behavior\ShowPageTraceBehavior [ RunTime:0.002000s ]
INFO: [ app_end ] --END-- [ RunTime:0.002000s ]

[ 2018-04-28T08:29:16+08:00 ] 127.0.0.1 /index.php/Home/Goods/ajaxGetComment/goods_id/73
INFO: [ app_init ] --START--
INFO: Run Behavior\BuildLiteBehavior [ RunTime:0.000000s ]
INFO: [ app_init ] --END-- [ RunTime:0.004001s ]
INFO: [ app_begin ] --START--
INFO: Run Behavior\ReadHtmlCacheBehavior [ RunTime:0.006000s ]
INFO: [ app_begin ] --END-- [ RunTime:0.006000s ]
ERR: 非法操作:ajaxGetComment

[ 2018-04-28T08:29:18+08:00 ] 127.0.0.1 /index.php/Home/Goods/ajaxGetPrice/goods_id/73
INFO: [ app_init ] --START--
INFO: Run Behavior\BuildLiteBehavior [ RunTime:0.000000s ]
INFO: [ app_init ] --END-- [ RunTime:0.005000s ]
INFO: [ app_begin ] --START--
INFO: Run Behavior\ReadHtmlCacheBehavior [ RunTime:0.006000s ]
INFO: [ app_begin ] --END-- [ RunTime:0.006000s ]
SQL: SHOW COLUMNS FROM `php2018_goods` [ RunTime:0.000000s ]
SQL: SELECT `shop_price`,`is_promote`,`promote_price`,`promote_start_time`,`promote_end_time` FROM `php2018_goods` WHERE ( `goods_id` = 73 ) LIMIT 1   [ RunTime:0.000000s ]
INFO: [ app_end ] --START--
INFO: Run Behavior\ShowPageTraceBehavior [ RunTime:0.010000s ]
INFO: [ app_end ] --END-- [ RunTime:0.010000s ]

[ 2018-04-28T08:29:21+08:00 ] 127.0.0.1 /index.php/Home/Goods/goods/goods_id/73.html
INFO: [ app_init ] --START--
INFO: Run Behavior\BuildLiteBehavior [ RunTime:0.000000s ]
INFO: [ app_init ] --END-- [ RunTime:0.001000s ]
INFO: [ app_begin ] --START--
INFO: Run Behavior\ReadHtmlCacheBehavior [ RunTime:0.006000s ]
INFO: [ app_begin ] --END-- [ RunTime:0.006000s ]
SQL: SHOW COLUMNS FROM `php2018_goods` [ RunTime:0.002000s ]
SQL: SELECT * FROM `php2018_goods` WHERE ( `goods_id` = 73 ) LIMIT 1   [ RunTime:0.000000s ]
SQL: SHOW COLUMNS FROM `php2018_goods_pics` [ RunTime:0.002000s ]
SQL: SELECT * FROM `php2018_goods_pics` WHERE ( `goods_id` = '73' )  [ RunTime:0.001000s ]
SQL: SHOW COLUMNS FROM `php2018_goods_attr` [ RunTime:0.002001s ]
SQL: SELECT a.*,b.attr_name,b.attr_type FROM php2018_goods_attr a left join php2018_goodsattribute as b on a.attr_id=b.attr_id  WHERE ( a.goods_id = '73' ) AND ( b.attr_type = 1 )  [ RunTime:0.001000s ]
SQL: SELECT a.*,b.attr_name,b.attr_type FROM php2018_goods_attr a left join php2018_goodsattribute as b on a.attr_id=b.attr_id  WHERE ( a.goods_id = '73' ) AND ( b.attr_type = 0 )  [ RunTime:0.000000s ]
INFO: [ view_parse ] --START--
NOTIC: [2] file_get_contents(./Application/Home/View/pubic/footer.html): failed to open stream: No such file or directory D:\UPUPW_NP5.4\htdocs\pcshop\ThinkPHP\Library\Think\Template.class.php 第 696 行.
INFO: [ template_filter ] --START--
INFO: Run Behavior\ContentReplaceBehavior [ RunTime:0.000000s ]
INFO: [ template_filter ] --END-- [ RunTime:0.000000s ]
SQL: SHOW COLUMNS FROM `php2018_goodscategory` [ RunTime:0.028002s ]
SQL: SELECT * FROM `php2018_goodscategory`  [ RunTime:0.001000s ]
NOTIC: [8] Undefined index: children D:\UPUPW_NP5.4\htdocs\pcshop\Application\Runtime\Cache\Home\8d937eb967916a6c963cd31890b9c56c.php 第 159 行.
NOTIC: [2] Invalid argument supplied for foreach() D:\UPUPW_NP5.4\htdocs\pcshop\Application\Runtime\Cache\Home\8d937eb967916a6c963cd31890b9c56c.php 第 159 行.
NOTIC: [8] Undefined index: children D:\UPUPW_NP5.4\htdocs\pcshop\Application\Runtime\Cache\Home\8d937eb967916a6c963cd31890b9c56c.php 第 154 行.
NOTIC: [2] Invalid argument supplied for foreach() D:\UPUPW_NP5.4\htdocs\pcshop\Application\Runtime\Cache\Home\8d937eb967916a6c963cd31890b9c56c.php 第 154 行.
NOTIC: [8] Undefined index: children D:\UPUPW_NP5.4\htdocs\pcshop\Application\Runtime\Cache\Home\8d937eb967916a6c963cd31890b9c56c.php 第 159 行.
NOTIC: [2] Invalid argument supplied for foreach() D:\UPUPW_NP5.4\htdocs\pcshop\Application\Runtime\Cache\Home\8d937eb967916a6c963cd31890b9c56c.php 第 159 行.
NOTIC: [8] Undefined index: children D:\UPUPW_NP5.4\htdocs\pcshop\Application\Runtime\Cache\Home\8d937eb967916a6c963cd31890b9c56c.php 第 159 行.
NOTIC: [2] Invalid argument supplied for foreach() D:\UPUPW_NP5.4\htdocs\pcshop\Application\Runtime\Cache\Home\8d937eb967916a6c963cd31890b9c56c.php 第 159 行.
NOTIC: [8] Undefined index: children D:\UPUPW_NP5.4\htdocs\pcshop\Application\Runtime\Cache\Home\8d937eb967916a6c963cd31890b9c56c.php 第 159 行.
NOTIC: [2] Invalid argument supplied for foreach() D:\UPUPW_NP5.4\htdocs\pcshop\Application\Runtime\Cache\Home\8d937eb967916a6c963cd31890b9c56c.php 第 159 行.
NOTIC: [8] Undefined index: children D:\UPUPW_NP5.4\htdocs\pcshop\Application\Runtime\Cache\Home\8d937eb967916a6c963cd31890b9c56c.php 第 159 行.
NOTIC: [2] Invalid argument supplied for foreach() D:\UPUPW_NP5.4\htdocs\pcshop\Application\Runtime\Cache\Home\8d937eb967916a6c963cd31890b9c56c.php 第 159 行.
NOTIC: [8] Undefined index: children D:\UPUPW_NP5.4\htdocs\pcshop\Application\Runtime\Cache\Home\8d937eb967916a6c963cd31890b9c56c.php 第 159 行.
NOTIC: [2] Invalid argument supplied for foreach() D:\UPUPW_NP5.4\htdocs\pcshop\Application\Runtime\Cache\Home\8d937eb967916a6c963cd31890b9c56c.php 第 159 行.
NOTIC: [8] Undefined index: children D:\UPUPW_NP5.4\htdocs\pcshop\Application\Runtime\Cache\Home\8d937eb967916a6c963cd31890b9c56c.php 第 159 行.
NOTIC: [2] Invalid argument supplied for foreach() D:\UPUPW_NP5.4\htdocs\pcshop\Application\Runtime\Cache\Home\8d937eb967916a6c963cd31890b9c56c.php 第 159 行.
NOTIC: [8] Undefined index: children D:\UPUPW_NP5.4\htdocs\pcshop\Application\Runtime\Cache\Home\8d937eb967916a6c963cd31890b9c56c.php 第 159 行.
NOTIC: [2] Invalid argument supplied for foreach() D:\UPUPW_NP5.4\htdocs\pcshop\Application\Runtime\Cache\Home\8d937eb967916a6c963cd31890b9c56c.php 第 159 行.
NOTIC: [8] Undefined index: children D:\UPUPW_NP5.4\htdocs\pcshop\Application\Runtime\Cache\Home\8d937eb967916a6c963cd31890b9c56c.php 第 159 行.
NOTIC: [2] Invalid argument supplied for foreach() D:\UPUPW_NP5.4\htdocs\pcshop\Application\Runtime\Cache\Home\8d937eb967916a6c963cd31890b9c56c.php 第 159 行.
NOTIC: [8] Undefined index: children D:\UPUPW_NP5.4\htdocs\pcshop\Application\Runtime\Cache\Home\8d937eb967916a6c963cd31890b9c56c.php 第 159 行.
NOTIC: [2] Invalid argument supplied for foreach() D:\UPUPW_NP5.4\htdocs\pcshop\Application\Runtime\Cache\Home\8d937eb967916a6c963cd31890b9c56c.php 第 159 行.
NOTIC: [8] Undefined index: children D:\UPUPW_NP5.4\htdocs\pcshop\Application\Runtime\Cache\Home\8d937eb967916a6c963cd31890b9c56c.php 第 159 行.
NOTIC: [2] Invalid argument supplied for foreach() D:\UPUPW_NP5.4\htdocs\pcshop\Application\Runtime\Cache\Home\8d937eb967916a6c963cd31890b9c56c.php 第 159 行.
NOTIC: [8] Undefined index: children D:\UPUPW_NP5.4\htdocs\pcshop\Application\Runtime\Cache\Home\8d937eb967916a6c963cd31890b9c56c.php 第 159 行.
NOTIC: [2] Invalid argument supplied for foreach() D:\UPUPW_NP5.4\htdocs\pcshop\Application\Runtime\Cache\Home\8d937eb967916a6c963cd31890b9c56c.php 第 159 行.
INFO: Run Behavior\ParseTemplateBehavior [ RunTime:0.079004s ]
INFO: [ view_parse ] --END-- [ RunTime:0.079004s ]
INFO: [ view_filter ] --START--
INFO: Run Behavior\WriteHtmlCacheBehavior [ RunTime:0.005000s ]
INFO: [ view_filter ] --END-- [ RunTime:0.006000s ]
INFO: [ app_end ] --START--
INFO: Run Behavior\ShowPageTraceBehavior [ RunTime:0.006001s ]
INFO: [ app_end ] --END-- [ RunTime:0.006001s ]

[ 2018-04-28T08:29:21+08:00 ] 127.0.0.1 /index.php/Home/Member/ajaxChkLogin.html
INFO: [ app_init ] --START--
INFO: Run Behavior\BuildLiteBehavior [ RunTime:0.000000s ]
INFO: [ app_init ] --END-- [ RunTime:0.000000s ]
INFO: [ app_begin ] --START--
INFO: Run Behavior\ReadHtmlCacheBehavior [ RunTime:0.002000s ]
INFO: [ app_begin ] --END-- [ RunTime:0.002000s ]
INFO: [ app_end ] --START--
INFO: Run Behavior\ShowPageTraceBehavior [ RunTime:0.006000s ]
INFO: [ app_end ] --END-- [ RunTime:0.006000s ]

[ 2018-04-28T08:29:21+08:00 ] 127.0.0.1 /index.php/Home/Goods/ajaxgetRecentlygoods.html
INFO: [ app_init ] --START--
INFO: Run Behavior\BuildLiteBehavior [ RunTime:0.000000s ]
INFO: [ app_init ] --END-- [ RunTime:0.000000s ]
INFO: [ app_begin ] --START--
INFO: Run Behavior\ReadHtmlCacheBehavior [ RunTime:0.002000s ]
INFO: [ app_begin ] --END-- [ RunTime:0.002000s ]
SQL: SHOW COLUMNS FROM `php2018_goods` [ RunTime:0.003000s ]
SQL: SELECT `goods_id`,`goods_name`,`sm_logo` FROM `php2018_goods` WHERE ( `goods_id` IN ('73','74','72','71') )  [ RunTime:0.000000s ]
INFO: [ app_end ] --START--
INFO: Run Behavior\ShowPageTraceBehavior [ RunTime:0.002000s ]
INFO: [ app_end ] --END-- [ RunTime:0.003000s ]

[ 2018-04-28T08:29:22+08:00 ] 127.0.0.1 /index.php/Home/Goods/ajaxGetPrice/goods_id/73
INFO: [ app_init ] --START--
INFO: Run Behavior\BuildLiteBehavior [ RunTime:0.000000s ]
INFO: [ app_init ] --END-- [ RunTime:0.000000s ]
INFO: [ app_begin ] --START--
INFO: Run Behavior\ReadHtmlCacheBehavior [ RunTime:0.002000s ]
INFO: [ app_begin ] --END-- [ RunTime:0.002000s ]
SQL: SHOW COLUMNS FROM `php2018_goods` [ RunTime:0.010000s ]
SQL: SELECT `shop_price`,`is_promote`,`promote_price`,`promote_start_time`,`promote_end_time` FROM `php2018_goods` WHERE ( `goods_id` = 73 ) LIMIT 1   [ RunTime:0.000000s ]
INFO: [ app_end ] --START--
INFO: Run Behavior\ShowPageTraceBehavior [ RunTime:0.000000s ]
INFO: [ app_end ] --END-- [ RunTime:0.000000s ]

[ 2018-04-28T08:29:22+08:00 ] 127.0.0.1 /index.php/Home/Goods/ajaxGetComment/goods_id/73
INFO: [ app_init ] --START--
INFO: Run Behavior\BuildLiteBehavior [ RunTime:0.000000s ]
INFO: [ app_init ] --END-- [ RunTime:0.000000s ]
INFO: [ app_begin ] --START--
INFO: Run Behavior\ReadHtmlCacheBehavior [ RunTime:0.002000s ]
INFO: [ app_begin ] --END-- [ RunTime:0.002000s ]
ERR: 非法操作:ajaxGetComment

[ 2018-04-28T08:59:39+08:00 ] 127.0.0.1 /index.php/Home/Goods/ajaxgetRecentlygoods.html
INFO: [ app_init ] --START--
INFO: Run Behavior\BuildLiteBehavior [ RunTime:0.000000s ]
INFO: [ app_init ] --END-- [ RunTime:0.001000s ]
INFO: [ app_begin ] --START--
INFO: Run Behavior\ReadHtmlCacheBehavior [ RunTime:0.002000s ]
INFO: [ app_begin ] --END-- [ RunTime:0.003000s ]
SQL: SHOW COLUMNS FROM `php2018_goods` [ RunTime:0.016001s ]
SQL: SELECT `goods_id`,`goods_name`,`sm_logo` FROM `php2018_goods` WHERE ( `goods_id` IN ('73','74','72','71') )  [ RunTime:0.024001s ]
INFO: [ app_end ] --START--
INFO: Run Behavior\ShowPageTraceBehavior [ RunTime:0.004000s ]
INFO: [ app_end ] --END-- [ RunTime:0.004000s ]

[ 2018-04-28T08:59:39+08:00 ] 127.0.0.1 /index.php/Home/Goods/ajaxGetComment/goods_id/73
INFO: [ app_init ] --START--
INFO: Run Behavior\BuildLiteBehavior [ RunTime:0.000000s ]
INFO: [ app_init ] --END-- [ RunTime:0.001000s ]
INFO: [ app_begin ] --START--
INFO: Run Behavior\ReadHtmlCacheBehavior [ RunTime:0.003000s ]
INFO: [ app_begin ] --END-- [ RunTime:0.003000s ]
ERR: 非法操作:ajaxGetComment

[ 2018-04-28T08:59:40+08:00 ] 127.0.0.1 /index.php/Home/Goods/ajaxGetPrice/goods_id/73
INFO: [ app_init ] --START--
INFO: Run Behavior\BuildLiteBehavior [ RunTime:0.000000s ]
INFO: [ app_init ] --END-- [ RunTime:0.000000s ]
INFO: [ app_begin ] --START--
INFO: Run Behavior\ReadHtmlCacheBehavior [ RunTime:0.006001s ]
INFO: [ app_begin ] --END-- [ RunTime:0.006001s ]
SQL: SHOW COLUMNS FROM `php2018_goods` [ RunTime:0.003000s ]
SQL: SELECT `shop_price`,`is_promote`,`promote_price`,`promote_start_time`,`promote_end_time` FROM `php2018_goods` WHERE ( `goods_id` = 73 ) LIMIT 1   [ RunTime:0.021001s ]
INFO: [ app_end ] --START--
INFO: Run Behavior\ShowPageTraceBehavior [ RunTime:0.003000s ]
INFO: [ app_end ] --END-- [ RunTime:0.003000s ]

[ 2018-04-28T08:59:40+08:00 ] 127.0.0.1 /index.php/Home/Member/ajaxChkLogin.html
INFO: [ app_init ] --START--
INFO: Run Behavior\BuildLiteBehavior [ RunTime:0.000000s ]
INFO: [ app_init ] --END-- [ RunTime:0.000000s ]
INFO: [ app_begin ] --START--
INFO: Run Behavior\ReadHtmlCacheBehavior [ RunTime:0.003000s ]
INFO: [ app_begin ] --END-- [ RunTime:0.003000s ]
INFO: [ app_end ] --START--
INFO: Run Behavior\ShowPageTraceBehavior [ RunTime:0.002001s ]
INFO: [ app_end ] --END-- [ RunTime:0.002001s ]

[ 2018-04-28T10:45:47+08:00 ] 127.0.0.1 /index.php/Home/Goods/ajaxgetRecentlygoods.html
INFO: [ app_init ] --START--
INFO: Run Behavior\BuildLiteBehavior [ RunTime:0.000000s ]
INFO: [ app_init ] --END-- [ RunTime:0.001000s ]
INFO: [ app_begin ] --START--
INFO: Run Behavior\ReadHtmlCacheBehavior [ RunTime:0.002001s ]
INFO: [ app_begin ] --END-- [ RunTime:0.002001s ]
SQL: SHOW COLUMNS FROM `php2018_goods` [ RunTime:0.003000s ]
SQL: SELECT `goods_id`,`goods_name`,`sm_logo` FROM `php2018_goods` WHERE ( `goods_id` IN ('73','74','72','71') )  [ RunTime:0.000000s ]
INFO: [ app_end ] --START--
INFO: Run Behavior\ShowPageTraceBehavior [ RunTime:0.002000s ]
INFO: [ app_end ] --END-- [ RunTime:0.002000s ]

[ 2018-04-28T10:45:47+08:00 ] 127.0.0.1 /index.php/Home/Member/ajaxChkLogin.html
INFO: [ app_init ] --START--
INFO: Run Behavior\BuildLiteBehavior [ RunTime:0.000000s ]
INFO: [ app_init ] --END-- [ RunTime:0.000000s ]
INFO: [ app_begin ] --START--
INFO: Run Behavior\ReadHtmlCacheBehavior [ RunTime:0.002000s ]
INFO: [ app_begin ] --END-- [ RunTime:0.003000s ]
INFO: [ app_end ] --START--
INFO: Run Behavior\ShowPageTraceBehavior [ RunTime:0.003000s ]
INFO: [ app_end ] --END-- [ RunTime:0.003000s ]

