[ 2018-07-22T21:30:02+08:00 ] 127.0.0.1 /
INFO: [ app_init ] --START--
INFO: Run Behavior\BuildLiteBehavior [ RunTime:0.000021s ]
INFO: [ app_init ] --END-- [ RunTime:0.101820s ]
INFO: [ app_begin ] --START--
INFO: Run Behavior\ReadHtmlCacheBehavior [ RunTime:0.005042s ]
INFO: [ app_begin ] --END-- [ RunTime:0.005136s ]
SQL: SHOW COLUMNS FROM `php2018_goods` [ RunTime:0.304399s ]
SQL: SELECT `goods_id`,`goods_name`,`promote_price`,`logo` FROM `php2018_goods` WHERE ( `is_promote` = 1 ) AND ( `is_on_sale` = 1 ) AND ( `is_delete` = 0 ) AND ( `promote_start_time` < 1532266202 ) AND ( `promote_end_time` > 1532266202 ) ORDER BY sort_num  [ RunTime:0.036757s ]
SQL: SELECT `goods_id`,`goods_name`,`shop_price`,`logo` FROM `php2018_goods` WHERE ( `is_hot` = 1 ) AND ( `is_delete` = 0 ) AND ( `is_on_sale` = 1 ) ORDER BY sort_num  [ RunTime:0.015828s ]
SQL: SELECT `goods_id`,`goods_name`,`shop_price`,`logo` FROM `php2018_goods` WHERE ( `is_best` = 1 ) AND ( `is_delete` = 0 ) AND ( `is_on_sale` = 1 ) ORDER BY sort_num  [ RunTime:0.000805s ]
SQL: SELECT `goods_id`,`goods_name`,`shop_price`,`logo` FROM `php2018_goods` WHERE ( `is_new` = 1 ) AND ( `is_delete` = 0 ) AND ( `is_on_sale` = 1 ) ORDER BY sort_num  [ RunTime:0.000712s ]
SQL: SHOW COLUMNS FROM `php2018_goodscategory` [ RunTime:0.065993s ]
SQL: SELECT * FROM `php2018_goodscategory` WHERE ( parent_id=20 )  [ RunTime:0.017533s ]
SQL: SELECT `goods_id`,`goods_name`,`shop_price`,`logo` FROM `php2018_goods` WHERE ( `is_best` = 1 ) AND ( `is_delete` = 0 ) AND ( `is_on_sale` = 1 ) AND ( `cat_id` IN ('13','21','22','23','25','26','27','28','29','30','31','33','35') ) ORDER BY sort_num  [ RunTime:0.001374s ]
INFO: [ view_parse ] --START--
INFO: [ template_filter ] --START--
INFO: Run Behavior\ContentReplaceBehavior [ RunTime:0.000371s ]
INFO: [ template_filter ] --END-- [ RunTime:0.000462s ]
SQL: SHOW COLUMNS FROM `php2018_goodscategory` [ RunTime:0.001345s ]
SQL: SELECT * FROM `php2018_goodscategory`  [ RunTime:0.000562s ]
NOTIC: [8] Undefined index: children D:\server\Web\myshop\Application\Runtime\Cache\Home\2a94b8bda04ff446dcedd42276fc99ee.php 第 163 行.
NOTIC: [2] Invalid argument supplied for foreach() D:\server\Web\myshop\Application\Runtime\Cache\Home\2a94b8bda04ff446dcedd42276fc99ee.php 第 163 行.
NOTIC: [8] Undefined index: children D:\server\Web\myshop\Application\Runtime\Cache\Home\2a94b8bda04ff446dcedd42276fc99ee.php 第 158 行.
NOTIC: [2] Invalid argument supplied for foreach() D:\server\Web\myshop\Application\Runtime\Cache\Home\2a94b8bda04ff446dcedd42276fc99ee.php 第 158 行.
NOTIC: [8] Undefined index: children D:\server\Web\myshop\Application\Runtime\Cache\Home\2a94b8bda04ff446dcedd42276fc99ee.php 第 163 行.
NOTIC: [2] Invalid argument supplied for foreach() D:\server\Web\myshop\Application\Runtime\Cache\Home\2a94b8bda04ff446dcedd42276fc99ee.php 第 163 行.
NOTIC: [8] Undefined index: children D:\server\Web\myshop\Application\Runtime\Cache\Home\2a94b8bda04ff446dcedd42276fc99ee.php 第 163 行.
NOTIC: [2] Invalid argument supplied for foreach() D:\server\Web\myshop\Application\Runtime\Cache\Home\2a94b8bda04ff446dcedd42276fc99ee.php 第 163 行.
NOTIC: [8] Undefined index: children D:\server\Web\myshop\Application\Runtime\Cache\Home\2a94b8bda04ff446dcedd42276fc99ee.php 第 163 行.
NOTIC: [2] Invalid argument supplied for foreach() D:\server\Web\myshop\Application\Runtime\Cache\Home\2a94b8bda04ff446dcedd42276fc99ee.php 第 163 行.
NOTIC: [8] Undefined index: children D:\server\Web\myshop\Application\Runtime\Cache\Home\2a94b8bda04ff446dcedd42276fc99ee.php 第 163 行.
NOTIC: [2] Invalid argument supplied for foreach() D:\server\Web\myshop\Application\Runtime\Cache\Home\2a94b8bda04ff446dcedd42276fc99ee.php 第 163 行.
NOTIC: [8] Undefined index: children D:\server\Web\myshop\Application\Runtime\Cache\Home\2a94b8bda04ff446dcedd42276fc99ee.php 第 163 行.
NOTIC: [2] Invalid argument supplied for foreach() D:\server\Web\myshop\Application\Runtime\Cache\Home\2a94b8bda04ff446dcedd42276fc99ee.php 第 163 行.
NOTIC: [8] Undefined index: children D:\server\Web\myshop\Application\Runtime\Cache\Home\2a94b8bda04ff446dcedd42276fc99ee.php 第 163 行.
NOTIC: [2] Invalid argument supplied for foreach() D:\server\Web\myshop\Application\Runtime\Cache\Home\2a94b8bda04ff446dcedd42276fc99ee.php 第 163 行.
NOTIC: [8] Undefined index: children D:\server\Web\myshop\Application\Runtime\Cache\Home\2a94b8bda04ff446dcedd42276fc99ee.php 第 163 行.
NOTIC: [2] Invalid argument supplied for foreach() D:\server\Web\myshop\Application\Runtime\Cache\Home\2a94b8bda04ff446dcedd42276fc99ee.php 第 163 行.
NOTIC: [8] Undefined index: children D:\server\Web\myshop\Application\Runtime\Cache\Home\2a94b8bda04ff446dcedd42276fc99ee.php 第 163 行.
NOTIC: [2] Invalid argument supplied for foreach() D:\server\Web\myshop\Application\Runtime\Cache\Home\2a94b8bda04ff446dcedd42276fc99ee.php 第 163 行.
NOTIC: [8] Undefined index: children D:\server\Web\myshop\Application\Runtime\Cache\Home\2a94b8bda04ff446dcedd42276fc99ee.php 第 163 行.
NOTIC: [2] Invalid argument supplied for foreach() D:\server\Web\myshop\Application\Runtime\Cache\Home\2a94b8bda04ff446dcedd42276fc99ee.php 第 163 行.
NOTIC: [8] Undefined index: children D:\server\Web\myshop\Application\Runtime\Cache\Home\2a94b8bda04ff446dcedd42276fc99ee.php 第 163 行.
NOTIC: [2] Invalid argument supplied for foreach() D:\server\Web\myshop\Application\Runtime\Cache\Home\2a94b8bda04ff446dcedd42276fc99ee.php 第 163 行.
NOTIC: [8] Undefined index: children D:\server\Web\myshop\Application\Runtime\Cache\Home\2a94b8bda04ff446dcedd42276fc99ee.php 第 163 行.
NOTIC: [2] Invalid argument supplied for foreach() D:\server\Web\myshop\Application\Runtime\Cache\Home\2a94b8bda04ff446dcedd42276fc99ee.php 第 163 行.
NOTIC: [8] Undefined index: children D:\server\Web\myshop\Application\Runtime\Cache\Home\2a94b8bda04ff446dcedd42276fc99ee.php 第 163 行.
NOTIC: [2] Invalid argument supplied for foreach() D:\server\Web\myshop\Application\Runtime\Cache\Home\2a94b8bda04ff446dcedd42276fc99ee.php 第 163 行.
NOTIC: [8] Undefined index: children D:\server\Web\myshop\Application\Runtime\Cache\Home\2a94b8bda04ff446dcedd42276fc99ee.php 第 163 行.
NOTIC: [2] Invalid argument supplied for foreach() D:\server\Web\myshop\Application\Runtime\Cache\Home\2a94b8bda04ff446dcedd42276fc99ee.php 第 163 行.
INFO: Run Behavior\ParseTemplateBehavior [ RunTime:0.384707s ]
INFO: [ view_parse ] --END-- [ RunTime:0.384782s ]
INFO: [ view_filter ] --START--
INFO: Run Behavior\WriteHtmlCacheBehavior [ RunTime:0.010502s ]
INFO: [ view_filter ] --END-- [ RunTime:0.010571s ]
INFO: [ app_end ] --START--
INFO: Run Behavior\ShowPageTraceBehavior [ RunTime:0.021579s ]
INFO: [ app_end ] --END-- [ RunTime:0.021699s ]

[ 2018-07-22T21:30:04+08:00 ] 127.0.0.1 /index.php/Home/Goods/ajaxgetRecentlygoods.html
INFO: [ app_init ] --START--
INFO: Run Behavior\BuildLiteBehavior [ RunTime:0.000016s ]
INFO: [ app_init ] --END-- [ RunTime:0.000865s ]
INFO: [ app_begin ] --START--
INFO: Run Behavior\ReadHtmlCacheBehavior [ RunTime:0.001798s ]
INFO: [ app_begin ] --END-- [ RunTime:0.001867s ]
INFO: [ app_end ] --START--
INFO: Run Behavior\ShowPageTraceBehavior [ RunTime:0.017313s ]
INFO: [ app_end ] --END-- [ RunTime:0.017401s ]

[ 2018-07-22T21:30:05+08:00 ] 127.0.0.1 /index.php/Home/Member/ajaxChkLogin.html
INFO: [ app_init ] --START--
INFO: Run Behavior\BuildLiteBehavior [ RunTime:0.000010s ]
INFO: [ app_init ] --END-- [ RunTime:0.000483s ]
INFO: [ app_begin ] --START--
INFO: Run Behavior\ReadHtmlCacheBehavior [ RunTime:0.023522s ]
INFO: [ app_begin ] --END-- [ RunTime:0.023582s ]
INFO: [ app_end ] --START--
INFO: Run Behavior\ShowPageTraceBehavior [ RunTime:0.193795s ]
INFO: [ app_end ] --END-- [ RunTime:0.193884s ]

[ 2018-07-22T21:30:09+08:00 ] 127.0.0.1 /index.php/Home/Member/login.html
INFO: [ app_init ] --START--
INFO: Run Behavior\BuildLiteBehavior [ RunTime:0.000015s ]
INFO: [ app_init ] --END-- [ RunTime:0.000671s ]
INFO: [ app_begin ] --START--
INFO: Run Behavior\ReadHtmlCacheBehavior [ RunTime:0.000492s ]
INFO: [ app_begin ] --END-- [ RunTime:0.000522s ]
INFO: [ view_parse ] --START--
INFO: [ template_filter ] --START--
INFO: Run Behavior\ContentReplaceBehavior [ RunTime:0.000127s ]
INFO: [ template_filter ] --END-- [ RunTime:0.000197s ]
INFO: Run Behavior\ParseTemplateBehavior [ RunTime:0.527241s ]
INFO: [ view_parse ] --END-- [ RunTime:0.527326s ]
INFO: [ view_filter ] --START--
INFO: Run Behavior\WriteHtmlCacheBehavior [ RunTime:0.000846s ]
INFO: [ view_filter ] --END-- [ RunTime:0.000907s ]
INFO: [ app_end ] --START--
INFO: Run Behavior\ShowPageTraceBehavior [ RunTime:0.001254s ]
INFO: [ app_end ] --END-- [ RunTime:0.001318s ]

[ 2018-07-22T21:30:11+08:00 ] 127.0.0.1 /index.php/Home/Member/getverify/t/1532266209586
INFO: [ app_init ] --START--
INFO: Run Behavior\BuildLiteBehavior [ RunTime:0.000015s ]
INFO: [ app_init ] --END-- [ RunTime:0.000763s ]
INFO: [ app_begin ] --START--
INFO: Run Behavior\ReadHtmlCacheBehavior [ RunTime:0.001249s ]
INFO: [ app_begin ] --END-- [ RunTime:0.001318s ]
INFO: [ app_end ] --START--
INFO: Run Behavior\ShowPageTraceBehavior [ RunTime:0.001377s ]
INFO: [ app_end ] --END-- [ RunTime:0.001464s ]

[ 2018-07-22T21:30:11+08:00 ] 127.0.0.1 /index.php/Home/Member/ajaxChkLogin.html
INFO: [ app_init ] --START--
INFO: Run Behavior\BuildLiteBehavior [ RunTime:0.000010s ]
INFO: [ app_init ] --END-- [ RunTime:0.000483s ]
INFO: [ app_begin ] --START--
INFO: Run Behavior\ReadHtmlCacheBehavior [ RunTime:0.000899s ]
INFO: [ app_begin ] --END-- [ RunTime:0.000934s ]
INFO: [ app_end ] --START--
INFO: Run Behavior\ShowPageTraceBehavior [ RunTime:0.001327s ]
INFO: [ app_end ] --END-- [ RunTime:0.001396s ]

[ 2018-07-22T21:33:12+08:00 ] 127.0.0.1 /index.php/Home/Member/login.html
INFO: [ app_init ] --START--
INFO: Run Behavior\BuildLiteBehavior [ RunTime:0.000049s ]
INFO: [ app_init ] --END-- [ RunTime:0.000599s ]
INFO: [ app_begin ] --START--
INFO: Run Behavior\ReadHtmlCacheBehavior [ RunTime:0.001048s ]
INFO: [ app_begin ] --END-- [ RunTime:0.001099s ]
INFO: [ view_parse ] --START--
INFO: [ template_filter ] --START--
INFO: Run Behavior\ContentReplaceBehavior [ RunTime:0.000128s ]
INFO: [ template_filter ] --END-- [ RunTime:0.000200s ]
INFO: Run Behavior\ParseTemplateBehavior [ RunTime:0.491740s ]
INFO: [ view_parse ] --END-- [ RunTime:0.491810s ]
INFO: [ view_filter ] --START--
INFO: Run Behavior\WriteHtmlCacheBehavior [ RunTime:0.000764s ]
INFO: [ view_filter ] --END-- [ RunTime:0.000814s ]
INFO: [ app_end ] --START--
INFO: Run Behavior\ShowPageTraceBehavior [ RunTime:0.002789s ]
INFO: [ app_end ] --END-- [ RunTime:0.002917s ]

[ 2018-07-22T21:33:14+08:00 ] 127.0.0.1 /index.php/Home/Member/getverify/t/1532266393363
INFO: [ app_init ] --START--
INFO: Run Behavior\BuildLiteBehavior [ RunTime:0.000008s ]
INFO: [ app_init ] --END-- [ RunTime:0.000306s ]
INFO: [ app_begin ] --START--
INFO: Run Behavior\ReadHtmlCacheBehavior [ RunTime:0.000586s ]
INFO: [ app_begin ] --END-- [ RunTime:0.000632s ]
INFO: [ app_end ] --START--
INFO: Run Behavior\ShowPageTraceBehavior [ RunTime:0.001361s ]
INFO: [ app_end ] --END-- [ RunTime:0.001446s ]

[ 2018-07-22T21:33:14+08:00 ] 127.0.0.1 /index.php/Home/Member/ajaxChkLogin.html
INFO: [ app_init ] --START--
INFO: Run Behavior\BuildLiteBehavior [ RunTime:0.000008s ]
INFO: [ app_init ] --END-- [ RunTime:0.000379s ]
INFO: [ app_begin ] --START--
INFO: Run Behavior\ReadHtmlCacheBehavior [ RunTime:0.000567s ]
INFO: [ app_begin ] --END-- [ RunTime:0.000593s ]
INFO: [ app_end ] --START--
INFO: Run Behavior\ShowPageTraceBehavior [ RunTime:0.001088s ]
INFO: [ app_end ] --END-- [ RunTime:0.001147s ]

[ 2018-07-22T21:33:19+08:00 ] 127.0.0.1 /index.php/Home/Member/login.html
INFO: [ app_init ] --START--
INFO: Run Behavior\BuildLiteBehavior [ RunTime:0.000014s ]
INFO: [ app_init ] --END-- [ RunTime:0.000748s ]
INFO: [ app_begin ] --START--
INFO: Run Behavior\ReadHtmlCacheBehavior [ RunTime:0.000970s ]
INFO: [ app_begin ] --END-- [ RunTime:0.004188s ]
NOTIC: [2] Declaration of Home\Model\MemberModel::_after_insert(&$data, $options) should be compatible with Think\Model::_after_insert($data, $options) D:\server\Web\myshop\Application\Home\Model\MemberModel.class.php 第 7 行.
SQL: SHOW COLUMNS FROM `php2018_member` [ RunTime:0.075693s ]

[ 2018-07-22T21:33:26+08:00 ] 127.0.0.1 /index.php/Home/Member/login.html
INFO: [ app_init ] --START--
INFO: Run Behavior\BuildLiteBehavior [ RunTime:0.000008s ]
INFO: [ app_init ] --END-- [ RunTime:0.000396s ]
INFO: [ app_begin ] --START--
INFO: Run Behavior\ReadHtmlCacheBehavior [ RunTime:0.000462s ]
INFO: [ app_begin ] --END-- [ RunTime:0.000488s ]
NOTIC: [2] Declaration of Home\Model\MemberModel::_after_insert(&$data, $options) should be compatible with Think\Model::_after_insert($data, $options) D:\server\Web\myshop\Application\Home\Model\MemberModel.class.php 第 7 行.
SQL: SHOW COLUMNS FROM `php2018_member` [ RunTime:0.209237s ]

[ 2018-07-22T21:33:32+08:00 ] 127.0.0.1 /index.php/Home/Member/login.html
INFO: [ app_init ] --START--
INFO: Run Behavior\BuildLiteBehavior [ RunTime:0.000007s ]
INFO: [ app_init ] --END-- [ RunTime:0.000341s ]
INFO: [ app_begin ] --START--
INFO: Run Behavior\ReadHtmlCacheBehavior [ RunTime:0.000457s ]
INFO: [ app_begin ] --END-- [ RunTime:0.000482s ]
NOTIC: [2] Declaration of Home\Model\MemberModel::_after_insert(&$data, $options) should be compatible with Think\Model::_after_insert($data, $options) D:\server\Web\myshop\Application\Home\Model\MemberModel.class.php 第 7 行.
SQL: SHOW COLUMNS FROM `php2018_member` [ RunTime:0.000925s ]
NOTIC: [8] Undefined index: url D:\server\Web\myshop\Application\Common\Common\function.php 第 22 行.
SQL: SHOW COLUMNS FROM `php2018_number_level` [ RunTime:0.001323s ]
SQL: SELECT `level_id`,`rate` FROM `php2018_number_level` WHERE ( 0 between bottom_num and top_num ) LIMIT 1   [ RunTime:0.174578s ]
SQL: SHOW COLUMNS FROM `php2018_cart` [ RunTime:0.001274s ]

[ 2018-07-22T21:33:33+08:00 ] 127.0.0.1 /index.php/Home/Index/index.html
INFO: [ app_init ] --START--
INFO: Run Behavior\BuildLiteBehavior [ RunTime:0.000017s ]
INFO: [ app_init ] --END-- [ RunTime:0.000802s ]
INFO: [ app_begin ] --START--
INFO: Run Behavior\ReadHtmlCacheBehavior [ RunTime:0.000441s ]
INFO: [ app_begin ] --END-- [ RunTime:0.000471s ]
SQL: SHOW COLUMNS FROM `php2018_goods` [ RunTime:0.115998s ]
SQL: SELECT `goods_id`,`goods_name`,`promote_price`,`logo` FROM `php2018_goods` WHERE ( `is_promote` = 1 ) AND ( `is_on_sale` = 1 ) AND ( `is_delete` = 0 ) AND ( `promote_start_time` < 1532266413 ) AND ( `promote_end_time` > 1532266413 ) ORDER BY sort_num  [ RunTime:0.000935s ]
SQL: SELECT `goods_id`,`goods_name`,`shop_price`,`logo` FROM `php2018_goods` WHERE ( `is_hot` = 1 ) AND ( `is_delete` = 0 ) AND ( `is_on_sale` = 1 ) ORDER BY sort_num  [ RunTime:0.000685s ]
SQL: SELECT `goods_id`,`goods_name`,`shop_price`,`logo` FROM `php2018_goods` WHERE ( `is_best` = 1 ) AND ( `is_delete` = 0 ) AND ( `is_on_sale` = 1 ) ORDER BY sort_num  [ RunTime:0.000768s ]
SQL: SELECT `goods_id`,`goods_name`,`shop_price`,`logo` FROM `php2018_goods` WHERE ( `is_new` = 1 ) AND ( `is_delete` = 0 ) AND ( `is_on_sale` = 1 ) ORDER BY sort_num  [ RunTime:0.000756s ]
SQL: SHOW COLUMNS FROM `php2018_goodscategory` [ RunTime:0.032826s ]
SQL: SELECT * FROM `php2018_goodscategory` WHERE ( parent_id=20 )  [ RunTime:0.000665s ]
SQL: SELECT `goods_id`,`goods_name`,`shop_price`,`logo` FROM `php2018_goods` WHERE ( `is_best` = 1 ) AND ( `is_delete` = 0 ) AND ( `is_on_sale` = 1 ) AND ( `cat_id` IN ('13','21','22','23','25','26','27','28','29','30','31','33','35') ) ORDER BY sort_num  [ RunTime:0.000831s ]
INFO: [ view_parse ] --START--
INFO: [ template_filter ] --START--
INFO: Run Behavior\ContentReplaceBehavior [ RunTime:0.000215s ]
INFO: [ template_filter ] --END-- [ RunTime:0.000264s ]
SQL: SHOW COLUMNS FROM `php2018_goodscategory` [ RunTime:0.000875s ]
SQL: SELECT * FROM `php2018_goodscategory`  [ RunTime:0.000454s ]
NOTIC: [8] Undefined index: children D:\server\Web\myshop\Application\Runtime\Cache\Home\2a94b8bda04ff446dcedd42276fc99ee.php 第 163 行.
NOTIC: [2] Invalid argument supplied for foreach() D:\server\Web\myshop\Application\Runtime\Cache\Home\2a94b8bda04ff446dcedd42276fc99ee.php 第 163 行.
NOTIC: [8] Undefined index: children D:\server\Web\myshop\Application\Runtime\Cache\Home\2a94b8bda04ff446dcedd42276fc99ee.php 第 158 行.
NOTIC: [2] Invalid argument supplied for foreach() D:\server\Web\myshop\Application\Runtime\Cache\Home\2a94b8bda04ff446dcedd42276fc99ee.php 第 158 行.
NOTIC: [8] Undefined index: children D:\server\Web\myshop\Application\Runtime\Cache\Home\2a94b8bda04ff446dcedd42276fc99ee.php 第 163 行.
NOTIC: [2] Invalid argument supplied for foreach() D:\server\Web\myshop\Application\Runtime\Cache\Home\2a94b8bda04ff446dcedd42276fc99ee.php 第 163 行.
NOTIC: [8] Undefined index: children D:\server\Web\myshop\Application\Runtime\Cache\Home\2a94b8bda04ff446dcedd42276fc99ee.php 第 163 行.
NOTIC: [2] Invalid argument supplied for foreach() D:\server\Web\myshop\Application\Runtime\Cache\Home\2a94b8bda04ff446dcedd42276fc99ee.php 第 163 行.
NOTIC: [8] Undefined index: children D:\server\Web\myshop\Application\Runtime\Cache\Home\2a94b8bda04ff446dcedd42276fc99ee.php 第 163 行.
NOTIC: [2] Invalid argument supplied for foreach() D:\server\Web\myshop\Application\Runtime\Cache\Home\2a94b8bda04ff446dcedd42276fc99ee.php 第 163 行.
NOTIC: [8] Undefined index: children D:\server\Web\myshop\Application\Runtime\Cache\Home\2a94b8bda04ff446dcedd42276fc99ee.php 第 163 行.
NOTIC: [2] Invalid argument supplied for foreach() D:\server\Web\myshop\Application\Runtime\Cache\Home\2a94b8bda04ff446dcedd42276fc99ee.php 第 163 行.
NOTIC: [8] Undefined index: children D:\server\Web\myshop\Application\Runtime\Cache\Home\2a94b8bda04ff446dcedd42276fc99ee.php 第 163 行.
NOTIC: [2] Invalid argument supplied for foreach() D:\server\Web\myshop\Application\Runtime\Cache\Home\2a94b8bda04ff446dcedd42276fc99ee.php 第 163 行.
NOTIC: [8] Undefined index: children D:\server\Web\myshop\Application\Runtime\Cache\Home\2a94b8bda04ff446dcedd42276fc99ee.php 第 163 行.
NOTIC: [2] Invalid argument supplied for foreach() D:\server\Web\myshop\Application\Runtime\Cache\Home\2a94b8bda04ff446dcedd42276fc99ee.php 第 163 行.
NOTIC: [8] Undefined index: children D:\server\Web\myshop\Application\Runtime\Cache\Home\2a94b8bda04ff446dcedd42276fc99ee.php 第 163 行.
NOTIC: [2] Invalid argument supplied for foreach() D:\server\Web\myshop\Application\Runtime\Cache\Home\2a94b8bda04ff446dcedd42276fc99ee.php 第 163 行.
NOTIC: [8] Undefined index: children D:\server\Web\myshop\Application\Runtime\Cache\Home\2a94b8bda04ff446dcedd42276fc99ee.php 第 163 行.
NOTIC: [2] Invalid argument supplied for foreach() D:\server\Web\myshop\Application\Runtime\Cache\Home\2a94b8bda04ff446dcedd42276fc99ee.php 第 163 行.
NOTIC: [8] Undefined index: children D:\server\Web\myshop\Application\Runtime\Cache\Home\2a94b8bda04ff446dcedd42276fc99ee.php 第 163 行.
NOTIC: [2] Invalid argument supplied for foreach() D:\server\Web\myshop\Application\Runtime\Cache\Home\2a94b8bda04ff446dcedd42276fc99ee.php 第 163 行.
NOTIC: [8] Undefined index: children D:\server\Web\myshop\Application\Runtime\Cache\Home\2a94b8bda04ff446dcedd42276fc99ee.php 第 163 行.
NOTIC: [2] Invalid argument supplied for foreach() D:\server\Web\myshop\Application\Runtime\Cache\Home\2a94b8bda04ff446dcedd42276fc99ee.php 第 163 行.
NOTIC: [8] Undefined index: children D:\server\Web\myshop\Application\Runtime\Cache\Home\2a94b8bda04ff446dcedd42276fc99ee.php 第 163 行.
NOTIC: [2] Invalid argument supplied for foreach() D:\server\Web\myshop\Application\Runtime\Cache\Home\2a94b8bda04ff446dcedd42276fc99ee.php 第 163 行.
NOTIC: [8] Undefined index: children D:\server\Web\myshop\Application\Runtime\Cache\Home\2a94b8bda04ff446dcedd42276fc99ee.php 第 163 行.
NOTIC: [2] Invalid argument supplied for foreach() D:\server\Web\myshop\Application\Runtime\Cache\Home\2a94b8bda04ff446dcedd42276fc99ee.php 第 163 行.
NOTIC: [8] Undefined index: children D:\server\Web\myshop\Application\Runtime\Cache\Home\2a94b8bda04ff446dcedd42276fc99ee.php 第 163 行.
NOTIC: [2] Invalid argument supplied for foreach() D:\server\Web\myshop\Application\Runtime\Cache\Home\2a94b8bda04ff446dcedd42276fc99ee.php 第 163 行.
INFO: Run Behavior\ParseTemplateBehavior [ RunTime:0.028486s ]
INFO: [ view_parse ] --END-- [ RunTime:0.028554s ]
INFO: [ view_filter ] --START--
INFO: Run Behavior\WriteHtmlCacheBehavior [ RunTime:0.000584s ]
INFO: [ view_filter ] --END-- [ RunTime:0.000620s ]
INFO: [ app_end ] --START--
INFO: Run Behavior\ShowPageTraceBehavior [ RunTime:0.000827s ]
INFO: [ app_end ] --END-- [ RunTime:0.000883s ]

[ 2018-07-22T21:33:34+08:00 ] 127.0.0.1 /index.php/Home/Goods/ajaxgetRecentlygoods.html
INFO: [ app_init ] --START--
INFO: Run Behavior\BuildLiteBehavior [ RunTime:0.000011s ]
INFO: [ app_init ] --END-- [ RunTime:0.000478s ]
INFO: [ app_begin ] --START--
INFO: Run Behavior\ReadHtmlCacheBehavior [ RunTime:0.000636s ]
INFO: [ app_begin ] --END-- [ RunTime:0.000676s ]
INFO: [ app_end ] --START--
INFO: Run Behavior\ShowPageTraceBehavior [ RunTime:0.000988s ]
INFO: [ app_end ] --END-- [ RunTime:0.001043s ]

[ 2018-07-22T21:33:34+08:00 ] 127.0.0.1 /index.php/Home/Member/ajaxChkLogin.html
INFO: [ app_init ] --START--
INFO: Run Behavior\BuildLiteBehavior [ RunTime:0.000012s ]
INFO: [ app_init ] --END-- [ RunTime:0.000956s ]
INFO: [ app_begin ] --START--
INFO: Run Behavior\ReadHtmlCacheBehavior [ RunTime:0.000684s ]
INFO: [ app_begin ] --END-- [ RunTime:0.000725s ]
INFO: [ app_end ] --START--
INFO: Run Behavior\ShowPageTraceBehavior [ RunTime:0.000849s ]
INFO: [ app_end ] --END-- [ RunTime:0.000906s ]

[ 2018-07-22T21:33:37+08:00 ] 127.0.0.1 /index.php/Home/Center/orderLst.html
INFO: [ app_init ] --START--
INFO: Run Behavior\BuildLiteBehavior [ RunTime:0.000008s ]
INFO: [ app_init ] --END-- [ RunTime:0.000329s ]
INFO: [ app_begin ] --START--
INFO: Run Behavior\ReadHtmlCacheBehavior [ RunTime:0.000487s ]
INFO: [ app_begin ] --END-- [ RunTime:0.000516s ]
SQL: SHOW COLUMNS FROM `php2018_order` [ RunTime:0.050333s ]
SQL: SELECT * FROM `php2018_order` WHERE ( member_id=58 )  [ RunTime:0.369461s ]
SQL: SELECT COUNT(*) AS tp_count FROM `php2018_order` WHERE ( `member_id` = 58 ) AND ( `pay_status` = 0 ) LIMIT 1   [ RunTime:0.538404s ]
INFO: [ view_parse ] --START--
INFO: [ template_filter ] --START--
INFO: Run Behavior\ContentReplaceBehavior [ RunTime:0.000186s ]
INFO: [ template_filter ] --END-- [ RunTime:0.000255s ]
SQL: SHOW COLUMNS FROM `php2018_goodscategory` [ RunTime:0.012200s ]
SQL: SELECT * FROM `php2018_goodscategory`  [ RunTime:0.016200s ]
NOTIC: [8] Undefined index: children D:\server\Web\myshop\Application\Runtime\Cache\Home\7a8fedb2190229557f8b72bce694d0cd.php 第 182 行.
NOTIC: [2] Invalid argument supplied for foreach() D:\server\Web\myshop\Application\Runtime\Cache\Home\7a8fedb2190229557f8b72bce694d0cd.php 第 182 行.
NOTIC: [8] Undefined index: children D:\server\Web\myshop\Application\Runtime\Cache\Home\7a8fedb2190229557f8b72bce694d0cd.php 第 177 行.
NOTIC: [2] Invalid argument supplied for foreach() D:\server\Web\myshop\Application\Runtime\Cache\Home\7a8fedb2190229557f8b72bce694d0cd.php 第 177 行.
NOTIC: [8] Undefined index: children D:\server\Web\myshop\Application\Runtime\Cache\Home\7a8fedb2190229557f8b72bce694d0cd.php 第 182 行.
NOTIC: [2] Invalid argument supplied for foreach() D:\server\Web\myshop\Application\Runtime\Cache\Home\7a8fedb2190229557f8b72bce694d0cd.php 第 182 行.
NOTIC: [8] Undefined index: children D:\server\Web\myshop\Application\Runtime\Cache\Home\7a8fedb2190229557f8b72bce694d0cd.php 第 182 行.
NOTIC: [2] Invalid argument supplied for foreach() D:\server\Web\myshop\Application\Runtime\Cache\Home\7a8fedb2190229557f8b72bce694d0cd.php 第 182 行.
NOTIC: [8] Undefined index: children D:\server\Web\myshop\Application\Runtime\Cache\Home\7a8fedb2190229557f8b72bce694d0cd.php 第 182 行.
NOTIC: [2] Invalid argument supplied for foreach() D:\server\Web\myshop\Application\Runtime\Cache\Home\7a8fedb2190229557f8b72bce694d0cd.php 第 182 行.
NOTIC: [8] Undefined index: children D:\server\Web\myshop\Application\Runtime\Cache\Home\7a8fedb2190229557f8b72bce694d0cd.php 第 182 行.
NOTIC: [2] Invalid argument supplied for foreach() D:\server\Web\myshop\Application\Runtime\Cache\Home\7a8fedb2190229557f8b72bce694d0cd.php 第 182 行.
NOTIC: [8] Undefined index: children D:\server\Web\myshop\Application\Runtime\Cache\Home\7a8fedb2190229557f8b72bce694d0cd.php 第 182 行.
NOTIC: [2] Invalid argument supplied for foreach() D:\server\Web\myshop\Application\Runtime\Cache\Home\7a8fedb2190229557f8b72bce694d0cd.php 第 182 行.
NOTIC: [8] Undefined index: children D:\server\Web\myshop\Application\Runtime\Cache\Home\7a8fedb2190229557f8b72bce694d0cd.php 第 182 行.
NOTIC: [2] Invalid argument supplied for foreach() D:\server\Web\myshop\Application\Runtime\Cache\Home\7a8fedb2190229557f8b72bce694d0cd.php 第 182 行.
NOTIC: [8] Undefined index: children D:\server\Web\myshop\Application\Runtime\Cache\Home\7a8fedb2190229557f8b72bce694d0cd.php 第 182 行.
NOTIC: [2] Invalid argument supplied for foreach() D:\server\Web\myshop\Application\Runtime\Cache\Home\7a8fedb2190229557f8b72bce694d0cd.php 第 182 行.
NOTIC: [8] Undefined index: children D:\server\Web\myshop\Application\Runtime\Cache\Home\7a8fedb2190229557f8b72bce694d0cd.php 第 182 行.
NOTIC: [2] Invalid argument supplied for foreach() D:\server\Web\myshop\Application\Runtime\Cache\Home\7a8fedb2190229557f8b72bce694d0cd.php 第 182 行.
NOTIC: [8] Undefined index: children D:\server\Web\myshop\Application\Runtime\Cache\Home\7a8fedb2190229557f8b72bce694d0cd.php 第 182 行.
NOTIC: [2] Invalid argument supplied for foreach() D:\server\Web\myshop\Application\Runtime\Cache\Home\7a8fedb2190229557f8b72bce694d0cd.php 第 182 行.
NOTIC: [8] Undefined index: children D:\server\Web\myshop\Application\Runtime\Cache\Home\7a8fedb2190229557f8b72bce694d0cd.php 第 182 行.
NOTIC: [2] Invalid argument supplied for foreach() D:\server\Web\myshop\Application\Runtime\Cache\Home\7a8fedb2190229557f8b72bce694d0cd.php 第 182 行.
NOTIC: [8] Undefined index: children D:\server\Web\myshop\Application\Runtime\Cache\Home\7a8fedb2190229557f8b72bce694d0cd.php 第 182 行.
NOTIC: [2] Invalid argument supplied for foreach() D:\server\Web\myshop\Application\Runtime\Cache\Home\7a8fedb2190229557f8b72bce694d0cd.php 第 182 行.
NOTIC: [8] Undefined index: children D:\server\Web\myshop\Application\Runtime\Cache\Home\7a8fedb2190229557f8b72bce694d0cd.php 第 182 行.
NOTIC: [2] Invalid argument supplied for foreach() D:\server\Web\myshop\Application\Runtime\Cache\Home\7a8fedb2190229557f8b72bce694d0cd.php 第 182 行.
NOTIC: [8] Undefined index: children D:\server\Web\myshop\Application\Runtime\Cache\Home\7a8fedb2190229557f8b72bce694d0cd.php 第 182 行.
NOTIC: [2] Invalid argument supplied for foreach() D:\server\Web\myshop\Application\Runtime\Cache\Home\7a8fedb2190229557f8b72bce694d0cd.php 第 182 行.
INFO: Run Behavior\ParseTemplateBehavior [ RunTime:0.099139s ]
INFO: [ view_parse ] --END-- [ RunTime:0.099230s ]
INFO: [ view_filter ] --START--
INFO: Run Behavior\WriteHtmlCacheBehavior [ RunTime:0.000869s ]
INFO: [ view_filter ] --END-- [ RunTime:0.000953s ]
INFO: [ app_end ] --START--
INFO: Run Behavior\ShowPageTraceBehavior [ RunTime:0.001829s ]
INFO: [ app_end ] --END-- [ RunTime:0.001933s ]

[ 2018-07-22T21:33:37+08:00 ] 127.0.0.1 /index.php/Home/Goods/ajaxgetRecentlygoods.html
INFO: [ app_init ] --START--
INFO: Run Behavior\BuildLiteBehavior [ RunTime:0.000007s ]
INFO: [ app_init ] --END-- [ RunTime:0.000334s ]
INFO: [ app_begin ] --START--
INFO: Run Behavior\ReadHtmlCacheBehavior [ RunTime:0.000501s ]
INFO: [ app_begin ] --END-- [ RunTime:0.000523s ]
INFO: [ app_end ] --START--
INFO: Run Behavior\ShowPageTraceBehavior [ RunTime:0.000721s ]
INFO: [ app_end ] --END-- [ RunTime:0.000767s ]

[ 2018-07-22T21:33:38+08:00 ] 127.0.0.1 /index.php/Home/Member/ajaxChkLogin.html
INFO: [ app_init ] --START--
INFO: Run Behavior\BuildLiteBehavior [ RunTime:0.000013s ]
INFO: [ app_init ] --END-- [ RunTime:0.000683s ]
INFO: [ app_begin ] --START--
INFO: Run Behavior\ReadHtmlCacheBehavior [ RunTime:0.001262s ]
INFO: [ app_begin ] --END-- [ RunTime:0.001316s ]
INFO: [ app_end ] --START--
INFO: Run Behavior\ShowPageTraceBehavior [ RunTime:0.000929s ]
INFO: [ app_end ] --END-- [ RunTime:0.000971s ]

[ 2018-07-22T21:33:47+08:00 ] 127.0.0.1 /index.php/Home/Center/express/orderid/38.html
INFO: [ app_init ] --START--
INFO: Run Behavior\BuildLiteBehavior [ RunTime:0.000010s ]
INFO: [ app_init ] --END-- [ RunTime:0.000400s ]
INFO: [ app_begin ] --START--
INFO: Run Behavior\ReadHtmlCacheBehavior [ RunTime:0.000536s ]
INFO: [ app_begin ] --END-- [ RunTime:0.000567s ]
SQL: SHOW COLUMNS FROM `php2018_order` [ RunTime:0.168824s ]
SQL: SELECT `com`,`no` FROM `php2018_order` WHERE ( `id` = 38 ) LIMIT 1   [ RunTime:0.000688s ]
INFO: [ view_parse ] --START--
INFO: [ template_filter ] --START--
INFO: Run Behavior\ContentReplaceBehavior [ RunTime:0.000172s ]
INFO: [ template_filter ] --END-- [ RunTime:0.000237s ]
NOTIC: [8] Undefined variable: page_title D:\server\Web\myshop\Application\Runtime\Cache\Home\8cd8b144421a850f38ac7c5e7dad65b3.php 第 5 行.
NOTIC: [8] Undefined variable: page_keywords D:\server\Web\myshop\Application\Runtime\Cache\Home\8cd8b144421a850f38ac7c5e7dad65b3.php 第 6 行.
NOTIC: [8] Undefined variable: page_description D:\server\Web\myshop\Application\Runtime\Cache\Home\8cd8b144421a850f38ac7c5e7dad65b3.php 第 7 行.
NOTIC: [8] Undefined variable: page_css D:\server\Web\myshop\Application\Runtime\Cache\Home\8cd8b144421a850f38ac7c5e7dad65b3.php 第 13 行.
NOTIC: [2] Invalid argument supplied for foreach() D:\server\Web\myshop\Application\Runtime\Cache\Home\8cd8b144421a850f38ac7c5e7dad65b3.php 第 13 行.
NOTIC: [8] Undefined variable: page_js D:\server\Web\myshop\Application\Runtime\Cache\Home\8cd8b144421a850f38ac7c5e7dad65b3.php 第 26 行.
NOTIC: [2] Invalid argument supplied for foreach() D:\server\Web\myshop\Application\Runtime\Cache\Home\8cd8b144421a850f38ac7c5e7dad65b3.php 第 26 行.
SQL: SHOW COLUMNS FROM `php2018_goodscategory` [ RunTime:0.001445s ]
SQL: SELECT * FROM `php2018_goodscategory`  [ RunTime:0.000591s ]
NOTIC: [8] Undefined variable: show_nav D:\server\Web\myshop\Application\Runtime\Cache\Home\8cd8b144421a850f38ac7c5e7dad65b3.php 第 164 行.
NOTIC: [8] Undefined variable: show_nav D:\server\Web\myshop\Application\Runtime\Cache\Home\8cd8b144421a850f38ac7c5e7dad65b3.php 第 165 行.
NOTIC: [8] Undefined variable: show_nav D:\server\Web\myshop\Application\Runtime\Cache\Home\8cd8b144421a850f38ac7c5e7dad65b3.php 第 170 行.
NOTIC: [8] Undefined index: children D:\server\Web\myshop\Application\Runtime\Cache\Home\8cd8b144421a850f38ac7c5e7dad65b3.php 第 182 行.
NOTIC: [2] Invalid argument supplied for foreach() D:\server\Web\myshop\Application\Runtime\Cache\Home\8cd8b144421a850f38ac7c5e7dad65b3.php 第 182 行.
NOTIC: [8] Undefined index: children D:\server\Web\myshop\Application\Runtime\Cache\Home\8cd8b144421a850f38ac7c5e7dad65b3.php 第 177 行.
NOTIC: [2] Invalid argument supplied for foreach() D:\server\Web\myshop\Application\Runtime\Cache\Home\8cd8b144421a850f38ac7c5e7dad65b3.php 第 177 行.
NOTIC: [8] Undefined index: children D:\server\Web\myshop\Application\Runtime\Cache\Home\8cd8b144421a850f38ac7c5e7dad65b3.php 第 182 行.
NOTIC: [2] Invalid argument supplied for foreach() D:\server\Web\myshop\Application\Runtime\Cache\Home\8cd8b144421a850f38ac7c5e7dad65b3.php 第 182 行.
NOTIC: [8] Undefined index: children D:\server\Web\myshop\Application\Runtime\Cache\Home\8cd8b144421a850f38ac7c5e7dad65b3.php 第 182 行.
NOTIC: [2] Invalid argument supplied for foreach() D:\server\Web\myshop\Application\Runtime\Cache\Home\8cd8b144421a850f38ac7c5e7dad65b3.php 第 182 行.
NOTIC: [8] Undefined index: children D:\server\Web\myshop\Application\Runtime\Cache\Home\8cd8b144421a850f38ac7c5e7dad65b3.php 第 182 行.
NOTIC: [2] Invalid argument supplied for foreach() D:\server\Web\myshop\Application\Runtime\Cache\Home\8cd8b144421a850f38ac7c5e7dad65b3.php 第 182 行.
NOTIC: [8] Undefined index: children D:\server\Web\myshop\Application\Runtime\Cache\Home\8cd8b144421a850f38ac7c5e7dad65b3.php 第 182 行.
NOTIC: [2] Invalid argument supplied for foreach() D:\server\Web\myshop\Application\Runtime\Cache\Home\8cd8b144421a850f38ac7c5e7dad65b3.php 第 182 行.
NOTIC: [8] Undefined index: children D:\server\Web\myshop\Application\Runtime\Cache\Home\8cd8b144421a850f38ac7c5e7dad65b3.php 第 182 行.
NOTIC: [2] Invalid argument supplied for foreach() D:\server\Web\myshop\Application\Runtime\Cache\Home\8cd8b144421a850f38ac7c5e7dad65b3.php 第 182 行.
NOTIC: [8] Undefined index: children D:\server\Web\myshop\Application\Runtime\Cache\Home\8cd8b144421a850f38ac7c5e7dad65b3.php 第 182 行.
NOTIC: [2] Invalid argument supplied for foreach() D:\server\Web\myshop\Application\Runtime\Cache\Home\8cd8b144421a850f38ac7c5e7dad65b3.php 第 182 行.
NOTIC: [8] Undefined index: children D:\server\Web\myshop\Application\Runtime\Cache\Home\8cd8b144421a850f38ac7c5e7dad65b3.php 第 182 行.
NOTIC: [2] Invalid argument supplied for foreach() D:\server\Web\myshop\Application\Runtime\Cache\Home\8cd8b144421a850f38ac7c5e7dad65b3.php 第 182 行.
NOTIC: [8] Undefined index: children D:\server\Web\myshop\Application\Runtime\Cache\Home\8cd8b144421a850f38ac7c5e7dad65b3.php 第 182 行.
NOTIC: [2] Invalid argument supplied for foreach() D:\server\Web\myshop\Application\Runtime\Cache\Home\8cd8b144421a850f38ac7c5e7dad65b3.php 第 182 行.
NOTIC: [8] Undefined index: children D:\server\Web\myshop\Application\Runtime\Cache\Home\8cd8b144421a850f38ac7c5e7dad65b3.php 第 182 行.
NOTIC: [2] Invalid argument supplied for foreach() D:\server\Web\myshop\Application\Runtime\Cache\Home\8cd8b144421a850f38ac7c5e7dad65b3.php 第 182 行.
NOTIC: [8] Undefined index: children D:\server\Web\myshop\Application\Runtime\Cache\Home\8cd8b144421a850f38ac7c5e7dad65b3.php 第 182 行.
NOTIC: [2] Invalid argument supplied for foreach() D:\server\Web\myshop\Application\Runtime\Cache\Home\8cd8b144421a850f38ac7c5e7dad65b3.php 第 182 行.
NOTIC: [8] Undefined index: children D:\server\Web\myshop\Application\Runtime\Cache\Home\8cd8b144421a850f38ac7c5e7dad65b3.php 第 182 行.
NOTIC: [2] Invalid argument supplied for foreach() D:\server\Web\myshop\Application\Runtime\Cache\Home\8cd8b144421a850f38ac7c5e7dad65b3.php 第 182 行.
NOTIC: [8] Undefined index: children D:\server\Web\myshop\Application\Runtime\Cache\Home\8cd8b144421a850f38ac7c5e7dad65b3.php 第 182 行.
NOTIC: [2] Invalid argument supplied for foreach() D:\server\Web\myshop\Application\Runtime\Cache\Home\8cd8b144421a850f38ac7c5e7dad65b3.php 第 182 行.
NOTIC: [8] Undefined index: children D:\server\Web\myshop\Application\Runtime\Cache\Home\8cd8b144421a850f38ac7c5e7dad65b3.php 第 182 行.
NOTIC: [2] Invalid argument supplied for foreach() D:\server\Web\myshop\Application\Runtime\Cache\Home\8cd8b144421a850f38ac7c5e7dad65b3.php 第 182 行.
NOTIC: [8] Undefined variable: daiFuKuan D:\server\Web\myshop\Application\Runtime\Cache\Home\8cd8b144421a850f38ac7c5e7dad65b3.php 第 281 行.
INFO: Run Behavior\ParseTemplateBehavior [ RunTime:0.070405s ]
INFO: [ view_parse ] --END-- [ RunTime:0.070469s ]
INFO: [ view_filter ] --START--
INFO: Run Behavior\WriteHtmlCacheBehavior [ RunTime:0.000817s ]
INFO: [ view_filter ] --END-- [ RunTime:0.000865s ]
INFO: [ app_end ] --START--
INFO: Run Behavior\ShowPageTraceBehavior [ RunTime:0.001829s ]
INFO: [ app_end ] --END-- [ RunTime:0.001940s ]

[ 2018-07-22T21:33:47+08:00 ] 127.0.0.1 /index.php/Home/Goods/ajaxgetRecentlygoods.html
INFO: [ app_init ] --START--
INFO: Run Behavior\BuildLiteBehavior [ RunTime:0.000010s ]
INFO: [ app_init ] --END-- [ RunTime:0.000397s ]
INFO: [ app_begin ] --START--
INFO: Run Behavior\ReadHtmlCacheBehavior [ RunTime:0.000534s ]
INFO: [ app_begin ] --END-- [ RunTime:0.000565s ]
INFO: [ app_end ] --START--
INFO: Run Behavior\ShowPageTraceBehavior [ RunTime:0.000512s ]
INFO: [ app_end ] --END-- [ RunTime:0.000551s ]

[ 2018-07-22T21:33:47+08:00 ] 127.0.0.1 /index.php/Home/Member/ajaxChkLogin.html
INFO: [ app_init ] --START--
INFO: Run Behavior\BuildLiteBehavior [ RunTime:0.000013s ]
INFO: [ app_init ] --END-- [ RunTime:0.000513s ]
INFO: [ app_begin ] --START--
INFO: Run Behavior\ReadHtmlCacheBehavior [ RunTime:0.000857s ]
INFO: [ app_begin ] --END-- [ RunTime:0.000909s ]
INFO: [ app_end ] --START--
INFO: Run Behavior\ShowPageTraceBehavior [ RunTime:0.000996s ]
INFO: [ app_end ] --END-- [ RunTime:0.001050s ]

[ 2018-07-22T21:33:51+08:00 ] 127.0.0.1 /index.php/Home/Goods/ajaxgetRecentlygoods.html
INFO: [ app_init ] --START--
INFO: Run Behavior\BuildLiteBehavior [ RunTime:0.000013s ]
INFO: [ app_init ] --END-- [ RunTime:0.000510s ]
INFO: [ app_begin ] --START--
INFO: Run Behavior\ReadHtmlCacheBehavior [ RunTime:0.000728s ]
INFO: [ app_begin ] --END-- [ RunTime:0.000777s ]
INFO: [ app_end ] --START--
INFO: Run Behavior\ShowPageTraceBehavior [ RunTime:0.000653s ]
INFO: [ app_end ] --END-- [ RunTime:0.000704s ]

[ 2018-07-22T21:33:51+08:00 ] 127.0.0.1 /index.php/Home/Member/ajaxChkLogin.html
INFO: [ app_init ] --START--
INFO: Run Behavior\BuildLiteBehavior [ RunTime:0.000012s ]
INFO: [ app_init ] --END-- [ RunTime:0.000493s ]
INFO: [ app_begin ] --START--
INFO: Run Behavior\ReadHtmlCacheBehavior [ RunTime:0.000722s ]
INFO: [ app_begin ] --END-- [ RunTime:0.000804s ]
INFO: [ app_end ] --START--
INFO: Run Behavior\ShowPageTraceBehavior [ RunTime:0.000775s ]
INFO: [ app_end ] --END-- [ RunTime:0.000823s ]

[ 2018-07-22T21:33:57+08:00 ] 127.0.0.1 /index.php/admin
INFO: [ app_init ] --START--
INFO: Run Behavior\BuildLiteBehavior [ RunTime:0.000008s ]
INFO: [ app_init ] --END-- [ RunTime:0.000491s ]
INFO: [ app_begin ] --START--
INFO: Run Behavior\ReadHtmlCacheBehavior [ RunTime:0.000551s ]
INFO: [ app_begin ] --END-- [ RunTime:0.000588s ]

[ 2018-07-22T21:33:57+08:00 ] 127.0.0.1 /index.php/Admin/Login/login.html
INFO: [ app_init ] --START--
INFO: Run Behavior\BuildLiteBehavior [ RunTime:0.000007s ]
INFO: [ app_init ] --END-- [ RunTime:0.000268s ]
INFO: [ app_begin ] --START--
INFO: Run Behavior\ReadHtmlCacheBehavior [ RunTime:0.000377s ]
INFO: [ app_begin ] --END-- [ RunTime:0.000399s ]
INFO: [ view_parse ] --START--
INFO: [ template_filter ] --START--
INFO: Run Behavior\ContentReplaceBehavior [ RunTime:0.000104s ]
INFO: [ template_filter ] --END-- [ RunTime:0.000168s ]
INFO: Run Behavior\ParseTemplateBehavior [ RunTime:0.065592s ]
INFO: [ view_parse ] --END-- [ RunTime:0.065660s ]
INFO: [ view_filter ] --START--
INFO: Run Behavior\WriteHtmlCacheBehavior [ RunTime:0.000410s ]
INFO: [ view_filter ] --END-- [ RunTime:0.000456s ]
INFO: [ app_end ] --START--
INFO: Run Behavior\ShowPageTraceBehavior [ RunTime:0.000944s ]
INFO: [ app_end ] --END-- [ RunTime:0.000997s ]

[ 2018-07-22T21:33:57+08:00 ] 127.0.0.1 /index.php/admin
INFO: [ app_init ] --START--
INFO: Run Behavior\BuildLiteBehavior [ RunTime:0.000008s ]
INFO: [ app_init ] --END-- [ RunTime:0.000336s ]
INFO: [ app_begin ] --START--
INFO: Run Behavior\ReadHtmlCacheBehavior [ RunTime:0.000505s ]
INFO: [ app_begin ] --END-- [ RunTime:0.000541s ]

[ 2018-07-22T21:34:00+08:00 ] 127.0.0.1 /index.php/Admin/Login/getverify/t/1532266438973
INFO: [ app_init ] --START--
INFO: Run Behavior\BuildLiteBehavior [ RunTime:0.000016s ]
INFO: [ app_init ] --END-- [ RunTime:0.000702s ]
INFO: [ app_begin ] --START--
INFO: Run Behavior\ReadHtmlCacheBehavior [ RunTime:0.000752s ]
INFO: [ app_begin ] --END-- [ RunTime:0.000803s ]
INFO: [ app_end ] --START--
INFO: Run Behavior\ShowPageTraceBehavior [ RunTime:0.001467s ]
INFO: [ app_end ] --END-- [ RunTime:0.001554s ]

[ 2018-07-22T21:34:03+08:00 ] 127.0.0.1 /index.php/Admin/Login/login.html
INFO: [ app_init ] --START--
INFO: Run Behavior\BuildLiteBehavior [ RunTime:0.000008s ]
INFO: [ app_init ] --END-- [ RunTime:0.000349s ]
INFO: [ app_begin ] --START--
INFO: Run Behavior\ReadHtmlCacheBehavior [ RunTime:0.000474s ]
INFO: [ app_begin ] --END-- [ RunTime:0.000501s ]
SQL: SHOW COLUMNS FROM `php2018_admin` [ RunTime:0.001223s ]
SQL: SELECT * FROM `php2018_admin` WHERE ( `username` = 'root' ) LIMIT 1   [ RunTime:0.000521s ]

[ 2018-07-22T21:34:04+08:00 ] 127.0.0.1 /index.php/Admin/Index/index.html
INFO: [ app_init ] --START--
INFO: Run Behavior\BuildLiteBehavior [ RunTime:0.000010s ]
INFO: [ app_init ] --END-- [ RunTime:0.000335s ]
INFO: [ app_begin ] --START--
INFO: Run Behavior\ReadHtmlCacheBehavior [ RunTime:0.000482s ]
INFO: [ app_begin ] --END-- [ RunTime:0.000510s ]
INFO: [ view_parse ] --START--
INFO: [ template_filter ] --START--
INFO: Run Behavior\ContentReplaceBehavior [ RunTime:0.000054s ]
INFO: [ template_filter ] --END-- [ RunTime:0.000126s ]
INFO: Run Behavior\ParseTemplateBehavior [ RunTime:0.068956s ]
INFO: [ view_parse ] --END-- [ RunTime:0.069009s ]
INFO: [ view_filter ] --START--
INFO: Run Behavior\WriteHtmlCacheBehavior [ RunTime:0.000872s ]
INFO: [ view_filter ] --END-- [ RunTime:0.000940s ]
INFO: [ app_end ] --START--
INFO: Run Behavior\ShowPageTraceBehavior [ RunTime:0.001128s ]
INFO: [ app_end ] --END-- [ RunTime:0.001183s ]

[ 2018-07-22T21:34:04+08:00 ] 127.0.0.1 /index.php/Admin/Index/top
INFO: [ app_init ] --START--
INFO: Run Behavior\BuildLiteBehavior [ RunTime:0.000015s ]
INFO: [ app_init ] --END-- [ RunTime:0.000708s ]
INFO: [ app_begin ] --START--
INFO: Run Behavior\ReadHtmlCacheBehavior [ RunTime:0.001007s ]
INFO: [ app_begin ] --END-- [ RunTime:0.001078s ]
INFO: [ view_parse ] --START--
INFO: [ template_filter ] --START--
INFO: Run Behavior\ContentReplaceBehavior [ RunTime:0.000044s ]
INFO: [ template_filter ] --END-- [ RunTime:0.000081s ]
INFO: Run Behavior\ParseTemplateBehavior [ RunTime:0.032539s ]
INFO: [ view_parse ] --END-- [ RunTime:0.032569s ]
INFO: [ view_filter ] --START--
INFO: Run Behavior\WriteHtmlCacheBehavior [ RunTime:0.000215s ]
INFO: [ view_filter ] --END-- [ RunTime:0.000236s ]
INFO: [ app_end ] --START--
INFO: Run Behavior\ShowPageTraceBehavior [ RunTime:0.000495s ]
INFO: [ app_end ] --END-- [ RunTime:0.000516s ]

[ 2018-07-22T21:34:04+08:00 ] 127.0.0.1 /index.php/Admin/Index/menu
INFO: [ app_init ] --START--
INFO: Run Behavior\BuildLiteBehavior [ RunTime:0.000008s ]
INFO: [ app_init ] --END-- [ RunTime:0.000329s ]
INFO: [ app_begin ] --START--
INFO: Run Behavior\ReadHtmlCacheBehavior [ RunTime:0.000640s ]
INFO: [ app_begin ] --END-- [ RunTime:0.000686s ]
SQL: SHOW COLUMNS FROM `php2018_privilege` [ RunTime:0.028220s ]
SQL: SELECT * FROM `php2018_privilege`  [ RunTime:0.023044s ]
INFO: [ view_parse ] --START--
INFO: [ template_filter ] --START--
INFO: Run Behavior\ContentReplaceBehavior [ RunTime:0.000180s ]
INFO: [ template_filter ] --END-- [ RunTime:0.000293s ]
INFO: Run Behavior\ParseTemplateBehavior [ RunTime:0.073321s ]
INFO: [ view_parse ] --END-- [ RunTime:0.073410s ]
INFO: [ view_filter ] --START--
INFO: Run Behavior\WriteHtmlCacheBehavior [ RunTime:0.000918s ]
INFO: [ view_filter ] --END-- [ RunTime:0.000979s ]
INFO: [ app_end ] --START--
INFO: Run Behavior\ShowPageTraceBehavior [ RunTime:0.001738s ]
INFO: [ app_end ] --END-- [ RunTime:0.001841s ]

[ 2018-07-22T21:34:05+08:00 ] 127.0.0.1 /index.php/Admin/Index/main
INFO: [ app_init ] --START--
INFO: Run Behavior\BuildLiteBehavior [ RunTime:0.000015s ]
INFO: [ app_init ] --END-- [ RunTime:0.000820s ]
INFO: [ app_begin ] --START--
INFO: Run Behavior\ReadHtmlCacheBehavior [ RunTime:0.002847s ]
INFO: [ app_begin ] --END-- [ RunTime:0.002963s ]
INFO: [ view_parse ] --START--
NOTIC: [2] file_get_contents(./Application/Admin/View/Index/footer.html): failed to open stream: No such file or directory D:\server\Web\myshop\ThinkPHP\Library\Think\Template.class.php 第 696 行.
INFO: [ template_filter ] --START--
INFO: Run Behavior\ContentReplaceBehavior [ RunTime:0.000048s ]
INFO: [ template_filter ] --END-- [ RunTime:0.000101s ]
INFO: Run Behavior\ParseTemplateBehavior [ RunTime:0.157767s ]
INFO: [ view_parse ] --END-- [ RunTime:0.157846s ]
INFO: [ view_filter ] --START--
INFO: Run Behavior\WriteHtmlCacheBehavior [ RunTime:0.000440s ]
INFO: [ view_filter ] --END-- [ RunTime:0.000469s ]
INFO: [ app_end ] --START--
INFO: Run Behavior\ShowPageTraceBehavior [ RunTime:0.014988s ]
INFO: [ app_end ] --END-- [ RunTime:0.015038s ]

[ 2018-07-22T21:34:08+08:00 ] 127.0.0.1 /index.php/Admin/Order/index.html
INFO: [ app_init ] --START--
INFO: Run Behavior\BuildLiteBehavior [ RunTime:0.000014s ]
INFO: [ app_init ] --END-- [ RunTime:0.000699s ]
INFO: [ app_begin ] --START--
INFO: Run Behavior\ReadHtmlCacheBehavior [ RunTime:0.001071s ]
INFO: [ app_begin ] --END-- [ RunTime:0.001129s ]
SQL: select count(*) has from php2018_privilege where module_name="Admin" and controller_name="Order" and action_name="index" [ RunTime:0.000667s ]
SQL: SELECT a.*,b.goods_id,goods_number,goods_price,c.email,GROUP_CONCAT(d.goods_name) goods_name,
                GROUP_CONCAT(b.goods_attr_str) sttr,GROUP_CONCAT(logo) logo,GROUP_CONCAT(goods_number) number  
                from php2018_order as a LEFT JOIN php2018_order_goods as b on a.id=b.order_id LEFT JOIN php2018_member as c on a.member_id=c.id 
                LEFT JOIN php2018_goods as d on b.goods_id=d.goods_id GROUP BY a.id [ RunTime:0.169981s ]
INFO: [ view_parse ] --START--
INFO: [ template_filter ] --START--
INFO: Run Behavior\ContentReplaceBehavior [ RunTime:0.000085s ]
INFO: [ template_filter ] --END-- [ RunTime:0.000153s ]
INFO: Run Behavior\ParseTemplateBehavior [ RunTime:0.073130s ]
INFO: [ view_parse ] --END-- [ RunTime:0.073199s ]
INFO: [ view_filter ] --START--
INFO: Run Behavior\WriteHtmlCacheBehavior [ RunTime:0.000488s ]
INFO: [ view_filter ] --END-- [ RunTime:0.000538s ]
INFO: [ app_end ] --START--
INFO: Run Behavior\ShowPageTraceBehavior [ RunTime:0.001612s ]
INFO: [ app_end ] --END-- [ RunTime:0.001702s ]

[ 2018-07-22T21:34:10+08:00 ] 127.0.0.1 /index.php/Admin/Order/delive/orderid/37.html
INFO: [ app_init ] --START--
INFO: Run Behavior\BuildLiteBehavior [ RunTime:0.000007s ]
INFO: [ app_init ] --END-- [ RunTime:0.000324s ]
INFO: [ app_begin ] --START--
INFO: Run Behavior\ReadHtmlCacheBehavior [ RunTime:0.000459s ]
INFO: [ app_begin ] --END-- [ RunTime:0.000487s ]
SQL: select count(*) has from php2018_privilege where module_name="Admin" and controller_name="Order" and action_name="delive" [ RunTime:0.000724s ]
SQL: SELECT a.*,b.goods_id,goods_number,goods_price,c.email,GROUP_CONCAT(d.goods_name) goods_name,
                GROUP_CONCAT(b.goods_attr_str) sttr,GROUP_CONCAT(logo) logo,GROUP_CONCAT(goods_number) number
                from php2018_order as a LEFT JOIN php2018_order_goods as b on a.id=b.order_id LEFT JOIN php2018_member as c on a.member_id=c.id
                LEFT JOIN php2018_goods as d on b.goods_id=d.goods_id where a.id=37 GROUP BY a.id [ RunTime:0.002978s ]
INFO: [ view_parse ] --START--
INFO: [ template_filter ] --START--
INFO: Run Behavior\ContentReplaceBehavior [ RunTime:0.000069s ]
INFO: [ template_filter ] --END-- [ RunTime:0.000101s ]
INFO: Run Behavior\ParseTemplateBehavior [ RunTime:0.017216s ]
INFO: [ view_parse ] --END-- [ RunTime:0.017248s ]
INFO: [ view_filter ] --START--
INFO: Run Behavior\WriteHtmlCacheBehavior [ RunTime:0.000235s ]
INFO: [ view_filter ] --END-- [ RunTime:0.000258s ]
INFO: [ app_end ] --START--
INFO: Run Behavior\ShowPageTraceBehavior [ RunTime:0.000579s ]
INFO: [ app_end ] --END-- [ RunTime:0.000610s ]

[ 2018-07-22T21:34:20+08:00 ] 127.0.0.1 /index.php/Admin/Index/index.html
INFO: [ app_init ] --START--
INFO: Run Behavior\BuildLiteBehavior [ RunTime:0.000010s ]
INFO: [ app_init ] --END-- [ RunTime:0.000430s ]
INFO: [ app_begin ] --START--
INFO: Run Behavior\ReadHtmlCacheBehavior [ RunTime:0.000632s ]
INFO: [ app_begin ] --END-- [ RunTime:0.000671s ]
INFO: [ view_parse ] --START--
INFO: [ template_filter ] --START--
INFO: Run Behavior\ContentReplaceBehavior [ RunTime:0.000019s ]
INFO: [ template_filter ] --END-- [ RunTime:0.000045s ]
INFO: Run Behavior\ParseTemplateBehavior [ RunTime:0.004706s ]
INFO: [ view_parse ] --END-- [ RunTime:0.004739s ]
INFO: [ view_filter ] --START--
INFO: Run Behavior\WriteHtmlCacheBehavior [ RunTime:0.000181s ]
INFO: [ view_filter ] --END-- [ RunTime:0.000202s ]
INFO: [ app_end ] --START--
INFO: Run Behavior\ShowPageTraceBehavior [ RunTime:0.000484s ]
INFO: [ app_end ] --END-- [ RunTime:0.000506s ]

[ 2018-07-22T21:34:20+08:00 ] 127.0.0.1 /index.php/Admin/Index/main
INFO: [ app_init ] --START--
INFO: Run Behavior\BuildLiteBehavior [ RunTime:0.000011s ]
INFO: [ app_init ] --END-- [ RunTime:0.000425s ]
INFO: [ app_begin ] --START--
INFO: Run Behavior\ReadHtmlCacheBehavior [ RunTime:0.000599s ]
INFO: [ app_begin ] --END-- [ RunTime:0.000665s ]
INFO: [ view_parse ] --START--
NOTIC: [2] file_get_contents(./Application/Admin/View/Index/footer.html): failed to open stream: No such file or directory D:\server\Web\myshop\ThinkPHP\Library\Think\Template.class.php 第 696 行.
INFO: [ template_filter ] --START--
INFO: Run Behavior\ContentReplaceBehavior [ RunTime:0.000034s ]
INFO: [ template_filter ] --END-- [ RunTime:0.000059s ]
INFO: Run Behavior\ParseTemplateBehavior [ RunTime:0.004971s ]
INFO: [ view_parse ] --END-- [ RunTime:0.005000s ]
INFO: [ view_filter ] --START--
INFO: Run Behavior\WriteHtmlCacheBehavior [ RunTime:0.000191s ]
INFO: [ view_filter ] --END-- [ RunTime:0.000212s ]
INFO: [ app_end ] --START--
INFO: Run Behavior\ShowPageTraceBehavior [ RunTime:0.000547s ]
INFO: [ app_end ] --END-- [ RunTime:0.000571s ]

[ 2018-07-22T21:34:20+08:00 ] 127.0.0.1 /index.php/Admin/Index/top
INFO: [ app_init ] --START--
INFO: Run Behavior\BuildLiteBehavior [ RunTime:0.000009s ]
INFO: [ app_init ] --END-- [ RunTime:0.000394s ]
INFO: [ app_begin ] --START--
INFO: Run Behavior\ReadHtmlCacheBehavior [ RunTime:0.000560s ]
INFO: [ app_begin ] --END-- [ RunTime:0.000595s ]
INFO: [ view_parse ] --START--
INFO: [ template_filter ] --START--
INFO: Run Behavior\ContentReplaceBehavior [ RunTime:0.000043s ]
INFO: [ template_filter ] --END-- [ RunTime:0.000085s ]
INFO: Run Behavior\ParseTemplateBehavior [ RunTime:0.007991s ]
INFO: [ view_parse ] --END-- [ RunTime:0.008047s ]
INFO: [ view_filter ] --START--
INFO: Run Behavior\WriteHtmlCacheBehavior [ RunTime:0.000359s ]
INFO: [ view_filter ] --END-- [ RunTime:0.000399s ]
INFO: [ app_end ] --START--
INFO: Run Behavior\ShowPageTraceBehavior [ RunTime:0.000779s ]
INFO: [ app_end ] --END-- [ RunTime:0.000816s ]

[ 2018-07-22T21:34:20+08:00 ] 127.0.0.1 /index.php/Admin/Index/menu
INFO: [ app_init ] --START--
INFO: Run Behavior\BuildLiteBehavior [ RunTime:0.000011s ]
INFO: [ app_init ] --END-- [ RunTime:0.000412s ]
INFO: [ app_begin ] --START--
INFO: Run Behavior\ReadHtmlCacheBehavior [ RunTime:0.006208s ]
INFO: [ app_begin ] --END-- [ RunTime:0.006246s ]
SQL: SHOW COLUMNS FROM `php2018_privilege` [ RunTime:0.018566s ]
SQL: SELECT * FROM `php2018_privilege`  [ RunTime:0.000409s ]
INFO: [ view_parse ] --START--
INFO: [ template_filter ] --START--
INFO: Run Behavior\ContentReplaceBehavior [ RunTime:0.000089s ]
INFO: [ template_filter ] --END-- [ RunTime:0.000135s ]
INFO: Run Behavior\ParseTemplateBehavior [ RunTime:0.006952s ]
INFO: [ view_parse ] --END-- [ RunTime:0.006999s ]
INFO: [ view_filter ] --START--
INFO: Run Behavior\WriteHtmlCacheBehavior [ RunTime:0.000346s ]
INFO: [ view_filter ] --END-- [ RunTime:0.000382s ]
INFO: [ app_end ] --START--
INFO: Run Behavior\ShowPageTraceBehavior [ RunTime:0.000810s ]
INFO: [ app_end ] --END-- [ RunTime:0.000859s ]

[ 2018-07-22T21:34:23+08:00 ] 127.0.0.1 /index.php/Admin/Order/index.html
INFO: [ app_init ] --START--
INFO: Run Behavior\BuildLiteBehavior [ RunTime:0.000008s ]
INFO: [ app_init ] --END-- [ RunTime:0.000327s ]
INFO: [ app_begin ] --START--
INFO: Run Behavior\ReadHtmlCacheBehavior [ RunTime:0.000457s ]
INFO: [ app_begin ] --END-- [ RunTime:0.000484s ]
SQL: select count(*) has from php2018_privilege where module_name="Admin" and controller_name="Order" and action_name="index" [ RunTime:0.150300s ]
SQL: SELECT a.*,b.goods_id,goods_number,goods_price,c.email,GROUP_CONCAT(d.goods_name) goods_name,
                GROUP_CONCAT(b.goods_attr_str) sttr,GROUP_CONCAT(logo) logo,GROUP_CONCAT(goods_number) number  
                from php2018_order as a LEFT JOIN php2018_order_goods as b on a.id=b.order_id LEFT JOIN php2018_member as c on a.member_id=c.id 
                LEFT JOIN php2018_goods as d on b.goods_id=d.goods_id GROUP BY a.id [ RunTime:0.014709s ]
INFO: [ view_parse ] --START--
INFO: [ template_filter ] --START--
INFO: Run Behavior\ContentReplaceBehavior [ RunTime:0.000083s ]
INFO: [ template_filter ] --END-- [ RunTime:0.000150s ]
INFO: Run Behavior\ParseTemplateBehavior [ RunTime:0.014111s ]
INFO: [ view_parse ] --END-- [ RunTime:0.014194s ]
INFO: [ view_filter ] --START--
INFO: Run Behavior\WriteHtmlCacheBehavior [ RunTime:0.000500s ]
INFO: [ view_filter ] --END-- [ RunTime:0.000552s ]
INFO: [ app_end ] --START--
INFO: Run Behavior\ShowPageTraceBehavior [ RunTime:0.002177s ]
INFO: [ app_end ] --END-- [ RunTime:0.002286s ]

[ 2018-07-22T21:34:24+08:00 ] 127.0.0.1 /index.php/Admin/Order/delive/orderid/38.html
INFO: [ app_init ] --START--
INFO: Run Behavior\BuildLiteBehavior [ RunTime:0.000009s ]
INFO: [ app_init ] --END-- [ RunTime:0.000331s ]
INFO: [ app_begin ] --START--
INFO: Run Behavior\ReadHtmlCacheBehavior [ RunTime:0.000473s ]
INFO: [ app_begin ] --END-- [ RunTime:0.000502s ]
SQL: select count(*) has from php2018_privilege where module_name="Admin" and controller_name="Order" and action_name="delive" [ RunTime:0.000486s ]
SQL: SELECT a.*,b.goods_id,goods_number,goods_price,c.email,GROUP_CONCAT(d.goods_name) goods_name,
                GROUP_CONCAT(b.goods_attr_str) sttr,GROUP_CONCAT(logo) logo,GROUP_CONCAT(goods_number) number
                from php2018_order as a LEFT JOIN php2018_order_goods as b on a.id=b.order_id LEFT JOIN php2018_member as c on a.member_id=c.id
                LEFT JOIN php2018_goods as d on b.goods_id=d.goods_id where a.id=38 GROUP BY a.id [ RunTime:0.001142s ]
INFO: [ view_parse ] --START--
INFO: [ template_filter ] --START--
INFO: Run Behavior\ContentReplaceBehavior [ RunTime:0.000057s ]
INFO: [ template_filter ] --END-- [ RunTime:0.000087s ]
INFO: Run Behavior\ParseTemplateBehavior [ RunTime:0.005977s ]
INFO: [ view_parse ] --END-- [ RunTime:0.006006s ]
INFO: [ view_filter ] --START--
INFO: Run Behavior\WriteHtmlCacheBehavior [ RunTime:0.000217s ]
INFO: [ view_filter ] --END-- [ RunTime:0.000248s ]
INFO: [ app_end ] --START--
INFO: Run Behavior\ShowPageTraceBehavior [ RunTime:0.000499s ]
INFO: [ app_end ] --END-- [ RunTime:0.000521s ]

[ 2018-07-22T21:34:29+08:00 ] 127.0.0.1 /index.php/Admin/Order/delive/orderid/38.html
INFO: [ app_init ] --START--
INFO: Run Behavior\BuildLiteBehavior [ RunTime:0.000015s ]
INFO: [ app_init ] --END-- [ RunTime:0.000722s ]
INFO: [ app_begin ] --START--
INFO: Run Behavior\ReadHtmlCacheBehavior [ RunTime:0.001000s ]
INFO: [ app_begin ] --END-- [ RunTime:0.001066s ]
SQL: select count(*) has from php2018_privilege where module_name="Admin" and controller_name="Order" and action_name="delive" [ RunTime:0.000745s ]
SQL: SHOW COLUMNS FROM `php2018_order` [ RunTime:0.000916s ]
SQL: SELECT `post_status` FROM `php2018_order` WHERE ( `id` = 38 ) LIMIT 1   [ RunTime:0.000253s ]
INFO: [ view_parse ] --START--
INFO: [ template_filter ] --START--
INFO: Run Behavior\ContentReplaceBehavior [ RunTime:0.000024s ]
INFO: [ template_filter ] --END-- [ RunTime:0.000057s ]
INFO: Run Behavior\ParseTemplateBehavior [ RunTime:0.018845s ]
INFO: [ view_parse ] --END-- [ RunTime:0.018873s ]
INFO: [ view_filter ] --START--
INFO: Run Behavior\WriteHtmlCacheBehavior [ RunTime:0.000196s ]
INFO: [ view_filter ] --END-- [ RunTime:0.000227s ]

[ 2018-07-22T21:34:32+08:00 ] 127.0.0.1 /index.php/Admin/Order/delive/orderid/38.html
INFO: [ app_init ] --START--
INFO: Run Behavior\BuildLiteBehavior [ RunTime:0.000010s ]
INFO: [ app_init ] --END-- [ RunTime:0.000414s ]
INFO: [ app_begin ] --START--
INFO: Run Behavior\ReadHtmlCacheBehavior [ RunTime:0.000590s ]
INFO: [ app_begin ] --END-- [ RunTime:0.000628s ]
SQL: select count(*) has from php2018_privilege where module_name="Admin" and controller_name="Order" and action_name="delive" [ RunTime:0.000472s ]
SQL: SELECT a.*,b.goods_id,goods_number,goods_price,c.email,GROUP_CONCAT(d.goods_name) goods_name,
                GROUP_CONCAT(b.goods_attr_str) sttr,GROUP_CONCAT(logo) logo,GROUP_CONCAT(goods_number) number
                from php2018_order as a LEFT JOIN php2018_order_goods as b on a.id=b.order_id LEFT JOIN php2018_member as c on a.member_id=c.id
                LEFT JOIN php2018_goods as d on b.goods_id=d.goods_id where a.id=38 GROUP BY a.id [ RunTime:0.002413s ]
INFO: [ view_parse ] --START--
INFO: [ template_filter ] --START--
INFO: Run Behavior\ContentReplaceBehavior [ RunTime:0.000079s ]
INFO: [ template_filter ] --END-- [ RunTime:0.000111s ]
INFO: Run Behavior\ParseTemplateBehavior [ RunTime:0.006018s ]
INFO: [ view_parse ] --END-- [ RunTime:0.006043s ]
INFO: [ view_filter ] --START--
INFO: Run Behavior\WriteHtmlCacheBehavior [ RunTime:0.000188s ]
INFO: [ view_filter ] --END-- [ RunTime:0.000208s ]
INFO: [ app_end ] --START--
INFO: Run Behavior\ShowPageTraceBehavior [ RunTime:0.000445s ]
INFO: [ app_end ] --END-- [ RunTime:0.000465s ]

[ 2018-07-22T21:36:24+08:00 ] 127.0.0.1 /index.php/Admin/Order/index.html
INFO: [ app_init ] --START--
INFO: Run Behavior\BuildLiteBehavior [ RunTime:0.000009s ]
INFO: [ app_init ] --END-- [ RunTime:0.000442s ]
INFO: [ app_begin ] --START--
INFO: Run Behavior\ReadHtmlCacheBehavior [ RunTime:0.001044s ]
INFO: [ app_begin ] --END-- [ RunTime:0.001108s ]
SQL: select count(*) has from php2018_privilege where module_name="Admin" and controller_name="Order" and action_name="index" [ RunTime:0.024798s ]
SQL: SELECT a.*,b.goods_id,goods_number,goods_price,c.email,GROUP_CONCAT(d.goods_name) goods_name,
                GROUP_CONCAT(b.goods_attr_str) sttr,GROUP_CONCAT(logo) logo,GROUP_CONCAT(goods_number) number  
                from php2018_order as a LEFT JOIN php2018_order_goods as b on a.id=b.order_id LEFT JOIN php2018_member as c on a.member_id=c.id 
                LEFT JOIN php2018_goods as d on b.goods_id=d.goods_id GROUP BY a.id [ RunTime:0.003364s ]
INFO: [ view_parse ] --START--
INFO: [ template_filter ] --START--
INFO: Run Behavior\ContentReplaceBehavior [ RunTime:0.000083s ]
INFO: [ template_filter ] --END-- [ RunTime:0.000150s ]
INFO: Run Behavior\ParseTemplateBehavior [ RunTime:0.018787s ]
INFO: [ view_parse ] --END-- [ RunTime:0.018862s ]
INFO: [ view_filter ] --START--
INFO: Run Behavior\WriteHtmlCacheBehavior [ RunTime:0.000512s ]
INFO: [ view_filter ] --END-- [ RunTime:0.000551s ]
INFO: [ app_end ] --START--
INFO: Run Behavior\ShowPageTraceBehavior [ RunTime:0.001370s ]
INFO: [ app_end ] --END-- [ RunTime:0.001425s ]

[ 2018-07-22T21:36:27+08:00 ] 127.0.0.1 /index.php/Admin/Order/delive/orderid/38.html
INFO: [ app_init ] --START--
INFO: Run Behavior\BuildLiteBehavior [ RunTime:0.000007s ]
INFO: [ app_init ] --END-- [ RunTime:0.000347s ]
INFO: [ app_begin ] --START--
INFO: Run Behavior\ReadHtmlCacheBehavior [ RunTime:0.000472s ]
INFO: [ app_begin ] --END-- [ RunTime:0.000500s ]
SQL: select count(*) has from php2018_privilege where module_name="Admin" and controller_name="Order" and action_name="delive" [ RunTime:0.000427s ]
SQL: SELECT a.*,b.goods_id,goods_number,goods_price,c.email,GROUP_CONCAT(d.goods_name) goods_name,
                GROUP_CONCAT(b.goods_attr_str) sttr,GROUP_CONCAT(logo) logo,GROUP_CONCAT(goods_number) number
                from php2018_order as a LEFT JOIN php2018_order_goods as b on a.id=b.order_id LEFT JOIN php2018_member as c on a.member_id=c.id
                LEFT JOIN php2018_goods as d on b.goods_id=d.goods_id where a.id=38 GROUP BY a.id [ RunTime:0.082634s ]
INFO: [ view_parse ] --START--
INFO: [ template_filter ] --START--
INFO: Run Behavior\ContentReplaceBehavior [ RunTime:0.000139s ]
INFO: [ template_filter ] --END-- [ RunTime:0.000199s ]
INFO: Run Behavior\ParseTemplateBehavior [ RunTime:0.013849s ]
INFO: [ view_parse ] --END-- [ RunTime:0.013914s ]
INFO: [ view_filter ] --START--
INFO: Run Behavior\WriteHtmlCacheBehavior [ RunTime:0.000476s ]
INFO: [ view_filter ] --END-- [ RunTime:0.000524s ]
INFO: [ app_end ] --START--
INFO: Run Behavior\ShowPageTraceBehavior [ RunTime:0.001093s ]
INFO: [ app_end ] --END-- [ RunTime:0.001149s ]

[ 2018-07-22T21:36:32+08:00 ] 127.0.0.1 /index.php/Admin/Order/delive/orderid/37.html
INFO: [ app_init ] --START--
INFO: Run Behavior\BuildLiteBehavior [ RunTime:0.000008s ]
INFO: [ app_init ] --END-- [ RunTime:0.000339s ]
INFO: [ app_begin ] --START--
INFO: Run Behavior\ReadHtmlCacheBehavior [ RunTime:0.000469s ]
INFO: [ app_begin ] --END-- [ RunTime:0.000498s ]
SQL: select count(*) has from php2018_privilege where module_name="Admin" and controller_name="Order" and action_name="delive" [ RunTime:0.000681s ]
SQL: SELECT a.*,b.goods_id,goods_number,goods_price,c.email,GROUP_CONCAT(d.goods_name) goods_name,
                GROUP_CONCAT(b.goods_attr_str) sttr,GROUP_CONCAT(logo) logo,GROUP_CONCAT(goods_number) number
                from php2018_order as a LEFT JOIN php2018_order_goods as b on a.id=b.order_id LEFT JOIN php2018_member as c on a.member_id=c.id
                LEFT JOIN php2018_goods as d on b.goods_id=d.goods_id where a.id=37 GROUP BY a.id [ RunTime:0.013319s ]
INFO: [ view_parse ] --START--
INFO: [ template_filter ] --START--
INFO: Run Behavior\ContentReplaceBehavior [ RunTime:0.000060s ]
INFO: [ template_filter ] --END-- [ RunTime:0.000087s ]
INFO: Run Behavior\ParseTemplateBehavior [ RunTime:0.005587s ]
INFO: [ view_parse ] --END-- [ RunTime:0.005613s ]
INFO: [ view_filter ] --START--
INFO: Run Behavior\WriteHtmlCacheBehavior [ RunTime:0.000197s ]
INFO: [ view_filter ] --END-- [ RunTime:0.000216s ]
INFO: [ app_end ] --START--
INFO: Run Behavior\ShowPageTraceBehavior [ RunTime:0.000652s ]
INFO: [ app_end ] --END-- [ RunTime:0.000682s ]

