[ 2018-05-21T15:30:21+08:00 ] 127.0.0.1 /
INFO: [ app_init ] --START--
INFO: Run Behavior\BuildLiteBehavior [ RunTime:0.000000s ]
INFO: [ app_init ] --END-- [ RunTime:0.004000s ]
INFO: [ app_begin ] --START--
INFO: Run Behavior\ReadHtmlCacheBehavior [ RunTime:0.012001s ]
INFO: [ app_begin ] --END-- [ RunTime:0.012001s ]
SQL: SHOW COLUMNS FROM `php2018_goods` [ RunTime:0.091005s ]
SQL: SELECT `goods_id`,`goods_name`,`promote_price`,`logo` FROM `php2018_goods` WHERE ( `is_promote` = 1 ) AND ( `is_on_sale` = 1 ) AND ( `is_delete` = 0 ) AND ( `promote_start_time` < 1526887821 ) AND ( `promote_end_time` > 1526887821 ) ORDER BY sort_num  [ RunTime:0.019001s ]
SQL: SELECT `goods_id`,`goods_name`,`shop_price`,`logo` FROM `php2018_goods` WHERE ( `is_hot` = 1 ) AND ( `is_delete` = 0 ) AND ( `is_on_sale` = 1 ) ORDER BY sort_num  [ RunTime:0.001000s ]
SQL: SELECT `goods_id`,`goods_name`,`shop_price`,`logo` FROM `php2018_goods` WHERE ( `is_best` = 1 ) AND ( `is_delete` = 0 ) AND ( `is_on_sale` = 1 ) ORDER BY sort_num  [ RunTime:0.001000s ]
SQL: SELECT `goods_id`,`goods_name`,`shop_price`,`logo` FROM `php2018_goods` WHERE ( `is_new` = 1 ) AND ( `is_delete` = 0 ) AND ( `is_on_sale` = 1 ) ORDER BY sort_num  [ RunTime:0.001000s ]
SQL: SHOW COLUMNS FROM `php2018_goodscategory` [ RunTime:0.029002s ]
SQL: SELECT * FROM `php2018_goodscategory` WHERE ( parent_id=20 )  [ RunTime:0.008000s ]
SQL: SELECT `goods_id`,`goods_name`,`shop_price`,`logo` FROM `php2018_goods` WHERE ( `is_best` = 1 ) AND ( `is_delete` = 0 ) AND ( `is_on_sale` = 1 ) AND ( `cat_id` IN ('13','21','22','23','25','26','27','28','29','30','31') ) ORDER BY sort_num  [ RunTime:0.008001s ]
INFO: [ view_parse ] --START--
INFO: [ template_filter ] --START--
INFO: Run Behavior\ContentReplaceBehavior [ RunTime:0.000000s ]
INFO: [ template_filter ] --END-- [ RunTime:0.000000s ]
SQL: SHOW COLUMNS FROM `php2018_goodscategory` [ RunTime:0.004001s ]
SQL: SELECT * FROM `php2018_goodscategory`  [ RunTime:0.000000s ]
NOTIC: [8] Undefined index: children D:\UPUPW_NP5.4\htdocs\pcshop\Application\Runtime\Cache\Home\2a94b8bda04ff446dcedd42276fc99ee.php 第 159 行.
NOTIC: [2] Invalid argument supplied for foreach() D:\UPUPW_NP5.4\htdocs\pcshop\Application\Runtime\Cache\Home\2a94b8bda04ff446dcedd42276fc99ee.php 第 159 行.
NOTIC: [8] Undefined index: children D:\UPUPW_NP5.4\htdocs\pcshop\Application\Runtime\Cache\Home\2a94b8bda04ff446dcedd42276fc99ee.php 第 154 行.
NOTIC: [2] Invalid argument supplied for foreach() D:\UPUPW_NP5.4\htdocs\pcshop\Application\Runtime\Cache\Home\2a94b8bda04ff446dcedd42276fc99ee.php 第 154 行.
NOTIC: [8] Undefined index: children D:\UPUPW_NP5.4\htdocs\pcshop\Application\Runtime\Cache\Home\2a94b8bda04ff446dcedd42276fc99ee.php 第 159 行.
NOTIC: [2] Invalid argument supplied for foreach() D:\UPUPW_NP5.4\htdocs\pcshop\Application\Runtime\Cache\Home\2a94b8bda04ff446dcedd42276fc99ee.php 第 159 行.
NOTIC: [8] Undefined index: children D:\UPUPW_NP5.4\htdocs\pcshop\Application\Runtime\Cache\Home\2a94b8bda04ff446dcedd42276fc99ee.php 第 159 行.
NOTIC: [2] Invalid argument supplied for foreach() D:\UPUPW_NP5.4\htdocs\pcshop\Application\Runtime\Cache\Home\2a94b8bda04ff446dcedd42276fc99ee.php 第 159 行.
NOTIC: [8] Undefined index: children D:\UPUPW_NP5.4\htdocs\pcshop\Application\Runtime\Cache\Home\2a94b8bda04ff446dcedd42276fc99ee.php 第 159 行.
NOTIC: [2] Invalid argument supplied for foreach() D:\UPUPW_NP5.4\htdocs\pcshop\Application\Runtime\Cache\Home\2a94b8bda04ff446dcedd42276fc99ee.php 第 159 行.
NOTIC: [8] Undefined index: children D:\UPUPW_NP5.4\htdocs\pcshop\Application\Runtime\Cache\Home\2a94b8bda04ff446dcedd42276fc99ee.php 第 159 行.
NOTIC: [2] Invalid argument supplied for foreach() D:\UPUPW_NP5.4\htdocs\pcshop\Application\Runtime\Cache\Home\2a94b8bda04ff446dcedd42276fc99ee.php 第 159 行.
NOTIC: [8] Undefined index: children D:\UPUPW_NP5.4\htdocs\pcshop\Application\Runtime\Cache\Home\2a94b8bda04ff446dcedd42276fc99ee.php 第 159 行.
NOTIC: [2] Invalid argument supplied for foreach() D:\UPUPW_NP5.4\htdocs\pcshop\Application\Runtime\Cache\Home\2a94b8bda04ff446dcedd42276fc99ee.php 第 159 行.
NOTIC: [8] Undefined index: children D:\UPUPW_NP5.4\htdocs\pcshop\Application\Runtime\Cache\Home\2a94b8bda04ff446dcedd42276fc99ee.php 第 159 行.
NOTIC: [2] Invalid argument supplied for foreach() D:\UPUPW_NP5.4\htdocs\pcshop\Application\Runtime\Cache\Home\2a94b8bda04ff446dcedd42276fc99ee.php 第 159 行.
NOTIC: [8] Undefined index: children D:\UPUPW_NP5.4\htdocs\pcshop\Application\Runtime\Cache\Home\2a94b8bda04ff446dcedd42276fc99ee.php 第 159 行.
NOTIC: [2] Invalid argument supplied for foreach() D:\UPUPW_NP5.4\htdocs\pcshop\Application\Runtime\Cache\Home\2a94b8bda04ff446dcedd42276fc99ee.php 第 159 行.
NOTIC: [8] Undefined index: children D:\UPUPW_NP5.4\htdocs\pcshop\Application\Runtime\Cache\Home\2a94b8bda04ff446dcedd42276fc99ee.php 第 159 行.
NOTIC: [2] Invalid argument supplied for foreach() D:\UPUPW_NP5.4\htdocs\pcshop\Application\Runtime\Cache\Home\2a94b8bda04ff446dcedd42276fc99ee.php 第 159 行.
NOTIC: [8] Undefined index: children D:\UPUPW_NP5.4\htdocs\pcshop\Application\Runtime\Cache\Home\2a94b8bda04ff446dcedd42276fc99ee.php 第 159 行.
NOTIC: [2] Invalid argument supplied for foreach() D:\UPUPW_NP5.4\htdocs\pcshop\Application\Runtime\Cache\Home\2a94b8bda04ff446dcedd42276fc99ee.php 第 159 行.
NOTIC: [8] Undefined index: children D:\UPUPW_NP5.4\htdocs\pcshop\Application\Runtime\Cache\Home\2a94b8bda04ff446dcedd42276fc99ee.php 第 159 行.
NOTIC: [2] Invalid argument supplied for foreach() D:\UPUPW_NP5.4\htdocs\pcshop\Application\Runtime\Cache\Home\2a94b8bda04ff446dcedd42276fc99ee.php 第 159 行.
NOTIC: [8] Undefined index: children D:\UPUPW_NP5.4\htdocs\pcshop\Application\Runtime\Cache\Home\2a94b8bda04ff446dcedd42276fc99ee.php 第 159 行.
NOTIC: [2] Invalid argument supplied for foreach() D:\UPUPW_NP5.4\htdocs\pcshop\Application\Runtime\Cache\Home\2a94b8bda04ff446dcedd42276fc99ee.php 第 159 行.
INFO: Run Behavior\ParseTemplateBehavior [ RunTime:0.174010s ]
INFO: [ view_parse ] --END-- [ RunTime:0.174010s ]
INFO: [ view_filter ] --START--
INFO: Run Behavior\WriteHtmlCacheBehavior [ RunTime:0.015001s ]
INFO: [ view_filter ] --END-- [ RunTime:0.015001s ]
INFO: [ app_end ] --START--
INFO: Run Behavior\ShowPageTraceBehavior [ RunTime:0.026001s ]
INFO: [ app_end ] --END-- [ RunTime:0.026001s ]

[ 2018-05-21T15:30:21+08:00 ] 127.0.0.1 /index.php/Home/Goods/ajaxgetRecentlygoods.html
INFO: [ app_init ] --START--
INFO: Run Behavior\BuildLiteBehavior [ RunTime:0.000000s ]
INFO: [ app_init ] --END-- [ RunTime:0.006000s ]
INFO: [ app_begin ] --START--
INFO: Run Behavior\ReadHtmlCacheBehavior [ RunTime:0.006000s ]
INFO: [ app_begin ] --END-- [ RunTime:0.006000s ]
INFO: [ app_end ] --START--
INFO: Run Behavior\ShowPageTraceBehavior [ RunTime:0.006001s ]
INFO: [ app_end ] --END-- [ RunTime:0.006001s ]

[ 2018-05-21T15:30:22+08:00 ] 127.0.0.1 /index.php/Home/Member/ajaxChkLogin.html
INFO: [ app_init ] --START--
INFO: Run Behavior\BuildLiteBehavior [ RunTime:0.000000s ]
INFO: [ app_init ] --END-- [ RunTime:0.004000s ]
INFO: [ app_begin ] --START--
INFO: Run Behavior\ReadHtmlCacheBehavior [ RunTime:0.006000s ]
INFO: [ app_begin ] --END-- [ RunTime:0.006000s ]
INFO: [ app_end ] --START--
INFO: Run Behavior\ShowPageTraceBehavior [ RunTime:0.006001s ]
INFO: [ app_end ] --END-- [ RunTime:0.006001s ]

[ 2018-05-21T15:30:29+08:00 ] 127.0.0.1 /admin
INFO: [ app_init ] --START--
INFO: Run Behavior\BuildLiteBehavior [ RunTime:0.000000s ]
INFO: [ app_init ] --END-- [ RunTime:0.004000s ]
INFO: [ app_begin ] --START--
INFO: Run Behavior\ReadHtmlCacheBehavior [ RunTime:0.006000s ]
INFO: [ app_begin ] --END-- [ RunTime:0.006000s ]

[ 2018-05-21T15:30:29+08:00 ] 127.0.0.1 /index.php/Admin/Login/login.html
INFO: [ app_init ] --START--
INFO: Run Behavior\BuildLiteBehavior [ RunTime:0.000000s ]
INFO: [ app_init ] --END-- [ RunTime:0.004000s ]
INFO: [ app_begin ] --START--
INFO: Run Behavior\ReadHtmlCacheBehavior [ RunTime:0.005000s ]
INFO: [ app_begin ] --END-- [ RunTime:0.005000s ]
INFO: [ view_parse ] --START--
INFO: [ template_filter ] --START--
INFO: Run Behavior\ContentReplaceBehavior [ RunTime:0.000000s ]
INFO: [ template_filter ] --END-- [ RunTime:0.000000s ]
INFO: Run Behavior\ParseTemplateBehavior [ RunTime:0.036002s ]
INFO: [ view_parse ] --END-- [ RunTime:0.036002s ]
INFO: [ view_filter ] --START--
INFO: Run Behavior\WriteHtmlCacheBehavior [ RunTime:0.005000s ]
INFO: [ view_filter ] --END-- [ RunTime:0.005000s ]
INFO: [ app_end ] --START--
INFO: Run Behavior\ShowPageTraceBehavior [ RunTime:0.006001s ]
INFO: [ app_end ] --END-- [ RunTime:0.006001s ]

[ 2018-05-21T15:30:29+08:00 ] 127.0.0.1 /index.php/Admin/Login/chkcode
INFO: [ app_init ] --START--
INFO: Run Behavior\BuildLiteBehavior [ RunTime:0.000000s ]
INFO: [ app_init ] --END-- [ RunTime:0.004000s ]
INFO: [ app_begin ] --START--
INFO: Run Behavior\ReadHtmlCacheBehavior [ RunTime:0.005001s ]
INFO: [ app_begin ] --END-- [ RunTime:0.005001s ]
INFO: [ app_end ] --START--
INFO: Run Behavior\ShowPageTraceBehavior [ RunTime:0.006000s ]
INFO: [ app_end ] --END-- [ RunTime:0.006000s ]

[ 2018-05-21T15:30:38+08:00 ] 127.0.0.1 /index.php/Admin/Login/chkcode.html
INFO: [ app_init ] --START--
INFO: Run Behavior\BuildLiteBehavior [ RunTime:0.000000s ]
INFO: [ app_init ] --END-- [ RunTime:0.003000s ]
INFO: [ app_begin ] --START--
INFO: Run Behavior\ReadHtmlCacheBehavior [ RunTime:0.005000s ]
INFO: [ app_begin ] --END-- [ RunTime:0.005000s ]
INFO: [ app_end ] --START--
INFO: Run Behavior\ShowPageTraceBehavior [ RunTime:0.006000s ]
INFO: [ app_end ] --END-- [ RunTime:0.006000s ]

[ 2018-05-21T15:30:39+08:00 ] 127.0.0.1 /index.php/Admin/Login/chkcode.html
INFO: [ app_init ] --START--
INFO: Run Behavior\BuildLiteBehavior [ RunTime:0.000000s ]
INFO: [ app_init ] --END-- [ RunTime:0.001000s ]
INFO: [ app_begin ] --START--
INFO: Run Behavior\ReadHtmlCacheBehavior [ RunTime:0.002000s ]
INFO: [ app_begin ] --END-- [ RunTime:0.002000s ]
INFO: [ app_end ] --START--
INFO: Run Behavior\ShowPageTraceBehavior [ RunTime:0.002000s ]
INFO: [ app_end ] --END-- [ RunTime:0.002000s ]

[ 2018-05-21T15:30:46+08:00 ] 127.0.0.1 /index.php/Admin/Login/login
INFO: [ app_init ] --START--
INFO: Run Behavior\BuildLiteBehavior [ RunTime:0.000000s ]
INFO: [ app_init ] --END-- [ RunTime:0.001000s ]
INFO: [ app_begin ] --START--
INFO: Run Behavior\ReadHtmlCacheBehavior [ RunTime:0.002001s ]
INFO: [ app_begin ] --END-- [ RunTime:0.002001s ]
SQL: SHOW COLUMNS FROM `php2018_admin` [ RunTime:0.025001s ]
SQL: SELECT * FROM `php2018_admin` WHERE ( `username` = 'root' ) LIMIT 1   [ RunTime:0.012000s ]

[ 2018-05-21T15:30:46+08:00 ] 127.0.0.1 /index.php/Admin/Index/index.html
INFO: [ app_init ] --START--
INFO: Run Behavior\BuildLiteBehavior [ RunTime:0.000000s ]
INFO: [ app_init ] --END-- [ RunTime:0.001000s ]
INFO: [ app_begin ] --START--
INFO: Run Behavior\ReadHtmlCacheBehavior [ RunTime:0.006000s ]
INFO: [ app_begin ] --END-- [ RunTime:0.006000s ]
INFO: [ view_parse ] --START--
INFO: [ template_filter ] --START--
INFO: Run Behavior\ContentReplaceBehavior [ RunTime:0.000000s ]
INFO: [ template_filter ] --END-- [ RunTime:0.000000s ]
INFO: Run Behavior\ParseTemplateBehavior [ RunTime:0.042003s ]
INFO: [ view_parse ] --END-- [ RunTime:0.042003s ]
INFO: [ view_filter ] --START--
INFO: Run Behavior\WriteHtmlCacheBehavior [ RunTime:0.006000s ]
INFO: [ view_filter ] --END-- [ RunTime:0.006000s ]
INFO: [ app_end ] --START--
INFO: Run Behavior\ShowPageTraceBehavior [ RunTime:0.006000s ]
INFO: [ app_end ] --END-- [ RunTime:0.006000s ]

[ 2018-05-21T15:30:47+08:00 ] 127.0.0.1 /index.php/Admin/Index/main
INFO: [ app_init ] --START--
INFO: Run Behavior\BuildLiteBehavior [ RunTime:0.000000s ]
INFO: [ app_init ] --END-- [ RunTime:0.001000s ]
INFO: [ app_begin ] --START--
INFO: Run Behavior\ReadHtmlCacheBehavior [ RunTime:0.003001s ]
INFO: [ app_begin ] --END-- [ RunTime:0.003001s ]
INFO: [ view_parse ] --START--
NOTIC: [2] file_get_contents(./Application/Admin/View/Index/footer.html): failed to open stream: No such file or directory D:\UPUPW_NP5.4\htdocs\pcshop\ThinkPHP\Library\Think\Template.class.php 第 696 行.
INFO: [ template_filter ] --START--
INFO: Run Behavior\ContentReplaceBehavior [ RunTime:0.000000s ]
INFO: [ template_filter ] --END-- [ RunTime:0.000000s ]
INFO: Run Behavior\ParseTemplateBehavior [ RunTime:0.042003s ]
INFO: [ view_parse ] --END-- [ RunTime:0.042003s ]
INFO: [ view_filter ] --START--
INFO: Run Behavior\WriteHtmlCacheBehavior [ RunTime:0.005000s ]
INFO: [ view_filter ] --END-- [ RunTime:0.005000s ]
INFO: [ app_end ] --START--
INFO: Run Behavior\ShowPageTraceBehavior [ RunTime:0.003000s ]
INFO: [ app_end ] --END-- [ RunTime:0.003000s ]

[ 2018-05-21T15:30:47+08:00 ] 127.0.0.1 /index.php/Admin/Index/top
INFO: [ app_init ] --START--
INFO: Run Behavior\BuildLiteBehavior [ RunTime:0.000000s ]
INFO: [ app_init ] --END-- [ RunTime:0.001000s ]
INFO: [ app_begin ] --START--
INFO: Run Behavior\ReadHtmlCacheBehavior [ RunTime:0.002000s ]
INFO: [ app_begin ] --END-- [ RunTime:0.002000s ]
INFO: [ view_parse ] --START--
INFO: [ template_filter ] --START--
INFO: Run Behavior\ContentReplaceBehavior [ RunTime:0.000000s ]
INFO: [ template_filter ] --END-- [ RunTime:0.001000s ]
INFO: Run Behavior\ParseTemplateBehavior [ RunTime:0.036002s ]
INFO: [ view_parse ] --END-- [ RunTime:0.036002s ]
INFO: [ view_filter ] --START--
INFO: Run Behavior\WriteHtmlCacheBehavior [ RunTime:0.006000s ]
INFO: [ view_filter ] --END-- [ RunTime:0.006000s ]
INFO: [ app_end ] --START--
INFO: Run Behavior\ShowPageTraceBehavior [ RunTime:0.005001s ]
INFO: [ app_end ] --END-- [ RunTime:0.006001s ]

[ 2018-05-21T15:30:47+08:00 ] 127.0.0.1 /index.php/Admin/Index/menu
INFO: [ app_init ] --START--
INFO: Run Behavior\BuildLiteBehavior [ RunTime:0.000000s ]
INFO: [ app_init ] --END-- [ RunTime:0.000000s ]
INFO: [ app_begin ] --START--
INFO: Run Behavior\ReadHtmlCacheBehavior [ RunTime:0.003000s ]
INFO: [ app_begin ] --END-- [ RunTime:0.003000s ]
SQL: SHOW COLUMNS FROM `php2018_privilege` [ RunTime:0.045002s ]
SQL: SELECT * FROM `php2018_privilege`  [ RunTime:0.009001s ]
INFO: [ view_parse ] --START--
INFO: [ template_filter ] --START--
INFO: Run Behavior\ContentReplaceBehavior [ RunTime:0.000000s ]
INFO: [ template_filter ] --END-- [ RunTime:0.000000s ]
INFO: Run Behavior\ParseTemplateBehavior [ RunTime:0.022001s ]
INFO: [ view_parse ] --END-- [ RunTime:0.022001s ]
INFO: [ view_filter ] --START--
INFO: Run Behavior\WriteHtmlCacheBehavior [ RunTime:0.002000s ]
INFO: [ view_filter ] --END-- [ RunTime:0.002000s ]
INFO: [ app_end ] --START--
INFO: Run Behavior\ShowPageTraceBehavior [ RunTime:0.002000s ]
INFO: [ app_end ] --END-- [ RunTime:0.002000s ]

[ 2018-05-21T15:30:49+08:00 ] 127.0.0.1 /index.php/Admin/Goodstype/lst.html
INFO: [ app_init ] --START--
INFO: Run Behavior\BuildLiteBehavior [ RunTime:0.000000s ]
INFO: [ app_init ] --END-- [ RunTime:0.001000s ]
INFO: [ app_begin ] --START--
INFO: Run Behavior\ReadHtmlCacheBehavior [ RunTime:0.003000s ]
INFO: [ app_begin ] --END-- [ RunTime:0.003000s ]
SQL: select count(*) has from php2018_privilege where module_name="Admin" and controller_name="Goodstype" and action_name="lst" [ RunTime:0.009001s ]
SQL: SHOW COLUMNS FROM `php2018_goodstype` [ RunTime:0.011001s ]
SQL: SELECT COUNT(*) AS tp_count FROM php2018_goodstype a LIMIT 1   [ RunTime:0.018001s ]
SQL: SELECT * FROM php2018_goodstype a GROUP BY a.type_id LIMIT 0,5   [ RunTime:0.007000s ]
INFO: [ view_parse ] --START--
INFO: [ template_filter ] --START--
INFO: Run Behavior\ContentReplaceBehavior [ RunTime:0.000000s ]
INFO: [ template_filter ] --END-- [ RunTime:0.000000s ]
INFO: Run Behavior\ParseTemplateBehavior [ RunTime:0.042003s ]
INFO: [ view_parse ] --END-- [ RunTime:0.042003s ]
INFO: [ view_filter ] --START--
INFO: Run Behavior\WriteHtmlCacheBehavior [ RunTime:0.005000s ]
INFO: [ view_filter ] --END-- [ RunTime:0.005000s ]
INFO: [ app_end ] --START--
INFO: Run Behavior\ShowPageTraceBehavior [ RunTime:0.002000s ]
INFO: [ app_end ] --END-- [ RunTime:0.002000s ]

[ 2018-05-21T15:30:50+08:00 ] 127.0.0.1 /index.php/Admin/Goodscategory/lst.html
INFO: [ app_init ] --START--
INFO: Run Behavior\BuildLiteBehavior [ RunTime:0.000000s ]
INFO: [ app_init ] --END-- [ RunTime:0.000000s ]
INFO: [ app_begin ] --START--
INFO: Run Behavior\ReadHtmlCacheBehavior [ RunTime:0.002000s ]
INFO: [ app_begin ] --END-- [ RunTime:0.002000s ]
SQL: select count(*) has from php2018_privilege where module_name="Admin" and controller_name="Goodscategory" and action_name="lst" [ RunTime:0.000000s ]
SQL: SHOW COLUMNS FROM `php2018_goodscategory` [ RunTime:0.004001s ]
SQL: SELECT * FROM `php2018_goodscategory`  [ RunTime:0.000000s ]
INFO: [ view_parse ] --START--
INFO: [ template_filter ] --START--
INFO: Run Behavior\ContentReplaceBehavior [ RunTime:0.000000s ]
INFO: [ template_filter ] --END-- [ RunTime:0.000000s ]
INFO: Run Behavior\ParseTemplateBehavior [ RunTime:0.019001s ]
INFO: [ view_parse ] --END-- [ RunTime:0.019001s ]
INFO: [ view_filter ] --START--
INFO: Run Behavior\WriteHtmlCacheBehavior [ RunTime:0.002000s ]
INFO: [ view_filter ] --END-- [ RunTime:0.002000s ]
INFO: [ app_end ] --START--
INFO: Run Behavior\ShowPageTraceBehavior [ RunTime:0.002000s ]
INFO: [ app_end ] --END-- [ RunTime:0.002000s ]

[ 2018-05-21T15:31:30+08:00 ] 127.0.0.1 /index.php/Admin/Goodsbrand/lst.html
INFO: [ app_init ] --START--
INFO: Run Behavior\BuildLiteBehavior [ RunTime:0.000000s ]
INFO: [ app_init ] --END-- [ RunTime:0.001000s ]
INFO: [ app_begin ] --START--
INFO: Run Behavior\ReadHtmlCacheBehavior [ RunTime:0.002000s ]
INFO: [ app_begin ] --END-- [ RunTime:0.002000s ]
SQL: select count(*) has from php2018_privilege where module_name="Admin" and controller_name="Goodsbrand" and action_name="lst" [ RunTime:0.001000s ]
SQL: SHOW COLUMNS FROM `php2018_goodsbrand` [ RunTime:0.013000s ]
SQL: SELECT COUNT(*) AS tp_count FROM php2018_goodsbrand a LIMIT 1   [ RunTime:0.000000s ]
SQL: SELECT * FROM php2018_goodsbrand a GROUP BY a.brand_id LIMIT 0,5   [ RunTime:0.000000s ]
INFO: [ view_parse ] --START--
INFO: [ template_filter ] --START--
INFO: Run Behavior\ContentReplaceBehavior [ RunTime:0.000000s ]
INFO: [ template_filter ] --END-- [ RunTime:0.000000s ]
INFO: Run Behavior\ParseTemplateBehavior [ RunTime:0.071004s ]
INFO: [ view_parse ] --END-- [ RunTime:0.071004s ]
INFO: [ view_filter ] --START--
INFO: Run Behavior\WriteHtmlCacheBehavior [ RunTime:0.009001s ]
INFO: [ view_filter ] --END-- [ RunTime:0.009001s ]
INFO: [ app_end ] --START--
INFO: Run Behavior\ShowPageTraceBehavior [ RunTime:0.004000s ]
INFO: [ app_end ] --END-- [ RunTime:0.004000s ]

[ 2018-05-21T15:31:30+08:00 ] 127.0.0.1 /index.php/Admin/Goodstype/lst.html
INFO: [ app_init ] --START--
INFO: Run Behavior\BuildLiteBehavior [ RunTime:0.000000s ]
INFO: [ app_init ] --END-- [ RunTime:0.001000s ]
INFO: [ app_begin ] --START--
INFO: Run Behavior\ReadHtmlCacheBehavior [ RunTime:0.004000s ]
INFO: [ app_begin ] --END-- [ RunTime:0.004000s ]
SQL: select count(*) has from php2018_privilege where module_name="Admin" and controller_name="Goodstype" and action_name="lst" [ RunTime:0.000000s ]
SQL: SHOW COLUMNS FROM `php2018_goodstype` [ RunTime:0.012001s ]
SQL: SELECT COUNT(*) AS tp_count FROM php2018_goodstype a LIMIT 1   [ RunTime:0.000000s ]
SQL: SELECT * FROM php2018_goodstype a GROUP BY a.type_id LIMIT 0,5   [ RunTime:0.000000s ]
INFO: [ view_parse ] --START--
INFO: [ template_filter ] --START--
INFO: Run Behavior\ContentReplaceBehavior [ RunTime:0.000000s ]
INFO: [ template_filter ] --END-- [ RunTime:0.000000s ]
INFO: Run Behavior\ParseTemplateBehavior [ RunTime:0.025002s ]
INFO: [ view_parse ] --END-- [ RunTime:0.025002s ]
INFO: [ view_filter ] --START--
INFO: Run Behavior\WriteHtmlCacheBehavior [ RunTime:0.006000s ]
INFO: [ view_filter ] --END-- [ RunTime:0.006000s ]
INFO: [ app_end ] --START--
INFO: Run Behavior\ShowPageTraceBehavior [ RunTime:0.002000s ]
INFO: [ app_end ] --END-- [ RunTime:0.002000s ]

[ 2018-05-21T15:31:31+08:00 ] 127.0.0.1 /index.php/Admin/Goodscategory/lst.html
INFO: [ app_init ] --START--
INFO: Run Behavior\BuildLiteBehavior [ RunTime:0.000000s ]
INFO: [ app_init ] --END-- [ RunTime:0.001001s ]
INFO: [ app_begin ] --START--
INFO: Run Behavior\ReadHtmlCacheBehavior [ RunTime:0.002000s ]
INFO: [ app_begin ] --END-- [ RunTime:0.002000s ]
SQL: select count(*) has from php2018_privilege where module_name="Admin" and controller_name="Goodscategory" and action_name="lst" [ RunTime:0.000000s ]
SQL: SHOW COLUMNS FROM `php2018_goodscategory` [ RunTime:0.005000s ]
SQL: SELECT * FROM `php2018_goodscategory`  [ RunTime:0.000000s ]
INFO: [ view_parse ] --START--
INFO: [ template_filter ] --START--
INFO: Run Behavior\ContentReplaceBehavior [ RunTime:0.000000s ]
INFO: [ template_filter ] --END-- [ RunTime:0.000000s ]
INFO: Run Behavior\ParseTemplateBehavior [ RunTime:0.023001s ]
INFO: [ view_parse ] --END-- [ RunTime:0.023001s ]
INFO: [ view_filter ] --START--
INFO: Run Behavior\WriteHtmlCacheBehavior [ RunTime:0.002000s ]
INFO: [ view_filter ] --END-- [ RunTime:0.002000s ]
INFO: [ app_end ] --START--
INFO: Run Behavior\ShowPageTraceBehavior [ RunTime:0.002001s ]
INFO: [ app_end ] --END-- [ RunTime:0.002001s ]

[ 2018-05-21T15:31:32+08:00 ] 127.0.0.1 /index.php/Admin/Goods/lst.html
INFO: [ app_init ] --START--
INFO: Run Behavior\BuildLiteBehavior [ RunTime:0.000000s ]
INFO: [ app_init ] --END-- [ RunTime:0.001000s ]
INFO: [ app_begin ] --START--
INFO: Run Behavior\ReadHtmlCacheBehavior [ RunTime:0.004000s ]
INFO: [ app_begin ] --END-- [ RunTime:0.004000s ]
SQL: select count(*) has from php2018_privilege where module_name="Admin" and controller_name="Goods" and action_name="lst" [ RunTime:0.001000s ]
NOTIC: [2048] Declaration of Admin\Model\GoodsModel::_after_update() should be compatible with Think\Model::_after_update($data, $options) D:\UPUPW_NP5.4\htdocs\pcshop\Application\Admin\Model\GoodsModel.class.php 第 5 行.
SQL: SHOW COLUMNS FROM `php2018_goods` [ RunTime:0.002000s ]
SQL: SELECT COUNT(*) AS tp_count FROM php2018_goods a WHERE ( `is_delete` = 0 ) LIMIT 1   [ RunTime:0.008001s ]
SQL: SELECT a.*,IFNULL(SUM(b.goods_number),0) gn FROM php2018_goods a LEFT JOIN php2018_goods_number as b ON a.goods_id=b.goods_id  WHERE ( `is_delete` = 0 ) GROUP BY a.goods_id ORDER BY addtime desc LIMIT 0,5   [ RunTime:0.091005s ]
INFO: [ view_parse ] --START--
INFO: [ template_filter ] --START--
INFO: Run Behavior\ContentReplaceBehavior [ RunTime:0.000000s ]
INFO: [ template_filter ] --END-- [ RunTime:0.000000s ]
INFO: Run Behavior\ParseTemplateBehavior [ RunTime:0.061004s ]
INFO: [ view_parse ] --END-- [ RunTime:0.061004s ]
INFO: [ view_filter ] --START--
INFO: Run Behavior\WriteHtmlCacheBehavior [ RunTime:0.007000s ]
INFO: [ view_filter ] --END-- [ RunTime:0.007000s ]
INFO: [ app_end ] --START--
INFO: Run Behavior\ShowPageTraceBehavior [ RunTime:0.007001s ]
INFO: [ app_end ] --END-- [ RunTime:0.007001s ]

[ 2018-05-21T15:31:35+08:00 ] 127.0.0.1 /index.php/Admin/Goods/add.html
INFO: [ app_init ] --START--
INFO: Run Behavior\BuildLiteBehavior [ RunTime:0.000000s ]
INFO: [ app_init ] --END-- [ RunTime:0.000000s ]
INFO: [ app_begin ] --START--
INFO: Run Behavior\ReadHtmlCacheBehavior [ RunTime:0.002000s ]
INFO: [ app_begin ] --END-- [ RunTime:0.002000s ]
SQL: select count(*) has from php2018_privilege where module_name="Admin" and controller_name="Goods" and action_name="add" [ RunTime:0.000000s ]
SQL: SHOW COLUMNS FROM `php2018_goodscategory` [ RunTime:0.003000s ]
SQL: SELECT * FROM `php2018_goodscategory`  [ RunTime:0.000000s ]
SQL: SHOW COLUMNS FROM `php2018_goodsbrand` [ RunTime:0.004001s ]
SQL: SELECT * FROM `php2018_goodsbrand`  [ RunTime:0.000000s ]
SQL: SHOW COLUMNS FROM `php2018_number_level` [ RunTime:0.019001s ]
SQL: SELECT * FROM `php2018_number_level`  [ RunTime:0.000000s ]
SQL: SHOW COLUMNS FROM `php2018_goodstype` [ RunTime:0.003000s ]
SQL: SELECT * FROM `php2018_goodstype`  [ RunTime:0.000000s ]
INFO: [ view_parse ] --START--
INFO: [ template_filter ] --START--
INFO: Run Behavior\ContentReplaceBehavior [ RunTime:0.001000s ]
INFO: [ template_filter ] --END-- [ RunTime:0.001000s ]
INFO: Run Behavior\ParseTemplateBehavior [ RunTime:0.038002s ]
INFO: [ view_parse ] --END-- [ RunTime:0.039002s ]
INFO: [ view_filter ] --START--
INFO: Run Behavior\WriteHtmlCacheBehavior [ RunTime:0.002000s ]
INFO: [ view_filter ] --END-- [ RunTime:0.002000s ]
INFO: [ app_end ] --START--
INFO: Run Behavior\ShowPageTraceBehavior [ RunTime:0.003001s ]
INFO: [ app_end ] --END-- [ RunTime:0.003001s ]

