[ 2018-03-30T08:25:54+08:00 ] 127.0.0.1 /admin
INFO: [ app_init ] --START--
INFO: Run Behavior\BuildLiteBehavior [ RunTime:0.000000s ]
INFO: [ app_init ] --END-- [ RunTime:0.012001s ]
INFO: [ app_begin ] --START--
INFO: Run Behavior\ReadHtmlCacheBehavior [ RunTime:0.005000s ]
INFO: [ app_begin ] --END-- [ RunTime:0.005000s ]

[ 2018-03-30T08:25:54+08:00 ] 127.0.0.1 /index.php/Admin/Login/login.html
INFO: [ app_init ] --START--
INFO: Run Behavior\BuildLiteBehavior [ RunTime:0.000000s ]
INFO: [ app_init ] --END-- [ RunTime:0.003000s ]
INFO: [ app_begin ] --START--
INFO: Run Behavior\ReadHtmlCacheBehavior [ RunTime:0.004000s ]
INFO: [ app_begin ] --END-- [ RunTime:0.004000s ]
INFO: [ view_parse ] --START--
INFO: [ template_filter ] --START--
INFO: Run Behavior\ContentReplaceBehavior [ RunTime:0.000000s ]
INFO: [ template_filter ] --END-- [ RunTime:0.000000s ]
INFO: Run Behavior\ParseTemplateBehavior [ RunTime:0.061003s ]
INFO: [ view_parse ] --END-- [ RunTime:0.061003s ]
INFO: [ view_filter ] --START--
INFO: Run Behavior\WriteHtmlCacheBehavior [ RunTime:0.005001s ]
INFO: [ view_filter ] --END-- [ RunTime:0.005001s ]
INFO: [ app_end ] --START--
INFO: Run Behavior\ShowPageTraceBehavior [ RunTime:0.005000s ]
INFO: [ app_end ] --END-- [ RunTime:0.005000s ]

[ 2018-03-30T08:25:54+08:00 ] 127.0.0.1 /index.php/Admin/Login/chkcode
INFO: [ app_init ] --START--
INFO: Run Behavior\BuildLiteBehavior [ RunTime:0.000000s ]
INFO: [ app_init ] --END-- [ RunTime:0.006000s ]
INFO: [ app_begin ] --START--
INFO: Run Behavior\ReadHtmlCacheBehavior [ RunTime:0.008001s ]
INFO: [ app_begin ] --END-- [ RunTime:0.008001s ]
INFO: [ app_end ] --START--
INFO: Run Behavior\ShowPageTraceBehavior [ RunTime:0.005001s ]
INFO: [ app_end ] --END-- [ RunTime:0.005001s ]

[ 2018-03-30T08:26:10+08:00 ] 127.0.0.1 /index.php/Admin/Login/login
INFO: [ app_init ] --START--
INFO: Run Behavior\BuildLiteBehavior [ RunTime:0.000000s ]
INFO: [ app_init ] --END-- [ RunTime:0.004001s ]
INFO: [ app_begin ] --START--
INFO: Run Behavior\ReadHtmlCacheBehavior [ RunTime:0.005000s ]
INFO: [ app_begin ] --END-- [ RunTime:0.005000s ]
SQL: SHOW COLUMNS FROM `php2018_admin` [ RunTime:0.014001s ]
SQL: SELECT * FROM `php2018_admin` WHERE ( `username` = 'root' ) LIMIT 1   [ RunTime:0.001001s ]

[ 2018-03-30T08:26:11+08:00 ] 127.0.0.1 /index.php/Admin/Index/index.html
INFO: [ app_init ] --START--
INFO: Run Behavior\BuildLiteBehavior [ RunTime:0.000000s ]
INFO: [ app_init ] --END-- [ RunTime:0.003000s ]
INFO: [ app_begin ] --START--
INFO: Run Behavior\ReadHtmlCacheBehavior [ RunTime:0.005000s ]
INFO: [ app_begin ] --END-- [ RunTime:0.005000s ]
INFO: [ view_parse ] --START--
INFO: [ template_filter ] --START--
INFO: Run Behavior\ContentReplaceBehavior [ RunTime:0.000000s ]
INFO: [ template_filter ] --END-- [ RunTime:0.000000s ]
INFO: Run Behavior\ParseTemplateBehavior [ RunTime:0.046003s ]
INFO: [ view_parse ] --END-- [ RunTime:0.046003s ]
INFO: [ view_filter ] --START--
INFO: Run Behavior\WriteHtmlCacheBehavior [ RunTime:0.006000s ]
INFO: [ view_filter ] --END-- [ RunTime:0.006000s ]
INFO: [ app_end ] --START--
INFO: Run Behavior\ShowPageTraceBehavior [ RunTime:0.005000s ]
INFO: [ app_end ] --END-- [ RunTime:0.005000s ]

[ 2018-03-30T08:26:11+08:00 ] 127.0.0.1 /index.php/Admin/Index/main
INFO: [ app_init ] --START--
INFO: Run Behavior\BuildLiteBehavior [ RunTime:0.000000s ]
INFO: [ app_init ] --END-- [ RunTime:0.001000s ]
INFO: [ app_begin ] --START--
INFO: Run Behavior\ReadHtmlCacheBehavior [ RunTime:0.002000s ]
INFO: [ app_begin ] --END-- [ RunTime:0.002000s ]
INFO: [ view_parse ] --START--
NOTIC: [2] file_get_contents(./Application/Admin/View/Index/footer.html): failed to open stream: No such file or directory D:\UPUPW_NP5.4\htdocs\pcshop\ThinkPHP\Library\Think\Template.class.php 第 696 行.
INFO: [ template_filter ] --START--
INFO: Run Behavior\ContentReplaceBehavior [ RunTime:0.000000s ]
INFO: [ template_filter ] --END-- [ RunTime:0.000000s ]
INFO: Run Behavior\ParseTemplateBehavior [ RunTime:0.033002s ]
INFO: [ view_parse ] --END-- [ RunTime:0.033002s ]
INFO: [ view_filter ] --START--
INFO: Run Behavior\WriteHtmlCacheBehavior [ RunTime:0.005000s ]
INFO: [ view_filter ] --END-- [ RunTime:0.005000s ]
INFO: [ app_end ] --START--
INFO: Run Behavior\ShowPageTraceBehavior [ RunTime:0.005001s ]
INFO: [ app_end ] --END-- [ RunTime:0.005001s ]

[ 2018-03-30T08:26:11+08:00 ] 127.0.0.1 /index.php/Admin/Index/top
INFO: [ app_init ] --START--
INFO: Run Behavior\BuildLiteBehavior [ RunTime:0.000000s ]
INFO: [ app_init ] --END-- [ RunTime:0.003000s ]
INFO: [ app_begin ] --START--
INFO: Run Behavior\ReadHtmlCacheBehavior [ RunTime:0.006000s ]
INFO: [ app_begin ] --END-- [ RunTime:0.006000s ]
INFO: [ view_parse ] --START--
INFO: [ template_filter ] --START--
INFO: Run Behavior\ContentReplaceBehavior [ RunTime:0.000000s ]
INFO: [ template_filter ] --END-- [ RunTime:0.001000s ]
INFO: Run Behavior\ParseTemplateBehavior [ RunTime:0.039002s ]
INFO: [ view_parse ] --END-- [ RunTime:0.039002s ]
INFO: [ view_filter ] --START--
INFO: Run Behavior\WriteHtmlCacheBehavior [ RunTime:0.005001s ]
INFO: [ view_filter ] --END-- [ RunTime:0.005001s ]
INFO: [ app_end ] --START--
INFO: Run Behavior\ShowPageTraceBehavior [ RunTime:0.005000s ]
INFO: [ app_end ] --END-- [ RunTime:0.005000s ]

[ 2018-03-30T08:26:11+08:00 ] 127.0.0.1 /index.php/Admin/Index/menu
INFO: [ app_init ] --START--
INFO: Run Behavior\BuildLiteBehavior [ RunTime:0.000000s ]
INFO: [ app_init ] --END-- [ RunTime:0.004000s ]
INFO: [ app_begin ] --START--
INFO: Run Behavior\ReadHtmlCacheBehavior [ RunTime:0.005001s ]
INFO: [ app_begin ] --END-- [ RunTime:0.006001s ]
SQL: SHOW COLUMNS FROM `php2018_privilege` [ RunTime:0.056004s ]
SQL: SELECT * FROM `php2018_privilege`  [ RunTime:0.001000s ]
INFO: [ view_parse ] --START--
INFO: [ template_filter ] --START--
INFO: Run Behavior\ContentReplaceBehavior [ RunTime:0.000000s ]
INFO: [ template_filter ] --END-- [ RunTime:0.000000s ]
INFO: Run Behavior\ParseTemplateBehavior [ RunTime:0.033002s ]
INFO: [ view_parse ] --END-- [ RunTime:0.033002s ]
INFO: [ view_filter ] --START--
INFO: Run Behavior\WriteHtmlCacheBehavior [ RunTime:0.005000s ]
INFO: [ view_filter ] --END-- [ RunTime:0.005000s ]
INFO: [ app_end ] --START--
INFO: Run Behavior\ShowPageTraceBehavior [ RunTime:0.005000s ]
INFO: [ app_end ] --END-- [ RunTime:0.005000s ]

[ 2018-03-30T08:26:55+08:00 ] 127.0.0.1 /index.php/Admin/Goods/lst.html
INFO: [ app_init ] --START--
INFO: Run Behavior\BuildLiteBehavior [ RunTime:0.000000s ]
INFO: [ app_init ] --END-- [ RunTime:0.000000s ]
INFO: [ app_begin ] --START--
INFO: Run Behavior\ReadHtmlCacheBehavior [ RunTime:0.006000s ]
INFO: [ app_begin ] --END-- [ RunTime:0.006000s ]
SQL: select count(*) has from php2018_privilege where module_name="Admin" and controller_name="Goods" and action_name="lst" [ RunTime:0.001000s ]
SQL: SHOW COLUMNS FROM `php2018_goods` [ RunTime:0.198012s ]
SQL: SELECT COUNT(*) AS tp_count FROM php2018_goods a LIMIT 1   [ RunTime:0.000000s ]
SQL: SELECT * FROM php2018_goods a GROUP BY a.goods_id LIMIT 0,5   [ RunTime:0.002000s ]
INFO: [ view_parse ] --START--
INFO: [ template_filter ] --START--
INFO: Run Behavior\ContentReplaceBehavior [ RunTime:0.000000s ]
INFO: [ template_filter ] --END-- [ RunTime:0.000000s ]
INFO: Run Behavior\ParseTemplateBehavior [ RunTime:0.150009s ]
INFO: [ view_parse ] --END-- [ RunTime:0.150009s ]
INFO: [ view_filter ] --START--
INFO: Run Behavior\WriteHtmlCacheBehavior [ RunTime:0.005000s ]
INFO: [ view_filter ] --END-- [ RunTime:0.005000s ]
INFO: [ app_end ] --START--
INFO: Run Behavior\ShowPageTraceBehavior [ RunTime:0.006001s ]
INFO: [ app_end ] --END-- [ RunTime:0.006001s ]

[ 2018-03-30T08:27:03+08:00 ] 127.0.0.1 /index.php/Admin/Goods/edit/goods_id/49.html
INFO: [ app_init ] --START--
INFO: Run Behavior\BuildLiteBehavior [ RunTime:0.000000s ]
INFO: [ app_init ] --END-- [ RunTime:0.001000s ]
INFO: [ app_begin ] --START--
INFO: Run Behavior\ReadHtmlCacheBehavior [ RunTime:0.002000s ]
INFO: [ app_begin ] --END-- [ RunTime:0.002000s ]
SQL: select count(*) has from php2018_privilege where module_name="Admin" and controller_name="Goods" and action_name="edit" [ RunTime:0.000000s ]
SQL: SHOW COLUMNS FROM `php2018_goods` [ RunTime:0.003000s ]
SQL: SELECT * FROM `php2018_goods` WHERE ( `goods_id` = 49 ) LIMIT 1   [ RunTime:0.001000s ]
SQL: SHOW COLUMNS FROM `php2018_goodscategory` [ RunTime:0.027001s ]
SQL: SELECT * FROM `php2018_goodscategory`  [ RunTime:0.000000s ]
SQL: SHOW COLUMNS FROM `php2018_goodsbrand` [ RunTime:0.014001s ]
SQL: SELECT * FROM `php2018_goodsbrand`  [ RunTime:0.000000s ]
SQL: SHOW COLUMNS FROM `php2018_goodstype` [ RunTime:0.008001s ]
SQL: SELECT * FROM `php2018_goodstype`  [ RunTime:0.000000s ]
SQL: SHOW COLUMNS FROM `php2018_goods` [ RunTime:0.003000s ]
SQL: SELECT * FROM `php2018_goods` WHERE ( `goods_id` = 49 ) LIMIT 1   [ RunTime:0.000000s ]
SQL: SHOW COLUMNS FROM `php2018_goods_cat` [ RunTime:0.020001s ]
SQL: SELECT * FROM `php2018_goods_cat` WHERE ( `goods_id` = '49' )  [ RunTime:0.000000s ]
SQL: SHOW COLUMNS FROM `php2018_number_level` [ RunTime:0.013001s ]
SQL: SELECT * FROM php2018_number_level a LEFT JOIN php2018_number_price as b on a.level_id=b.level_id  WHERE ( b.goods_id = '49' )  [ RunTime:0.021001s ]
SQL: SHOW COLUMNS FROM `php2018_goods_pics` [ RunTime:0.017001s ]
SQL: SELECT * FROM `php2018_goods_pics` WHERE ( `goods_id` = '49' )  [ RunTime:0.000000s ]
SQL: SHOW COLUMNS FROM `php2018_goods_attr` [ RunTime:0.030002s ]
SQL: SELECT * FROM php2018_goods_attr a LEFT JOIN php2018_goodsattribute as b on a.attr_id=b.attr_id  WHERE ( a.goods_id = '49' )  [ RunTime:0.032002s ]
SQL: SHOW COLUMNS FROM `php2018_goodsattribute` [ RunTime:0.002000s ]
SQL: SELECT * FROM `php2018_goodsattribute` WHERE ( `type_id` = '2' ) AND ( `attr_id` NOT IN ('2') )  [ RunTime:0.000000s ]
INFO: [ view_parse ] --START--
INFO: [ template_filter ] --START--
INFO: Run Behavior\ContentReplaceBehavior [ RunTime:0.000000s ]
INFO: [ template_filter ] --END-- [ RunTime:0.000000s ]
NOTIC: [8] Undefined index: attr_value D:\UPUPW_NP5.4\htdocs\pcshop\Application\Runtime\Cache\Admin\608b0c961c661bd6d45820311b4b75a7.php 第 237 行.
INFO: Run Behavior\ParseTemplateBehavior [ RunTime:0.051003s ]
INFO: [ view_parse ] --END-- [ RunTime:0.051003s ]
INFO: [ view_filter ] --START--
INFO: Run Behavior\WriteHtmlCacheBehavior [ RunTime:0.002000s ]
INFO: [ view_filter ] --END-- [ RunTime:0.002000s ]
INFO: [ app_end ] --START--
INFO: Run Behavior\ShowPageTraceBehavior [ RunTime:0.002000s ]
INFO: [ app_end ] --END-- [ RunTime:0.002000s ]

[ 2018-03-30T08:36:11+08:00 ] 127.0.0.1 /index.php/Admin/Goods/edit/goods_id/49.html
INFO: [ app_init ] --START--
INFO: Run Behavior\BuildLiteBehavior [ RunTime:0.000000s ]
INFO: [ app_init ] --END-- [ RunTime:0.000000s ]
INFO: [ app_begin ] --START--
INFO: Run Behavior\ReadHtmlCacheBehavior [ RunTime:0.002000s ]
INFO: [ app_begin ] --END-- [ RunTime:0.002000s ]
SQL: select count(*) has from php2018_privilege where module_name="Admin" and controller_name="Goods" and action_name="edit" [ RunTime:0.001000s ]
NOTIC: [2048] Declaration of Admin\Model\GoodsModel::_after_update() should be compatible with Think\Model::_after_update($data, $options) D:\UPUPW_NP5.4\htdocs\pcshop\Application\Admin\Model\GoodsModel.class.php 第 5 行.
SQL: SHOW COLUMNS FROM `php2018_goods` [ RunTime:0.003000s ]
NOTIC: [8] Undefined index: is_delete D:\UPUPW_NP5.4\htdocs\pcshop\ThinkPHP\Library\Think\Model.class.php 第 1040 行.
SQL: UPDATE `php2018_goods` SET `goods_name`='华为手机',`cat_id`=5,`brand_id`=6,`market_price`='2500.00',`shop_price`='2300.00',`jifen`=100,`jyz`=20,`jifen_price`=100000,`is_promote`=1,`is_hot`=1,`is_new`=0,`is_best`=0,`is_on_sale`=0,`seo_keyword`='111',`seo_description`='2222',`sort_num`=50,`goods_desc`='<p>111</p>',`type_id`=2 WHERE ( `goods_id` = 49 ) [ RunTime:0.001000s ]

[ 2018-03-30T08:36:20+08:00 ] 127.0.0.1 /index.php/Admin/Goods/edit/goods_id/49.html
INFO: [ app_init ] --START--
INFO: Run Behavior\BuildLiteBehavior [ RunTime:0.000000s ]
INFO: [ app_init ] --END-- [ RunTime:0.001000s ]
INFO: [ app_begin ] --START--
INFO: Run Behavior\ReadHtmlCacheBehavior [ RunTime:0.003000s ]
INFO: [ app_begin ] --END-- [ RunTime:0.003000s ]
SQL: select count(*) has from php2018_privilege where module_name="Admin" and controller_name="Goods" and action_name="edit" [ RunTime:0.001000s ]
SQL: SHOW COLUMNS FROM `php2018_goods` [ RunTime:0.004000s ]
SQL: SELECT * FROM `php2018_goods` WHERE ( `goods_id` = 49 ) LIMIT 1   [ RunTime:0.001000s ]
SQL: SHOW COLUMNS FROM `php2018_goodscategory` [ RunTime:0.002000s ]
SQL: SELECT * FROM `php2018_goodscategory`  [ RunTime:0.000000s ]
SQL: SHOW COLUMNS FROM `php2018_goodsbrand` [ RunTime:0.003000s ]
SQL: SELECT * FROM `php2018_goodsbrand`  [ RunTime:0.000000s ]
SQL: SHOW COLUMNS FROM `php2018_goodstype` [ RunTime:0.003000s ]
SQL: SELECT * FROM `php2018_goodstype`  [ RunTime:0.001000s ]
SQL: SHOW COLUMNS FROM `php2018_goods` [ RunTime:0.003000s ]
SQL: SELECT * FROM `php2018_goods` WHERE ( `goods_id` = 49 ) LIMIT 1   [ RunTime:0.000000s ]
SQL: SHOW COLUMNS FROM `php2018_goods_cat` [ RunTime:0.003000s ]
SQL: SELECT * FROM `php2018_goods_cat` WHERE ( `goods_id` = '49' )  [ RunTime:0.001000s ]
SQL: SHOW COLUMNS FROM `php2018_number_level` [ RunTime:0.002001s ]
SQL: SELECT * FROM php2018_number_level a LEFT JOIN php2018_number_price as b on a.level_id=b.level_id  WHERE ( b.goods_id = '49' )  [ RunTime:0.000000s ]
SQL: SHOW COLUMNS FROM `php2018_goods_pics` [ RunTime:0.003000s ]
SQL: SELECT * FROM `php2018_goods_pics` WHERE ( `goods_id` = '49' )  [ RunTime:0.000000s ]
SQL: SHOW COLUMNS FROM `php2018_goods_attr` [ RunTime:0.003000s ]
SQL: SELECT * FROM php2018_goods_attr a LEFT JOIN php2018_goodsattribute as b on a.attr_id=b.attr_id  WHERE ( a.goods_id = '49' )  [ RunTime:0.001000s ]
SQL: SHOW COLUMNS FROM `php2018_goodsattribute` [ RunTime:0.002000s ]
SQL: SELECT * FROM `php2018_goodsattribute` WHERE ( `type_id` = '2' ) AND ( `attr_id` NOT IN ('2') )  [ RunTime:0.000000s ]
INFO: [ view_parse ] --START--
INFO: [ template_filter ] --START--
INFO: Run Behavior\ContentReplaceBehavior [ RunTime:0.001000s ]
INFO: [ template_filter ] --END-- [ RunTime:0.001000s ]
NOTIC: [8] Undefined index: attr_value D:\UPUPW_NP5.4\htdocs\pcshop\Application\Runtime\Cache\Admin\608b0c961c661bd6d45820311b4b75a7.php 第 237 行.
INFO: Run Behavior\ParseTemplateBehavior [ RunTime:0.043003s ]
INFO: [ view_parse ] --END-- [ RunTime:0.043003s ]
INFO: [ view_filter ] --START--
INFO: Run Behavior\WriteHtmlCacheBehavior [ RunTime:0.005000s ]
INFO: [ view_filter ] --END-- [ RunTime:0.005000s ]
INFO: [ app_end ] --START--
INFO: Run Behavior\ShowPageTraceBehavior [ RunTime:0.002000s ]
INFO: [ app_end ] --END-- [ RunTime:0.002000s ]

[ 2018-03-30T08:36:25+08:00 ] 127.0.0.1 /index.php/Admin/Goods/edit/goods_id/49.html
INFO: [ app_init ] --START--
INFO: Run Behavior\BuildLiteBehavior [ RunTime:0.000000s ]
INFO: [ app_init ] --END-- [ RunTime:0.001000s ]
INFO: [ app_begin ] --START--
INFO: Run Behavior\ReadHtmlCacheBehavior [ RunTime:0.002000s ]
INFO: [ app_begin ] --END-- [ RunTime:0.002000s ]
SQL: select count(*) has from php2018_privilege where module_name="Admin" and controller_name="Goods" and action_name="edit" [ RunTime:0.000000s ]
NOTIC: [2048] Declaration of Admin\Model\GoodsModel::_after_update() should be compatible with Think\Model::_after_update($data, $options) D:\UPUPW_NP5.4\htdocs\pcshop\Application\Admin\Model\GoodsModel.class.php 第 5 行.
SQL: SHOW COLUMNS FROM `php2018_goods` [ RunTime:0.003000s ]
NOTIC: [8] Undefined index: is_delete D:\UPUPW_NP5.4\htdocs\pcshop\ThinkPHP\Library\Think\Model.class.php 第 1040 行.
SQL: UPDATE `php2018_goods` SET `goods_name`='华为手机',`cat_id`=5,`brand_id`=6,`market_price`='2500.00',`shop_price`='2300.00',`jifen`=100,`jyz`=20,`jifen_price`=100000,`is_promote`=1,`is_hot`=1,`is_new`=0,`is_best`=0,`is_on_sale`=0,`seo_keyword`='111',`seo_description`='2222',`sort_num`=50,`goods_desc`='<p>111</p>',`type_id`=2 WHERE ( `goods_id` = 49 ) [ RunTime:0.001000s ]

[ 2018-03-30T11:12:27+08:00 ] 127.0.0.1 /index.php/Admin/Index/index.html
INFO: [ app_init ] --START--
INFO: Run Behavior\BuildLiteBehavior [ RunTime:0.000000s ]
INFO: [ app_init ] --END-- [ RunTime:0.000000s ]
INFO: [ app_begin ] --START--
INFO: Run Behavior\ReadHtmlCacheBehavior [ RunTime:0.003000s ]
INFO: [ app_begin ] --END-- [ RunTime:0.012001s ]
INFO: [ view_parse ] --START--
INFO: [ template_filter ] --START--
INFO: Run Behavior\ContentReplaceBehavior [ RunTime:0.000000s ]
INFO: [ template_filter ] --END-- [ RunTime:0.000000s ]
INFO: Run Behavior\ParseTemplateBehavior [ RunTime:0.057003s ]
INFO: [ view_parse ] --END-- [ RunTime:0.058003s ]
INFO: [ view_filter ] --START--
INFO: Run Behavior\WriteHtmlCacheBehavior [ RunTime:0.004000s ]
INFO: [ view_filter ] --END-- [ RunTime:0.004000s ]
INFO: [ app_end ] --START--
INFO: Run Behavior\ShowPageTraceBehavior [ RunTime:0.005001s ]
INFO: [ app_end ] --END-- [ RunTime:0.005001s ]

[ 2018-03-30T11:12:27+08:00 ] 127.0.0.1 /index.php/Admin/Index/top
INFO: [ app_init ] --START--
INFO: Run Behavior\BuildLiteBehavior [ RunTime:0.000000s ]
INFO: [ app_init ] --END-- [ RunTime:0.001000s ]
INFO: [ app_begin ] --START--
INFO: Run Behavior\ReadHtmlCacheBehavior [ RunTime:0.002001s ]
INFO: [ app_begin ] --END-- [ RunTime:0.002001s ]
INFO: [ view_parse ] --START--
INFO: [ template_filter ] --START--
INFO: Run Behavior\ContentReplaceBehavior [ RunTime:0.000000s ]
INFO: [ template_filter ] --END-- [ RunTime:0.000000s ]
INFO: Run Behavior\ParseTemplateBehavior [ RunTime:0.022001s ]
INFO: [ view_parse ] --END-- [ RunTime:0.022001s ]
INFO: [ view_filter ] --START--
INFO: Run Behavior\WriteHtmlCacheBehavior [ RunTime:0.002001s ]
INFO: [ view_filter ] --END-- [ RunTime:0.002001s ]
INFO: [ app_end ] --START--
INFO: Run Behavior\ShowPageTraceBehavior [ RunTime:0.003000s ]
INFO: [ app_end ] --END-- [ RunTime:0.003000s ]

[ 2018-03-30T11:12:28+08:00 ] 127.0.0.1 /index.php/Admin/Index/menu
INFO: [ app_init ] --START--
INFO: Run Behavior\BuildLiteBehavior [ RunTime:0.000000s ]
INFO: [ app_init ] --END-- [ RunTime:0.000000s ]
INFO: [ app_begin ] --START--
INFO: Run Behavior\ReadHtmlCacheBehavior [ RunTime:0.003001s ]
INFO: [ app_begin ] --END-- [ RunTime:0.003001s ]
SQL: SHOW COLUMNS FROM `php2018_privilege` [ RunTime:0.046003s ]
SQL: SELECT * FROM `php2018_privilege`  [ RunTime:0.006000s ]
INFO: [ view_parse ] --START--
INFO: [ template_filter ] --START--
INFO: Run Behavior\ContentReplaceBehavior [ RunTime:0.000000s ]
INFO: [ template_filter ] --END-- [ RunTime:0.000000s ]
INFO: Run Behavior\ParseTemplateBehavior [ RunTime:0.045003s ]
INFO: [ view_parse ] --END-- [ RunTime:0.045003s ]
INFO: [ view_filter ] --START--
INFO: Run Behavior\WriteHtmlCacheBehavior [ RunTime:0.003000s ]
INFO: [ view_filter ] --END-- [ RunTime:0.003000s ]
INFO: [ app_end ] --START--
INFO: Run Behavior\ShowPageTraceBehavior [ RunTime:0.003000s ]
INFO: [ app_end ] --END-- [ RunTime:0.003000s ]

[ 2018-03-30T11:12:28+08:00 ] 127.0.0.1 /index.php/Admin/Index/main
INFO: [ app_init ] --START--
INFO: Run Behavior\BuildLiteBehavior [ RunTime:0.000000s ]
INFO: [ app_init ] --END-- [ RunTime:0.001000s ]
INFO: [ app_begin ] --START--
INFO: Run Behavior\ReadHtmlCacheBehavior [ RunTime:0.003000s ]
INFO: [ app_begin ] --END-- [ RunTime:0.003000s ]
INFO: [ view_parse ] --START--
NOTIC: [2] file_get_contents(./Application/Admin/View/Index/footer.html): failed to open stream: No such file or directory D:\UPUPW_NP5.4\htdocs\pcshop\ThinkPHP\Library\Think\Template.class.php 第 696 行.
INFO: [ template_filter ] --START--
INFO: Run Behavior\ContentReplaceBehavior [ RunTime:0.000000s ]
INFO: [ template_filter ] --END-- [ RunTime:0.001000s ]
INFO: Run Behavior\ParseTemplateBehavior [ RunTime:0.042002s ]
INFO: [ view_parse ] --END-- [ RunTime:0.042002s ]
INFO: [ view_filter ] --START--
INFO: Run Behavior\WriteHtmlCacheBehavior [ RunTime:0.002000s ]
INFO: [ view_filter ] --END-- [ RunTime:0.002000s ]
INFO: [ app_end ] --START--
INFO: Run Behavior\ShowPageTraceBehavior [ RunTime:0.003000s ]
INFO: [ app_end ] --END-- [ RunTime:0.003000s ]

[ 2018-03-30T11:12:29+08:00 ] 127.0.0.1 /index.php/Admin/Goods/lst.html
INFO: [ app_init ] --START--
INFO: Run Behavior\BuildLiteBehavior [ RunTime:0.000000s ]
INFO: [ app_init ] --END-- [ RunTime:0.001000s ]
INFO: [ app_begin ] --START--
INFO: Run Behavior\ReadHtmlCacheBehavior [ RunTime:0.002000s ]
INFO: [ app_begin ] --END-- [ RunTime:0.002000s ]
SQL: select count(*) has from php2018_privilege where module_name="Admin" and controller_name="Goods" and action_name="lst" [ RunTime:0.001000s ]
NOTIC: [2048] Declaration of Admin\Model\GoodsModel::_after_update() should be compatible with Think\Model::_after_update($data, $options) D:\UPUPW_NP5.4\htdocs\pcshop\Application\Admin\Model\GoodsModel.class.php 第 5 行.
SQL: SHOW COLUMNS FROM `php2018_goods` [ RunTime:0.003000s ]
SQL: SELECT COUNT(*) AS tp_count FROM php2018_goods a LIMIT 1   [ RunTime:0.000000s ]
SQL: SELECT * FROM php2018_goods a GROUP BY a.goods_id LIMIT 0,5   [ RunTime:0.001000s ]
INFO: [ view_parse ] --START--
INFO: [ template_filter ] --START--
INFO: Run Behavior\ContentReplaceBehavior [ RunTime:0.000000s ]
INFO: [ template_filter ] --END-- [ RunTime:0.000000s ]
INFO: Run Behavior\ParseTemplateBehavior [ RunTime:0.045002s ]
INFO: [ view_parse ] --END-- [ RunTime:0.045002s ]
INFO: [ view_filter ] --START--
INFO: Run Behavior\WriteHtmlCacheBehavior [ RunTime:0.002000s ]
INFO: [ view_filter ] --END-- [ RunTime:0.002000s ]
INFO: [ app_end ] --START--
INFO: Run Behavior\ShowPageTraceBehavior [ RunTime:0.002000s ]
INFO: [ app_end ] --END-- [ RunTime:0.002000s ]

[ 2018-03-30T11:12:48+08:00 ] 127.0.0.1 /index.php/Admin/Goods/edit/goods_id/66.html
INFO: [ app_init ] --START--
INFO: Run Behavior\BuildLiteBehavior [ RunTime:0.000000s ]
INFO: [ app_init ] --END-- [ RunTime:0.000000s ]
INFO: [ app_begin ] --START--
INFO: Run Behavior\ReadHtmlCacheBehavior [ RunTime:0.002001s ]
INFO: [ app_begin ] --END-- [ RunTime:0.002001s ]
SQL: select count(*) has from php2018_privilege where module_name="Admin" and controller_name="Goods" and action_name="edit" [ RunTime:0.000000s ]
SQL: SHOW COLUMNS FROM `php2018_goods` [ RunTime:0.003001s ]
SQL: SELECT * FROM `php2018_goods` WHERE ( `goods_id` = 66 ) LIMIT 1   [ RunTime:0.020001s ]
SQL: SHOW COLUMNS FROM `php2018_goodscategory` [ RunTime:0.003001s ]
SQL: SELECT * FROM `php2018_goodscategory`  [ RunTime:0.001000s ]
SQL: SHOW COLUMNS FROM `php2018_goodsbrand` [ RunTime:0.002000s ]
SQL: SELECT * FROM `php2018_goodsbrand`  [ RunTime:0.000000s ]
SQL: SHOW COLUMNS FROM `php2018_goodstype` [ RunTime:0.003000s ]
SQL: SELECT * FROM `php2018_goodstype`  [ RunTime:0.000000s ]
SQL: SHOW COLUMNS FROM `php2018_goods` [ RunTime:0.003000s ]
SQL: SELECT * FROM `php2018_goods` WHERE ( `goods_id` = 66 ) LIMIT 1   [ RunTime:0.000000s ]
SQL: SHOW COLUMNS FROM `php2018_goods_cat` [ RunTime:0.002000s ]
SQL: SELECT * FROM `php2018_goods_cat` WHERE ( `goods_id` = '66' )  [ RunTime:0.008001s ]
SQL: SHOW COLUMNS FROM `php2018_number_level` [ RunTime:0.002000s ]
SQL: SELECT * FROM php2018_number_level a LEFT JOIN php2018_number_price as b on a.level_id=b.level_id  WHERE ( b.goods_id = '66' )  [ RunTime:0.000000s ]
SQL: SHOW COLUMNS FROM `php2018_goods_pics` [ RunTime:0.003000s ]
SQL: SELECT * FROM `php2018_goods_pics` WHERE ( `goods_id` = '66' )  [ RunTime:0.001000s ]
SQL: SHOW COLUMNS FROM `php2018_goods_attr` [ RunTime:0.002000s ]
SQL: SELECT * FROM php2018_goods_attr a LEFT JOIN php2018_goodsattribute as b on a.attr_id=b.attr_id  WHERE ( a.goods_id = '66' )  [ RunTime:0.000000s ]
SQL: SHOW COLUMNS FROM `php2018_goodsattribute` [ RunTime:0.003001s ]
SQL: SELECT * FROM `php2018_goodsattribute` WHERE ( `type_id` = '3' ) AND ( `attr_id` NOT IN ('7','8','9','10','11','12') )  [ RunTime:0.019001s ]
NOTIC: [2] array_merge(): Argument #2 is not an array D:\UPUPW_NP5.4\htdocs\pcshop\Application\Admin\Controller\GoodsController.class.php 第 92 行.
INFO: [ view_parse ] --START--
INFO: [ template_filter ] --START--
INFO: Run Behavior\ContentReplaceBehavior [ RunTime:0.000000s ]
INFO: [ template_filter ] --END-- [ RunTime:0.000000s ]
INFO: Run Behavior\ParseTemplateBehavior [ RunTime:0.035002s ]
INFO: [ view_parse ] --END-- [ RunTime:0.035002s ]
INFO: [ view_filter ] --START--
INFO: Run Behavior\WriteHtmlCacheBehavior [ RunTime:0.003000s ]
INFO: [ view_filter ] --END-- [ RunTime:0.003000s ]
INFO: [ app_end ] --START--
INFO: Run Behavior\ShowPageTraceBehavior [ RunTime:0.002000s ]
INFO: [ app_end ] --END-- [ RunTime:0.002000s ]

[ 2018-03-30T11:12:52+08:00 ] 127.0.0.1 /index.php/Admin/Goods/edit/goods_id/66.html
INFO: [ app_init ] --START--
INFO: Run Behavior\BuildLiteBehavior [ RunTime:0.000000s ]
INFO: [ app_init ] --END-- [ RunTime:0.001000s ]
INFO: [ app_begin ] --START--
INFO: Run Behavior\ReadHtmlCacheBehavior [ RunTime:0.002000s ]
INFO: [ app_begin ] --END-- [ RunTime:0.002000s ]
SQL: select count(*) has from php2018_privilege where module_name="Admin" and controller_name="Goods" and action_name="edit" [ RunTime:0.001000s ]
NOTIC: [2048] Declaration of Admin\Model\GoodsModel::_after_update() should be compatible with Think\Model::_after_update($data, $options) D:\UPUPW_NP5.4\htdocs\pcshop\Application\Admin\Model\GoodsModel.class.php 第 5 行.
SQL: SHOW COLUMNS FROM `php2018_goods` [ RunTime:0.012001s ]
NOTIC: [8] Undefined index: is_delete D:\UPUPW_NP5.4\htdocs\pcshop\ThinkPHP\Library\Think\Model.class.php 第 1040 行.
SQL: UPDATE `php2018_goods` SET `goods_name`='手机',`cat_id`=5,`brand_id`=5,`market_price`='0.00',`shop_price`='0.00',`jifen`=0,`jyz`=0,`jifen_price`=0,`is_hot`=0,`is_new`=0,`is_best`=0,`is_on_sale`=1,`seo_keyword`='',`seo_description`='',`sort_num`=100,`goods_desc`='',`type_id`=3 WHERE ( `goods_id` = 66 ) [ RunTime:0.001000s ]
SQL: SHOW COLUMNS FROM `php2018_goods_cat` [ RunTime:0.003000s ]
NOTIC: [8] Undefined index: id D:\UPUPW_NP5.4\htdocs\pcshop\Application\Admin\Model\GoodsModel.class.php 第 196 行.
SQL: DELETE FROM `php2018_goods_cat` WHERE ( `goods_id` = null ) [ RunTime:0.000000s ]
INFO: [ view_parse ] --START--
INFO: [ template_filter ] --START--
INFO: Run Behavior\ContentReplaceBehavior [ RunTime:0.000000s ]
INFO: [ template_filter ] --END-- [ RunTime:0.000000s ]
INFO: Run Behavior\ParseTemplateBehavior [ RunTime:0.029002s ]
INFO: [ view_parse ] --END-- [ RunTime:0.029002s ]
INFO: [ view_filter ] --START--
INFO: Run Behavior\WriteHtmlCacheBehavior [ RunTime:0.002000s ]
INFO: [ view_filter ] --END-- [ RunTime:0.002000s ]

[ 2018-03-30T11:12:53+08:00 ] 127.0.0.1 /index.php/Admin/Goods/lst/p/1.html
INFO: [ app_init ] --START--
INFO: Run Behavior\BuildLiteBehavior [ RunTime:0.000000s ]
INFO: [ app_init ] --END-- [ RunTime:0.000000s ]
INFO: [ app_begin ] --START--
INFO: Run Behavior\ReadHtmlCacheBehavior [ RunTime:0.002001s ]
INFO: [ app_begin ] --END-- [ RunTime:0.002001s ]
SQL: select count(*) has from php2018_privilege where module_name="Admin" and controller_name="Goods" and action_name="lst" [ RunTime:0.001000s ]
NOTIC: [2048] Declaration of Admin\Model\GoodsModel::_after_update() should be compatible with Think\Model::_after_update($data, $options) D:\UPUPW_NP5.4\htdocs\pcshop\Application\Admin\Model\GoodsModel.class.php 第 5 行.
SQL: SHOW COLUMNS FROM `php2018_goods` [ RunTime:0.004001s ]
SQL: SELECT COUNT(*) AS tp_count FROM php2018_goods a LIMIT 1   [ RunTime:0.001000s ]
SQL: SELECT * FROM php2018_goods a GROUP BY a.goods_id LIMIT 0,5   [ RunTime:0.000000s ]
INFO: [ view_parse ] --START--
INFO: [ template_filter ] --START--
INFO: Run Behavior\ContentReplaceBehavior [ RunTime:0.000000s ]
INFO: [ template_filter ] --END-- [ RunTime:0.000000s ]
INFO: Run Behavior\ParseTemplateBehavior [ RunTime:0.092005s ]
INFO: [ view_parse ] --END-- [ RunTime:0.092005s ]
INFO: [ view_filter ] --START--
INFO: Run Behavior\WriteHtmlCacheBehavior [ RunTime:0.002000s ]
INFO: [ view_filter ] --END-- [ RunTime:0.002000s ]
INFO: [ app_end ] --START--
INFO: Run Behavior\ShowPageTraceBehavior [ RunTime:0.003000s ]
INFO: [ app_end ] --END-- [ RunTime:0.003000s ]

[ 2018-03-30T11:13:58+08:00 ] 127.0.0.1 /index.php/Admin/Index/index.html
INFO: [ app_init ] --START--
INFO: Run Behavior\BuildLiteBehavior [ RunTime:0.000000s ]
INFO: [ app_init ] --END-- [ RunTime:0.000000s ]
INFO: [ app_begin ] --START--
INFO: Run Behavior\ReadHtmlCacheBehavior [ RunTime:0.003000s ]
INFO: [ app_begin ] --END-- [ RunTime:0.003000s ]
INFO: [ view_parse ] --START--
INFO: [ template_filter ] --START--
INFO: Run Behavior\ContentReplaceBehavior [ RunTime:0.000000s ]
INFO: [ template_filter ] --END-- [ RunTime:0.000000s ]
INFO: Run Behavior\ParseTemplateBehavior [ RunTime:0.012001s ]
INFO: [ view_parse ] --END-- [ RunTime:0.012001s ]
INFO: [ view_filter ] --START--
INFO: Run Behavior\WriteHtmlCacheBehavior [ RunTime:0.003000s ]
INFO: [ view_filter ] --END-- [ RunTime:0.003000s ]
INFO: [ app_end ] --START--
INFO: Run Behavior\ShowPageTraceBehavior [ RunTime:0.002000s ]
INFO: [ app_end ] --END-- [ RunTime:0.002000s ]

[ 2018-03-30T11:13:58+08:00 ] 127.0.0.1 /index.php/Admin/Index/top
INFO: [ app_init ] --START--
INFO: Run Behavior\BuildLiteBehavior [ RunTime:0.000000s ]
INFO: [ app_init ] --END-- [ RunTime:0.000000s ]
INFO: [ app_begin ] --START--
INFO: Run Behavior\ReadHtmlCacheBehavior [ RunTime:0.002000s ]
INFO: [ app_begin ] --END-- [ RunTime:0.002000s ]
INFO: [ view_parse ] --START--
INFO: [ template_filter ] --START--
INFO: Run Behavior\ContentReplaceBehavior [ RunTime:0.000000s ]
INFO: [ template_filter ] --END-- [ RunTime:0.000000s ]
INFO: Run Behavior\ParseTemplateBehavior [ RunTime:0.070004s ]
INFO: [ view_parse ] --END-- [ RunTime:0.070004s ]
INFO: [ view_filter ] --START--
INFO: Run Behavior\WriteHtmlCacheBehavior [ RunTime:0.012001s ]
INFO: [ view_filter ] --END-- [ RunTime:0.012001s ]
INFO: [ app_end ] --START--
INFO: Run Behavior\ShowPageTraceBehavior [ RunTime:0.009000s ]
INFO: [ app_end ] --END-- [ RunTime:0.009000s ]

[ 2018-03-30T11:13:58+08:00 ] 127.0.0.1 /index.php/Admin/Index/menu
INFO: [ app_init ] --START--
INFO: Run Behavior\BuildLiteBehavior [ RunTime:0.000000s ]
INFO: [ app_init ] --END-- [ RunTime:0.000000s ]
INFO: [ app_begin ] --START--
INFO: Run Behavior\ReadHtmlCacheBehavior [ RunTime:0.002000s ]
INFO: [ app_begin ] --END-- [ RunTime:0.002000s ]
SQL: SHOW COLUMNS FROM `php2018_privilege` [ RunTime:0.003000s ]
SQL: SELECT * FROM `php2018_privilege`  [ RunTime:0.000000s ]
INFO: [ view_parse ] --START--
INFO: [ template_filter ] --START--
INFO: Run Behavior\ContentReplaceBehavior [ RunTime:0.000000s ]
INFO: [ template_filter ] --END-- [ RunTime:0.000000s ]
INFO: Run Behavior\ParseTemplateBehavior [ RunTime:0.012001s ]
INFO: [ view_parse ] --END-- [ RunTime:0.012001s ]
INFO: [ view_filter ] --START--
INFO: Run Behavior\WriteHtmlCacheBehavior [ RunTime:0.001000s ]
INFO: [ view_filter ] --END-- [ RunTime:0.001000s ]
INFO: [ app_end ] --START--
INFO: Run Behavior\ShowPageTraceBehavior [ RunTime:0.002000s ]
INFO: [ app_end ] --END-- [ RunTime:0.002000s ]

[ 2018-03-30T11:13:58+08:00 ] 127.0.0.1 /index.php/Admin/Index/main
INFO: [ app_init ] --START--
INFO: Run Behavior\BuildLiteBehavior [ RunTime:0.000000s ]
INFO: [ app_init ] --END-- [ RunTime:0.000000s ]
INFO: [ app_begin ] --START--
INFO: Run Behavior\ReadHtmlCacheBehavior [ RunTime:0.002000s ]
INFO: [ app_begin ] --END-- [ RunTime:0.002000s ]
INFO: [ view_parse ] --START--
NOTIC: [2] file_get_contents(./Application/Admin/View/Index/footer.html): failed to open stream: No such file or directory D:\UPUPW_NP5.4\htdocs\pcshop\ThinkPHP\Library\Think\Template.class.php 第 696 行.
INFO: [ template_filter ] --START--
INFO: Run Behavior\ContentReplaceBehavior [ RunTime:0.000000s ]
INFO: [ template_filter ] --END-- [ RunTime:0.000000s ]
INFO: Run Behavior\ParseTemplateBehavior [ RunTime:0.016001s ]
INFO: [ view_parse ] --END-- [ RunTime:0.016001s ]
INFO: [ view_filter ] --START--
INFO: Run Behavior\WriteHtmlCacheBehavior [ RunTime:0.002000s ]
INFO: [ view_filter ] --END-- [ RunTime:0.002000s ]
INFO: [ app_end ] --START--
INFO: Run Behavior\ShowPageTraceBehavior [ RunTime:0.002000s ]
INFO: [ app_end ] --END-- [ RunTime:0.002000s ]

[ 2018-03-30T11:14:00+08:00 ] 127.0.0.1 /index.php/Admin/Goods/lst.html
INFO: [ app_init ] --START--
INFO: Run Behavior\BuildLiteBehavior [ RunTime:0.000000s ]
INFO: [ app_init ] --END-- [ RunTime:0.000000s ]
INFO: [ app_begin ] --START--
INFO: Run Behavior\ReadHtmlCacheBehavior [ RunTime:0.002000s ]
INFO: [ app_begin ] --END-- [ RunTime:0.002000s ]
SQL: select count(*) has from php2018_privilege where module_name="Admin" and controller_name="Goods" and action_name="lst" [ RunTime:0.001000s ]
NOTIC: [2048] Declaration of Admin\Model\GoodsModel::_after_update() should be compatible with Think\Model::_after_update($data, $options) D:\UPUPW_NP5.4\htdocs\pcshop\Application\Admin\Model\GoodsModel.class.php 第 5 行.
SQL: SHOW COLUMNS FROM `php2018_goods` [ RunTime:0.003000s ]
SQL: SELECT COUNT(*) AS tp_count FROM php2018_goods a LIMIT 1   [ RunTime:0.000000s ]
SQL: SELECT * FROM php2018_goods a GROUP BY a.goods_id LIMIT 0,5   [ RunTime:0.000000s ]
INFO: [ view_parse ] --START--
INFO: [ template_filter ] --START--
INFO: Run Behavior\ContentReplaceBehavior [ RunTime:0.000000s ]
INFO: [ template_filter ] --END-- [ RunTime:0.000000s ]
INFO: Run Behavior\ParseTemplateBehavior [ RunTime:0.022002s ]
INFO: [ view_parse ] --END-- [ RunTime:0.022002s ]
INFO: [ view_filter ] --START--
INFO: Run Behavior\WriteHtmlCacheBehavior [ RunTime:0.002000s ]
INFO: [ view_filter ] --END-- [ RunTime:0.002000s ]
INFO: [ app_end ] --START--
INFO: Run Behavior\ShowPageTraceBehavior [ RunTime:0.002000s ]
INFO: [ app_end ] --END-- [ RunTime:0.002000s ]

[ 2018-03-30T11:14:03+08:00 ] 127.0.0.1 /index.php/Admin/Goods/edit/goods_id/66.html
INFO: [ app_init ] --START--
INFO: Run Behavior\BuildLiteBehavior [ RunTime:0.000000s ]
INFO: [ app_init ] --END-- [ RunTime:0.000000s ]
INFO: [ app_begin ] --START--
INFO: Run Behavior\ReadHtmlCacheBehavior [ RunTime:0.002000s ]
INFO: [ app_begin ] --END-- [ RunTime:0.002000s ]
SQL: select count(*) has from php2018_privilege where module_name="Admin" and controller_name="Goods" and action_name="edit" [ RunTime:0.001000s ]
SQL: SHOW COLUMNS FROM `php2018_goods` [ RunTime:0.003000s ]
SQL: SELECT * FROM `php2018_goods` WHERE ( `goods_id` = 66 ) LIMIT 1   [ RunTime:0.001000s ]
SQL: SHOW COLUMNS FROM `php2018_goodscategory` [ RunTime:0.003001s ]
SQL: SELECT * FROM `php2018_goodscategory`  [ RunTime:0.001000s ]
SQL: SHOW COLUMNS FROM `php2018_goodsbrand` [ RunTime:0.003000s ]
SQL: SELECT * FROM `php2018_goodsbrand`  [ RunTime:0.000000s ]
SQL: SHOW COLUMNS FROM `php2018_goodstype` [ RunTime:0.003000s ]
SQL: SELECT * FROM `php2018_goodstype`  [ RunTime:0.000000s ]
SQL: SHOW COLUMNS FROM `php2018_goods` [ RunTime:0.003000s ]
SQL: SELECT * FROM `php2018_goods` WHERE ( `goods_id` = 66 ) LIMIT 1   [ RunTime:0.000000s ]
SQL: SHOW COLUMNS FROM `php2018_goods_cat` [ RunTime:0.003000s ]
SQL: SELECT * FROM `php2018_goods_cat` WHERE ( `goods_id` = '66' )  [ RunTime:0.000000s ]
SQL: SHOW COLUMNS FROM `php2018_number_level` [ RunTime:0.002001s ]
SQL: SELECT * FROM php2018_number_level a LEFT JOIN php2018_number_price as b on a.level_id=b.level_id  WHERE ( b.goods_id = '66' )  [ RunTime:0.000000s ]
SQL: SHOW COLUMNS FROM `php2018_goods_pics` [ RunTime:0.003000s ]
SQL: SELECT * FROM `php2018_goods_pics` WHERE ( `goods_id` = '66' )  [ RunTime:0.000000s ]
SQL: SHOW COLUMNS FROM `php2018_goods_attr` [ RunTime:0.003000s ]
SQL: SELECT * FROM php2018_goods_attr a LEFT JOIN php2018_goodsattribute as b on a.attr_id=b.attr_id  WHERE ( a.goods_id = '66' )  [ RunTime:0.001000s ]
SQL: SHOW COLUMNS FROM `php2018_goodsattribute` [ RunTime:0.003000s ]
SQL: SELECT * FROM `php2018_goodsattribute` WHERE ( `type_id` = '3' ) AND ( `attr_id` NOT IN ('7','8','9','10','11','12') )  [ RunTime:0.001000s ]
NOTIC: [2] array_merge(): Argument #2 is not an array D:\UPUPW_NP5.4\htdocs\pcshop\Application\Admin\Controller\GoodsController.class.php 第 92 行.
INFO: [ view_parse ] --START--
INFO: [ template_filter ] --START--
INFO: Run Behavior\ContentReplaceBehavior [ RunTime:0.000000s ]
INFO: [ template_filter ] --END-- [ RunTime:0.000000s ]
INFO: Run Behavior\ParseTemplateBehavior [ RunTime:0.024002s ]
INFO: [ view_parse ] --END-- [ RunTime:0.024002s ]
INFO: [ view_filter ] --START--
INFO: Run Behavior\WriteHtmlCacheBehavior [ RunTime:0.002000s ]
INFO: [ view_filter ] --END-- [ RunTime:0.002000s ]
INFO: [ app_end ] --START--
INFO: Run Behavior\ShowPageTraceBehavior [ RunTime:0.002000s ]
INFO: [ app_end ] --END-- [ RunTime:0.002000s ]

[ 2018-03-30T11:14:06+08:00 ] 127.0.0.1 /index.php/Admin/Goods/edit/goods_id/66.html
INFO: [ app_init ] --START--
INFO: Run Behavior\BuildLiteBehavior [ RunTime:0.000000s ]
INFO: [ app_init ] --END-- [ RunTime:0.000000s ]
INFO: [ app_begin ] --START--
INFO: Run Behavior\ReadHtmlCacheBehavior [ RunTime:0.003000s ]
INFO: [ app_begin ] --END-- [ RunTime:0.003000s ]
SQL: select count(*) has from php2018_privilege where module_name="Admin" and controller_name="Goods" and action_name="edit" [ RunTime:0.000000s ]
NOTIC: [2048] Declaration of Admin\Model\GoodsModel::_after_update() should be compatible with Think\Model::_after_update($data, $options) D:\UPUPW_NP5.4\htdocs\pcshop\Application\Admin\Model\GoodsModel.class.php 第 5 行.
SQL: SHOW COLUMNS FROM `php2018_goods` [ RunTime:0.003000s ]
NOTIC: [8] Undefined index: is_delete D:\UPUPW_NP5.4\htdocs\pcshop\ThinkPHP\Library\Think\Model.class.php 第 1040 行.
SQL: UPDATE `php2018_goods` SET `goods_name`='手机',`cat_id`=5,`brand_id`=5,`market_price`='0.00',`shop_price`='0.00',`jifen`=0,`jyz`=0,`jifen_price`=0,`is_hot`=0,`is_new`=0,`is_best`=0,`is_on_sale`=1,`seo_keyword`='',`seo_description`='',`sort_num`=100,`goods_desc`='',`type_id`=3 WHERE ( `goods_id` = 66 ) [ RunTime:0.001000s ]

[ 2018-03-30T11:14:39+08:00 ] 127.0.0.1 /index.php/Admin/Goods/lst.html
INFO: [ app_init ] --START--
INFO: Run Behavior\BuildLiteBehavior [ RunTime:0.000000s ]
INFO: [ app_init ] --END-- [ RunTime:0.000000s ]
INFO: [ app_begin ] --START--
INFO: Run Behavior\ReadHtmlCacheBehavior [ RunTime:0.003000s ]
INFO: [ app_begin ] --END-- [ RunTime:0.003000s ]
SQL: select count(*) has from php2018_privilege where module_name="Admin" and controller_name="Goods" and action_name="lst" [ RunTime:0.000000s ]
NOTIC: [2048] Declaration of Admin\Model\GoodsModel::_after_update() should be compatible with Think\Model::_after_update($data, $options) D:\UPUPW_NP5.4\htdocs\pcshop\Application\Admin\Model\GoodsModel.class.php 第 5 行.
SQL: SHOW COLUMNS FROM `php2018_goods` [ RunTime:0.005000s ]
SQL: SELECT COUNT(*) AS tp_count FROM php2018_goods a LIMIT 1   [ RunTime:0.001000s ]
SQL: SELECT * FROM php2018_goods a GROUP BY a.goods_id LIMIT 0,5   [ RunTime:0.001000s ]
INFO: [ view_parse ] --START--
INFO: [ template_filter ] --START--
INFO: Run Behavior\ContentReplaceBehavior [ RunTime:0.000000s ]
INFO: [ template_filter ] --END-- [ RunTime:0.000000s ]
INFO: Run Behavior\ParseTemplateBehavior [ RunTime:0.026001s ]
INFO: [ view_parse ] --END-- [ RunTime:0.026001s ]
INFO: [ view_filter ] --START--
INFO: Run Behavior\WriteHtmlCacheBehavior [ RunTime:0.004001s ]
INFO: [ view_filter ] --END-- [ RunTime:0.004001s ]
INFO: [ app_end ] --START--
INFO: Run Behavior\ShowPageTraceBehavior [ RunTime:0.003000s ]
INFO: [ app_end ] --END-- [ RunTime:0.004000s ]

[ 2018-03-30T11:14:40+08:00 ] 127.0.0.1 /index.php/Admin/Goods/edit/goods_id/66.html
INFO: [ app_init ] --START--
INFO: Run Behavior\BuildLiteBehavior [ RunTime:0.000000s ]
INFO: [ app_init ] --END-- [ RunTime:0.001000s ]
INFO: [ app_begin ] --START--
INFO: Run Behavior\ReadHtmlCacheBehavior [ RunTime:0.002000s ]
INFO: [ app_begin ] --END-- [ RunTime:0.002000s ]
SQL: select count(*) has from php2018_privilege where module_name="Admin" and controller_name="Goods" and action_name="edit" [ RunTime:0.001000s ]
SQL: SHOW COLUMNS FROM `php2018_goods` [ RunTime:0.003001s ]
SQL: SELECT * FROM `php2018_goods` WHERE ( `goods_id` = 66 ) LIMIT 1   [ RunTime:0.000000s ]
SQL: SHOW COLUMNS FROM `php2018_goodscategory` [ RunTime:0.003000s ]
SQL: SELECT * FROM `php2018_goodscategory`  [ RunTime:0.000000s ]
SQL: SHOW COLUMNS FROM `php2018_goodsbrand` [ RunTime:0.003000s ]
SQL: SELECT * FROM `php2018_goodsbrand`  [ RunTime:0.000000s ]
SQL: SHOW COLUMNS FROM `php2018_goodstype` [ RunTime:0.002000s ]
SQL: SELECT * FROM `php2018_goodstype`  [ RunTime:0.001000s ]
SQL: SHOW COLUMNS FROM `php2018_goods` [ RunTime:0.002001s ]
SQL: SELECT * FROM `php2018_goods` WHERE ( `goods_id` = 66 ) LIMIT 1   [ RunTime:0.000000s ]
SQL: SHOW COLUMNS FROM `php2018_goods_cat` [ RunTime:0.003000s ]
SQL: SELECT * FROM `php2018_goods_cat` WHERE ( `goods_id` = '66' )  [ RunTime:0.000000s ]
SQL: SHOW COLUMNS FROM `php2018_number_level` [ RunTime:0.003000s ]
SQL: SELECT * FROM php2018_number_level a LEFT JOIN php2018_number_price as b on a.level_id=b.level_id  WHERE ( b.goods_id = '66' )  [ RunTime:0.000000s ]
SQL: SHOW COLUMNS FROM `php2018_goods_pics` [ RunTime:0.003000s ]
SQL: SELECT * FROM `php2018_goods_pics` WHERE ( `goods_id` = '66' )  [ RunTime:0.000000s ]
SQL: SHOW COLUMNS FROM `php2018_goods_attr` [ RunTime:0.003000s ]
SQL: SELECT * FROM php2018_goods_attr a LEFT JOIN php2018_goodsattribute as b on a.attr_id=b.attr_id  WHERE ( a.goods_id = '66' )  [ RunTime:0.000000s ]
SQL: SHOW COLUMNS FROM `php2018_goodsattribute` [ RunTime:0.003001s ]
SQL: SELECT * FROM `php2018_goodsattribute` WHERE ( `type_id` = '3' ) AND ( `attr_id` NOT IN ('7','8','9','10','11','12') )  [ RunTime:0.001000s ]
NOTIC: [2] array_merge(): Argument #2 is not an array D:\UPUPW_NP5.4\htdocs\pcshop\Application\Admin\Controller\GoodsController.class.php 第 92 行.
INFO: [ view_parse ] --START--
INFO: [ template_filter ] --START--
INFO: Run Behavior\ContentReplaceBehavior [ RunTime:0.000000s ]
INFO: [ template_filter ] --END-- [ RunTime:0.000000s ]
INFO: Run Behavior\ParseTemplateBehavior [ RunTime:0.023001s ]
INFO: [ view_parse ] --END-- [ RunTime:0.023001s ]
INFO: [ view_filter ] --START--
INFO: Run Behavior\WriteHtmlCacheBehavior [ RunTime:0.002000s ]
INFO: [ view_filter ] --END-- [ RunTime:0.002000s ]
INFO: [ app_end ] --START--
INFO: Run Behavior\ShowPageTraceBehavior [ RunTime:0.002000s ]
INFO: [ app_end ] --END-- [ RunTime:0.002000s ]

[ 2018-03-30T11:14:44+08:00 ] 127.0.0.1 /index.php/Admin/Goods/edit/goods_id/66.html
INFO: [ app_init ] --START--
INFO: Run Behavior\BuildLiteBehavior [ RunTime:0.000000s ]
INFO: [ app_init ] --END-- [ RunTime:0.000000s ]
INFO: [ app_begin ] --START--
INFO: Run Behavior\ReadHtmlCacheBehavior [ RunTime:0.002000s ]
INFO: [ app_begin ] --END-- [ RunTime:0.002000s ]
SQL: select count(*) has from php2018_privilege where module_name="Admin" and controller_name="Goods" and action_name="edit" [ RunTime:0.001000s ]
SQL: SHOW COLUMNS FROM `php2018_goods` [ RunTime:0.004000s ]
SQL: SELECT * FROM `php2018_goods` WHERE ( `goods_id` = 66 ) LIMIT 1   [ RunTime:0.001000s ]
SQL: SHOW COLUMNS FROM `php2018_goodscategory` [ RunTime:0.003000s ]
SQL: SELECT * FROM `php2018_goodscategory`  [ RunTime:0.000000s ]
SQL: SHOW COLUMNS FROM `php2018_goodsbrand` [ RunTime:0.002000s ]
SQL: SELECT * FROM `php2018_goodsbrand`  [ RunTime:0.000000s ]
SQL: SHOW COLUMNS FROM `php2018_goodstype` [ RunTime:0.003000s ]
SQL: SELECT * FROM `php2018_goodstype`  [ RunTime:0.001000s ]
SQL: SHOW COLUMNS FROM `php2018_goods` [ RunTime:0.003001s ]
SQL: SELECT * FROM `php2018_goods` WHERE ( `goods_id` = 66 ) LIMIT 1   [ RunTime:0.001000s ]
SQL: SHOW COLUMNS FROM `php2018_goods_cat` [ RunTime:0.003000s ]
SQL: SELECT * FROM `php2018_goods_cat` WHERE ( `goods_id` = '66' )  [ RunTime:0.000000s ]
SQL: SHOW COLUMNS FROM `php2018_number_level` [ RunTime:0.003000s ]
SQL: SELECT * FROM php2018_number_level a LEFT JOIN php2018_number_price as b on a.level_id=b.level_id  WHERE ( b.goods_id = '66' )  [ RunTime:0.001000s ]
SQL: SHOW COLUMNS FROM `php2018_goods_pics` [ RunTime:0.003000s ]
SQL: SELECT * FROM `php2018_goods_pics` WHERE ( `goods_id` = '66' )  [ RunTime:0.000000s ]
SQL: SHOW COLUMNS FROM `php2018_goods_attr` [ RunTime:0.003000s ]
SQL: SELECT * FROM php2018_goods_attr a LEFT JOIN php2018_goodsattribute as b on a.attr_id=b.attr_id  WHERE ( a.goods_id = '66' )  [ RunTime:0.001001s ]
SQL: SHOW COLUMNS FROM `php2018_goodsattribute` [ RunTime:0.003000s ]
SQL: SELECT * FROM `php2018_goodsattribute` WHERE ( `type_id` = '3' ) AND ( `attr_id` NOT IN ('7','8','9','10','11','12') )  [ RunTime:0.000000s ]
NOTIC: [2] array_merge(): Argument #2 is not an array D:\UPUPW_NP5.4\htdocs\pcshop\Application\Admin\Controller\GoodsController.class.php 第 92 行.
INFO: [ view_parse ] --START--
INFO: [ template_filter ] --START--
INFO: Run Behavior\ContentReplaceBehavior [ RunTime:0.001000s ]
INFO: [ template_filter ] --END-- [ RunTime:0.001000s ]
INFO: Run Behavior\ParseTemplateBehavior [ RunTime:0.023001s ]
INFO: [ view_parse ] --END-- [ RunTime:0.023001s ]
INFO: [ view_filter ] --START--
INFO: Run Behavior\WriteHtmlCacheBehavior [ RunTime:0.002000s ]
INFO: [ view_filter ] --END-- [ RunTime:0.003000s ]
INFO: [ app_end ] --START--
INFO: Run Behavior\ShowPageTraceBehavior [ RunTime:0.002000s ]
INFO: [ app_end ] --END-- [ RunTime:0.002000s ]

[ 2018-03-30T11:14:48+08:00 ] 127.0.0.1 /index.php/Admin/Goods/edit/goods_id/66.html
INFO: [ app_init ] --START--
INFO: Run Behavior\BuildLiteBehavior [ RunTime:0.000000s ]
INFO: [ app_init ] --END-- [ RunTime:0.001000s ]
INFO: [ app_begin ] --START--
INFO: Run Behavior\ReadHtmlCacheBehavior [ RunTime:0.002001s ]
INFO: [ app_begin ] --END-- [ RunTime:0.002001s ]
SQL: select count(*) has from php2018_privilege where module_name="Admin" and controller_name="Goods" and action_name="edit" [ RunTime:0.000000s ]
NOTIC: [2048] Declaration of Admin\Model\GoodsModel::_after_update() should be compatible with Think\Model::_after_update($data, $options) D:\UPUPW_NP5.4\htdocs\pcshop\Application\Admin\Model\GoodsModel.class.php 第 5 行.
SQL: SHOW COLUMNS FROM `php2018_goods` [ RunTime:0.004000s ]
NOTIC: [8] Undefined index: is_delete D:\UPUPW_NP5.4\htdocs\pcshop\ThinkPHP\Library\Think\Model.class.php 第 1040 行.
SQL: UPDATE `php2018_goods` SET `goods_name`='手机',`cat_id`=5,`brand_id`=5,`market_price`='0.00',`shop_price`='0.00',`jifen`=0,`jyz`=0,`jifen_price`=0,`is_hot`=0,`is_new`=0,`is_best`=0,`is_on_sale`=1,`seo_keyword`='',`seo_description`='',`sort_num`=100,`goods_desc`='',`type_id`=3 WHERE ( `goods_id` = 66 ) [ RunTime:0.001000s ]
SQL: SHOW COLUMNS FROM `php2018_goods_cat` [ RunTime:0.003000s ]
SQL: DELETE FROM `php2018_goods_cat` WHERE ( `goods_id` = 66 ) [ RunTime:0.001000s ]
INFO: [ view_parse ] --START--
INFO: [ template_filter ] --START--
INFO: Run Behavior\ContentReplaceBehavior [ RunTime:0.000000s ]
INFO: [ template_filter ] --END-- [ RunTime:0.000000s ]
INFO: Run Behavior\ParseTemplateBehavior [ RunTime:0.012001s ]
INFO: [ view_parse ] --END-- [ RunTime:0.012001s ]
INFO: [ view_filter ] --START--
INFO: Run Behavior\WriteHtmlCacheBehavior [ RunTime:0.002000s ]
INFO: [ view_filter ] --END-- [ RunTime:0.002000s ]

[ 2018-03-30T11:14:49+08:00 ] 127.0.0.1 /index.php/Admin/Goods/lst/p/1.html
INFO: [ app_init ] --START--
INFO: Run Behavior\BuildLiteBehavior [ RunTime:0.000000s ]
INFO: [ app_init ] --END-- [ RunTime:0.000000s ]
INFO: [ app_begin ] --START--
INFO: Run Behavior\ReadHtmlCacheBehavior [ RunTime:0.003000s ]
INFO: [ app_begin ] --END-- [ RunTime:0.003000s ]
SQL: select count(*) has from php2018_privilege where module_name="Admin" and controller_name="Goods" and action_name="lst" [ RunTime:0.000000s ]
NOTIC: [2048] Declaration of Admin\Model\GoodsModel::_after_update() should be compatible with Think\Model::_after_update($data, $options) ./Application/Admin/Model/GoodsModel.class.php 第 0 行.
SQL: SHOW COLUMNS FROM `php2018_goods` [ RunTime:0.003000s ]
SQL: SELECT COUNT(*) AS tp_count FROM php2018_goods a LIMIT 1   [ RunTime:0.000000s ]
SQL: SELECT * FROM php2018_goods a GROUP BY a.goods_id LIMIT 0,5   [ RunTime:0.001000s ]
INFO: [ view_parse ] --START--
INFO: [ template_filter ] --START--
INFO: Run Behavior\ContentReplaceBehavior [ RunTime:0.000000s ]
INFO: [ template_filter ] --END-- [ RunTime:0.000000s ]
INFO: Run Behavior\ParseTemplateBehavior [ RunTime:0.216013s ]
INFO: [ view_parse ] --END-- [ RunTime:0.216013s ]
INFO: [ view_filter ] --START--
INFO: Run Behavior\WriteHtmlCacheBehavior [ RunTime:0.002000s ]
INFO: [ view_filter ] --END-- [ RunTime:0.002000s ]
INFO: [ app_end ] --START--
INFO: Run Behavior\ShowPageTraceBehavior [ RunTime:0.003000s ]
INFO: [ app_end ] --END-- [ RunTime:0.003000s ]

[ 2018-03-30T11:23:57+08:00 ] 127.0.0.1 /index.php/Admin/Goods/edit/goods_id/64/p/1.html
INFO: [ app_init ] --START--
INFO: Run Behavior\BuildLiteBehavior [ RunTime:0.000000s ]
INFO: [ app_init ] --END-- [ RunTime:0.001000s ]
INFO: [ app_begin ] --START--
INFO: Run Behavior\ReadHtmlCacheBehavior [ RunTime:0.004000s ]
INFO: [ app_begin ] --END-- [ RunTime:0.004000s ]
SQL: select count(*) has from php2018_privilege where module_name="Admin" and controller_name="Goods" and action_name="edit" [ RunTime:0.000000s ]
SQL: SHOW COLUMNS FROM `php2018_goods` [ RunTime:0.004000s ]
SQL: SELECT * FROM `php2018_goods` WHERE ( `goods_id` = 64 ) LIMIT 1   [ RunTime:0.001001s ]
SQL: SHOW COLUMNS FROM `php2018_goodscategory` [ RunTime:0.003000s ]
SQL: SELECT * FROM `php2018_goodscategory`  [ RunTime:0.000000s ]
SQL: SHOW COLUMNS FROM `php2018_goodsbrand` [ RunTime:0.003000s ]
SQL: SELECT * FROM `php2018_goodsbrand`  [ RunTime:0.001000s ]
SQL: SHOW COLUMNS FROM `php2018_goodstype` [ RunTime:0.003000s ]
SQL: SELECT * FROM `php2018_goodstype`  [ RunTime:0.000000s ]
SQL: SHOW COLUMNS FROM `php2018_goods` [ RunTime:0.003001s ]
SQL: SELECT * FROM `php2018_goods` WHERE ( `goods_id` = 64 ) LIMIT 1   [ RunTime:0.000000s ]
SQL: SHOW COLUMNS FROM `php2018_goods_cat` [ RunTime:0.003000s ]
SQL: SELECT * FROM `php2018_goods_cat` WHERE ( `goods_id` = '64' )  [ RunTime:0.001000s ]
SQL: SHOW COLUMNS FROM `php2018_number_level` [ RunTime:0.003000s ]
SQL: SELECT * FROM php2018_number_level a LEFT JOIN php2018_number_price as b on a.level_id=b.level_id  WHERE ( b.goods_id = '64' )  [ RunTime:0.000000s ]
SQL: SHOW COLUMNS FROM `php2018_goods_pics` [ RunTime:0.003000s ]
SQL: SELECT * FROM `php2018_goods_pics` WHERE ( `goods_id` = '64' )  [ RunTime:0.008001s ]
SQL: SHOW COLUMNS FROM `php2018_goods_attr` [ RunTime:0.003000s ]
SQL: SELECT * FROM php2018_goods_attr a LEFT JOIN php2018_goodsattribute as b on a.attr_id=b.attr_id  WHERE ( a.goods_id = '64' )  [ RunTime:0.001000s ]
SQL: SHOW COLUMNS FROM `php2018_goodsattribute` [ RunTime:0.003000s ]
SQL: SELECT * FROM `php2018_goodsattribute` WHERE ( `type_id` = '3' ) AND ( `attr_id` NOT IN ('7','8','9','10','11') )  [ RunTime:0.001000s ]
INFO: [ view_parse ] --START--
INFO: [ template_filter ] --START--
INFO: Run Behavior\ContentReplaceBehavior [ RunTime:0.000000s ]
INFO: [ template_filter ] --END-- [ RunTime:0.000000s ]
NOTIC: [8] Undefined index: attr_value D:\UPUPW_NP5.4\htdocs\pcshop\Application\Runtime\Cache\Admin\608b0c961c661bd6d45820311b4b75a7.php 第 237 行.
NOTIC: [8] Undefined index: attr_value D:\UPUPW_NP5.4\htdocs\pcshop\Application\Runtime\Cache\Admin\608b0c961c661bd6d45820311b4b75a7.php 第 237 行.
NOTIC: [8] Undefined index: attr_value D:\UPUPW_NP5.4\htdocs\pcshop\Application\Runtime\Cache\Admin\608b0c961c661bd6d45820311b4b75a7.php 第 237 行.
INFO: Run Behavior\ParseTemplateBehavior [ RunTime:0.051003s ]
INFO: [ view_parse ] --END-- [ RunTime:0.051003s ]
INFO: [ view_filter ] --START--
INFO: Run Behavior\WriteHtmlCacheBehavior [ RunTime:0.002000s ]
INFO: [ view_filter ] --END-- [ RunTime:0.003000s ]
INFO: [ app_end ] --START--
INFO: Run Behavior\ShowPageTraceBehavior [ RunTime:0.002000s ]
INFO: [ app_end ] --END-- [ RunTime:0.002000s ]

[ 2018-03-30T11:24:05+08:00 ] 127.0.0.1 /index.php/Admin/Goods/edit/goods_id/66/p/1.html
INFO: [ app_init ] --START--
INFO: Run Behavior\BuildLiteBehavior [ RunTime:0.000000s ]
INFO: [ app_init ] --END-- [ RunTime:0.000000s ]
INFO: [ app_begin ] --START--
INFO: Run Behavior\ReadHtmlCacheBehavior [ RunTime:0.002000s ]
INFO: [ app_begin ] --END-- [ RunTime:0.002000s ]
SQL: select count(*) has from php2018_privilege where module_name="Admin" and controller_name="Goods" and action_name="edit" [ RunTime:0.000000s ]
SQL: SHOW COLUMNS FROM `php2018_goods` [ RunTime:0.003001s ]
SQL: SELECT * FROM `php2018_goods` WHERE ( `goods_id` = 66 ) LIMIT 1   [ RunTime:0.001000s ]
SQL: SHOW COLUMNS FROM `php2018_goodscategory` [ RunTime:0.003000s ]
SQL: SELECT * FROM `php2018_goodscategory`  [ RunTime:0.001000s ]
SQL: SHOW COLUMNS FROM `php2018_goodsbrand` [ RunTime:0.002000s ]
SQL: SELECT * FROM `php2018_goodsbrand`  [ RunTime:0.001000s ]
SQL: SHOW COLUMNS FROM `php2018_goodstype` [ RunTime:0.002000s ]
SQL: SELECT * FROM `php2018_goodstype`  [ RunTime:0.000000s ]
SQL: SHOW COLUMNS FROM `php2018_goods` [ RunTime:0.003001s ]
SQL: SELECT * FROM `php2018_goods` WHERE ( `goods_id` = 66 ) LIMIT 1   [ RunTime:0.001000s ]
SQL: SHOW COLUMNS FROM `php2018_goods_cat` [ RunTime:0.002000s ]
SQL: SELECT * FROM `php2018_goods_cat` WHERE ( `goods_id` = '66' )  [ RunTime:0.001000s ]
SQL: SHOW COLUMNS FROM `php2018_number_level` [ RunTime:0.002000s ]
SQL: SELECT * FROM php2018_number_level a LEFT JOIN php2018_number_price as b on a.level_id=b.level_id  WHERE ( b.goods_id = '66' )  [ RunTime:0.001000s ]
SQL: SHOW COLUMNS FROM `php2018_goods_pics` [ RunTime:0.002000s ]
SQL: SELECT * FROM `php2018_goods_pics` WHERE ( `goods_id` = '66' )  [ RunTime:0.001000s ]
SQL: SHOW COLUMNS FROM `php2018_goods_attr` [ RunTime:0.002000s ]
SQL: SELECT * FROM php2018_goods_attr a LEFT JOIN php2018_goodsattribute as b on a.attr_id=b.attr_id  WHERE ( a.goods_id = '66' )  [ RunTime:0.001000s ]
SQL: SHOW COLUMNS FROM `php2018_goodsattribute` [ RunTime:0.002000s ]
SQL: SELECT * FROM `php2018_goodsattribute` WHERE ( `type_id` = '3' ) AND ( `attr_id` NOT IN ('7','8','9','10','11','12') )  [ RunTime:0.000000s ]
NOTIC: [2] array_merge(): Argument #2 is not an array D:\UPUPW_NP5.4\htdocs\pcshop\Application\Admin\Controller\GoodsController.class.php 第 92 行.
INFO: [ view_parse ] --START--
INFO: [ template_filter ] --START--
INFO: Run Behavior\ContentReplaceBehavior [ RunTime:0.000000s ]
INFO: [ template_filter ] --END-- [ RunTime:0.000000s ]
INFO: Run Behavior\ParseTemplateBehavior [ RunTime:0.021002s ]
INFO: [ view_parse ] --END-- [ RunTime:0.021002s ]
INFO: [ view_filter ] --START--
INFO: Run Behavior\WriteHtmlCacheBehavior [ RunTime:0.002000s ]
INFO: [ view_filter ] --END-- [ RunTime:0.002000s ]
INFO: [ app_end ] --START--
INFO: Run Behavior\ShowPageTraceBehavior [ RunTime:0.002000s ]
INFO: [ app_end ] --END-- [ RunTime:0.002000s ]

[ 2018-03-30T11:24:24+08:00 ] 127.0.0.1 /index.php/Admin/Goods/edit/goods_id/49/p/1.html
INFO: [ app_init ] --START--
INFO: Run Behavior\BuildLiteBehavior [ RunTime:0.000000s ]
INFO: [ app_init ] --END-- [ RunTime:0.000000s ]
INFO: [ app_begin ] --START--
INFO: Run Behavior\ReadHtmlCacheBehavior [ RunTime:0.002000s ]
INFO: [ app_begin ] --END-- [ RunTime:0.002000s ]
SQL: select count(*) has from php2018_privilege where module_name="Admin" and controller_name="Goods" and action_name="edit" [ RunTime:0.001000s ]
SQL: SHOW COLUMNS FROM `php2018_goods` [ RunTime:0.003000s ]
SQL: SELECT * FROM `php2018_goods` WHERE ( `goods_id` = 49 ) LIMIT 1   [ RunTime:0.001000s ]
SQL: SHOW COLUMNS FROM `php2018_goodscategory` [ RunTime:0.003001s ]
SQL: SELECT * FROM `php2018_goodscategory`  [ RunTime:0.000000s ]
SQL: SHOW COLUMNS FROM `php2018_goodsbrand` [ RunTime:0.003000s ]
SQL: SELECT * FROM `php2018_goodsbrand`  [ RunTime:0.000000s ]
SQL: SHOW COLUMNS FROM `php2018_goodstype` [ RunTime:0.003000s ]
SQL: SELECT * FROM `php2018_goodstype`  [ RunTime:0.000000s ]
SQL: SHOW COLUMNS FROM `php2018_goods` [ RunTime:0.003000s ]
SQL: SELECT * FROM `php2018_goods` WHERE ( `goods_id` = 49 ) LIMIT 1   [ RunTime:0.001000s ]
SQL: SHOW COLUMNS FROM `php2018_goods_cat` [ RunTime:0.002000s ]
SQL: SELECT * FROM `php2018_goods_cat` WHERE ( `goods_id` = '49' )  [ RunTime:0.000000s ]
SQL: SHOW COLUMNS FROM `php2018_number_level` [ RunTime:0.003000s ]
SQL: SELECT * FROM php2018_number_level a LEFT JOIN php2018_number_price as b on a.level_id=b.level_id  WHERE ( b.goods_id = '49' )  [ RunTime:0.000000s ]
SQL: SHOW COLUMNS FROM `php2018_goods_pics` [ RunTime:0.003001s ]
SQL: SELECT * FROM `php2018_goods_pics` WHERE ( `goods_id` = '49' )  [ RunTime:0.000000s ]
SQL: SHOW COLUMNS FROM `php2018_goods_attr` [ RunTime:0.003000s ]
SQL: SELECT * FROM php2018_goods_attr a LEFT JOIN php2018_goodsattribute as b on a.attr_id=b.attr_id  WHERE ( a.goods_id = '49' )  [ RunTime:0.000000s ]
SQL: SHOW COLUMNS FROM `php2018_goodsattribute` [ RunTime:0.003000s ]
SQL: SELECT * FROM `php2018_goodsattribute` WHERE ( `type_id` = '2' ) AND ( `attr_id` NOT IN ('2') )  [ RunTime:0.001000s ]
INFO: [ view_parse ] --START--
INFO: [ template_filter ] --START--
INFO: Run Behavior\ContentReplaceBehavior [ RunTime:0.000000s ]
INFO: [ template_filter ] --END-- [ RunTime:0.000000s ]
NOTIC: [8] Undefined index: attr_value D:\UPUPW_NP5.4\htdocs\pcshop\Application\Runtime\Cache\Admin\608b0c961c661bd6d45820311b4b75a7.php 第 237 行.
INFO: Run Behavior\ParseTemplateBehavior [ RunTime:0.021001s ]
INFO: [ view_parse ] --END-- [ RunTime:0.021001s ]
INFO: [ view_filter ] --START--
INFO: Run Behavior\WriteHtmlCacheBehavior [ RunTime:0.002000s ]
INFO: [ view_filter ] --END-- [ RunTime:0.002000s ]
INFO: [ app_end ] --START--
INFO: Run Behavior\ShowPageTraceBehavior [ RunTime:0.002001s ]
INFO: [ app_end ] --END-- [ RunTime:0.002001s ]

[ 2018-03-30T11:24:32+08:00 ] 127.0.0.1 /index.php/Admin/Goods/edit/goods_id/66/p/1.html
INFO: [ app_init ] --START--
INFO: Run Behavior\BuildLiteBehavior [ RunTime:0.000000s ]
INFO: [ app_init ] --END-- [ RunTime:0.001001s ]
INFO: [ app_begin ] --START--
INFO: Run Behavior\ReadHtmlCacheBehavior [ RunTime:0.003000s ]
INFO: [ app_begin ] --END-- [ RunTime:0.003000s ]
SQL: select count(*) has from php2018_privilege where module_name="Admin" and controller_name="Goods" and action_name="edit" [ RunTime:0.000000s ]
SQL: SHOW COLUMNS FROM `php2018_goods` [ RunTime:0.004000s ]
SQL: SELECT * FROM `php2018_goods` WHERE ( `goods_id` = 66 ) LIMIT 1   [ RunTime:0.001000s ]
SQL: SHOW COLUMNS FROM `php2018_goodscategory` [ RunTime:0.003000s ]
SQL: SELECT * FROM `php2018_goodscategory`  [ RunTime:0.000000s ]
SQL: SHOW COLUMNS FROM `php2018_goodsbrand` [ RunTime:0.003000s ]
SQL: SELECT * FROM `php2018_goodsbrand`  [ RunTime:0.000000s ]
SQL: SHOW COLUMNS FROM `php2018_goodstype` [ RunTime:0.003000s ]
SQL: SELECT * FROM `php2018_goodstype`  [ RunTime:0.000000s ]
SQL: SHOW COLUMNS FROM `php2018_goods` [ RunTime:0.003000s ]
SQL: SELECT * FROM `php2018_goods` WHERE ( `goods_id` = 66 ) LIMIT 1   [ RunTime:0.000000s ]
SQL: SHOW COLUMNS FROM `php2018_goods_cat` [ RunTime:0.003001s ]
SQL: SELECT * FROM `php2018_goods_cat` WHERE ( `goods_id` = '66' )  [ RunTime:0.000000s ]
SQL: SHOW COLUMNS FROM `php2018_number_level` [ RunTime:0.003000s ]
SQL: SELECT * FROM php2018_number_level a LEFT JOIN php2018_number_price as b on a.level_id=b.level_id  WHERE ( b.goods_id = '66' )  [ RunTime:0.001000s ]
SQL: SHOW COLUMNS FROM `php2018_goods_pics` [ RunTime:0.003000s ]
SQL: SELECT * FROM `php2018_goods_pics` WHERE ( `goods_id` = '66' )  [ RunTime:0.000000s ]
SQL: SHOW COLUMNS FROM `php2018_goods_attr` [ RunTime:0.003000s ]
SQL: SELECT * FROM php2018_goods_attr a LEFT JOIN php2018_goodsattribute as b on a.attr_id=b.attr_id  WHERE ( a.goods_id = '66' )  [ RunTime:0.001000s ]
SQL: SHOW COLUMNS FROM `php2018_goodsattribute` [ RunTime:0.003000s ]
SQL: SELECT * FROM `php2018_goodsattribute` WHERE ( `type_id` = '3' ) AND ( `attr_id` NOT IN ('7','8','9','10','11','12') )  [ RunTime:0.000000s ]
NOTIC: [2] array_merge(): Argument #2 is not an array D:\UPUPW_NP5.4\htdocs\pcshop\Application\Admin\Controller\GoodsController.class.php 第 92 行.
INFO: [ view_parse ] --START--
INFO: [ template_filter ] --START--
INFO: Run Behavior\ContentReplaceBehavior [ RunTime:0.000000s ]
INFO: [ template_filter ] --END-- [ RunTime:0.000000s ]
INFO: Run Behavior\ParseTemplateBehavior [ RunTime:0.021001s ]
INFO: [ view_parse ] --END-- [ RunTime:0.021001s ]
INFO: [ view_filter ] --START--
INFO: Run Behavior\WriteHtmlCacheBehavior [ RunTime:0.003000s ]
INFO: [ view_filter ] --END-- [ RunTime:0.003000s ]
INFO: [ app_end ] --START--
INFO: Run Behavior\ShowPageTraceBehavior [ RunTime:0.002000s ]
INFO: [ app_end ] --END-- [ RunTime:0.002000s ]

[ 2018-03-30T11:24:40+08:00 ] 127.0.0.1 /index.php/Admin/Goods/edit/goods_id/66/p/1.html
INFO: [ app_init ] --START--
INFO: Run Behavior\BuildLiteBehavior [ RunTime:0.000000s ]
INFO: [ app_init ] --END-- [ RunTime:0.001000s ]
INFO: [ app_begin ] --START--
INFO: Run Behavior\ReadHtmlCacheBehavior [ RunTime:0.003000s ]
INFO: [ app_begin ] --END-- [ RunTime:0.003000s ]
SQL: select count(*) has from php2018_privilege where module_name="Admin" and controller_name="Goods" and action_name="edit" [ RunTime:0.001000s ]
SQL: SHOW COLUMNS FROM `php2018_goods` [ RunTime:0.003000s ]
SQL: SELECT * FROM `php2018_goods` WHERE ( `goods_id` = 66 ) LIMIT 1   [ RunTime:0.001000s ]
SQL: SHOW COLUMNS FROM `php2018_goodscategory` [ RunTime:0.003000s ]
SQL: SELECT * FROM `php2018_goodscategory`  [ RunTime:0.001000s ]
SQL: SHOW COLUMNS FROM `php2018_goodsbrand` [ RunTime:0.002000s ]
SQL: SELECT * FROM `php2018_goodsbrand`  [ RunTime:0.000000s ]
SQL: SHOW COLUMNS FROM `php2018_goodstype` [ RunTime:0.002000s ]
SQL: SELECT * FROM `php2018_goodstype`  [ RunTime:0.000000s ]
SQL: SHOW COLUMNS FROM `php2018_goods` [ RunTime:0.003000s ]
SQL: SELECT * FROM `php2018_goods` WHERE ( `goods_id` = 66 ) LIMIT 1   [ RunTime:0.000000s ]
SQL: SHOW COLUMNS FROM `php2018_goods_cat` [ RunTime:0.003000s ]
SQL: SELECT * FROM `php2018_goods_cat` WHERE ( `goods_id` = '66' )  [ RunTime:0.000000s ]
SQL: SHOW COLUMNS FROM `php2018_number_level` [ RunTime:0.003000s ]
SQL: SELECT * FROM php2018_number_level a LEFT JOIN php2018_number_price as b on a.level_id=b.level_id  WHERE ( b.goods_id = '66' )  [ RunTime:0.000000s ]
SQL: SHOW COLUMNS FROM `php2018_goods_pics` [ RunTime:0.003000s ]
SQL: SELECT * FROM `php2018_goods_pics` WHERE ( `goods_id` = '66' )  [ RunTime:0.000000s ]
SQL: SHOW COLUMNS FROM `php2018_goods_attr` [ RunTime:0.003001s ]
SQL: SELECT * FROM php2018_goods_attr a LEFT JOIN php2018_goodsattribute as b on a.attr_id=b.attr_id  WHERE ( a.goods_id = '66' )  [ RunTime:0.001000s ]
SQL: SHOW COLUMNS FROM `php2018_goodsattribute` [ RunTime:0.003000s ]
SQL: SELECT * FROM `php2018_goodsattribute` WHERE ( `type_id` = '3' ) AND ( `attr_id` NOT IN ('7','8','9','10','11','12') )  [ RunTime:0.000000s ]
NOTIC: [2] array_merge(): Argument #2 is not an array D:\UPUPW_NP5.4\htdocs\pcshop\Application\Admin\Controller\GoodsController.class.php 第 92 行.
INFO: [ view_parse ] --START--
INFO: [ template_filter ] --START--
INFO: Run Behavior\ContentReplaceBehavior [ RunTime:0.000000s ]
INFO: [ template_filter ] --END-- [ RunTime:0.000000s ]
INFO: Run Behavior\ParseTemplateBehavior [ RunTime:0.023001s ]
INFO: [ view_parse ] --END-- [ RunTime:0.023001s ]
INFO: [ view_filter ] --START--
INFO: Run Behavior\WriteHtmlCacheBehavior [ RunTime:0.003000s ]
INFO: [ view_filter ] --END-- [ RunTime:0.003000s ]
INFO: [ app_end ] --START--
INFO: Run Behavior\ShowPageTraceBehavior [ RunTime:0.002001s ]
INFO: [ app_end ] --END-- [ RunTime:0.002001s ]

[ 2018-03-30T11:24:47+08:00 ] 127.0.0.1 /index.php/Admin/Goods/edit/goods_id/65/p/1.html
INFO: [ app_init ] --START--
INFO: Run Behavior\BuildLiteBehavior [ RunTime:0.000000s ]
INFO: [ app_init ] --END-- [ RunTime:0.000000s ]
INFO: [ app_begin ] --START--
INFO: Run Behavior\ReadHtmlCacheBehavior [ RunTime:0.002000s ]
INFO: [ app_begin ] --END-- [ RunTime:0.002000s ]
SQL: select count(*) has from php2018_privilege where module_name="Admin" and controller_name="Goods" and action_name="edit" [ RunTime:0.001000s ]
SQL: SHOW COLUMNS FROM `php2018_goods` [ RunTime:0.004000s ]
SQL: SELECT * FROM `php2018_goods` WHERE ( `goods_id` = 65 ) LIMIT 1   [ RunTime:0.001000s ]
SQL: SHOW COLUMNS FROM `php2018_goodscategory` [ RunTime:0.004000s ]
SQL: SELECT * FROM `php2018_goodscategory`  [ RunTime:0.000000s ]
SQL: SHOW COLUMNS FROM `php2018_goodsbrand` [ RunTime:0.004001s ]
SQL: SELECT * FROM `php2018_goodsbrand`  [ RunTime:0.000000s ]
SQL: SHOW COLUMNS FROM `php2018_goodstype` [ RunTime:0.003000s ]
SQL: SELECT * FROM `php2018_goodstype`  [ RunTime:0.000000s ]
SQL: SHOW COLUMNS FROM `php2018_goods` [ RunTime:0.004000s ]
SQL: SELECT * FROM `php2018_goods` WHERE ( `goods_id` = 65 ) LIMIT 1   [ RunTime:0.000000s ]
SQL: SHOW COLUMNS FROM `php2018_goods_cat` [ RunTime:0.004000s ]
SQL: SELECT * FROM `php2018_goods_cat` WHERE ( `goods_id` = '65' )  [ RunTime:0.001000s ]
SQL: SHOW COLUMNS FROM `php2018_number_level` [ RunTime:0.003000s ]
SQL: SELECT * FROM php2018_number_level a LEFT JOIN php2018_number_price as b on a.level_id=b.level_id  WHERE ( b.goods_id = '65' )  [ RunTime:0.001001s ]
SQL: SHOW COLUMNS FROM `php2018_goods_pics` [ RunTime:0.003000s ]
SQL: SELECT * FROM `php2018_goods_pics` WHERE ( `goods_id` = '65' )  [ RunTime:0.000000s ]
SQL: SHOW COLUMNS FROM `php2018_goods_attr` [ RunTime:0.003000s ]
SQL: SELECT * FROM php2018_goods_attr a LEFT JOIN php2018_goodsattribute as b on a.attr_id=b.attr_id  WHERE ( a.goods_id = '65' )  [ RunTime:0.001000s ]
SQL: SHOW COLUMNS FROM `php2018_goodsattribute` [ RunTime:0.003000s ]
SQL: SELECT * FROM `php2018_goodsattribute` WHERE ( `type_id` = '3' ) AND ( `attr_id` NOT IN ('7','8','9','10','11','12') )  [ RunTime:0.001000s ]
NOTIC: [2] array_merge(): Argument #2 is not an array D:\UPUPW_NP5.4\htdocs\pcshop\Application\Admin\Controller\GoodsController.class.php 第 92 行.
INFO: [ view_parse ] --START--
INFO: [ template_filter ] --START--
INFO: Run Behavior\ContentReplaceBehavior [ RunTime:0.000000s ]
INFO: [ template_filter ] --END-- [ RunTime:0.000000s ]
INFO: Run Behavior\ParseTemplateBehavior [ RunTime:0.023002s ]
INFO: [ view_parse ] --END-- [ RunTime:0.023002s ]
INFO: [ view_filter ] --START--
INFO: Run Behavior\WriteHtmlCacheBehavior [ RunTime:0.002000s ]
INFO: [ view_filter ] --END-- [ RunTime:0.002000s ]
INFO: [ app_end ] --START--
INFO: Run Behavior\ShowPageTraceBehavior [ RunTime:0.002000s ]
INFO: [ app_end ] --END-- [ RunTime:0.002000s ]

[ 2018-03-30T11:25:00+08:00 ] 127.0.0.1 /index.php/Admin/Goods/edit/goods_id/65/p/1.html
INFO: [ app_init ] --START--
INFO: Run Behavior\BuildLiteBehavior [ RunTime:0.000000s ]
INFO: [ app_init ] --END-- [ RunTime:0.000000s ]
INFO: [ app_begin ] --START--
INFO: Run Behavior\ReadHtmlCacheBehavior [ RunTime:0.002000s ]
INFO: [ app_begin ] --END-- [ RunTime:0.002000s ]
SQL: select count(*) has from php2018_privilege where module_name="Admin" and controller_name="Goods" and action_name="edit" [ RunTime:0.000000s ]
NOTIC: [2048] Declaration of Admin\Model\GoodsModel::_after_update() should be compatible with Think\Model::_after_update($data, $options) D:\UPUPW_NP5.4\htdocs\pcshop\Application\Admin\Model\GoodsModel.class.php 第 5 行.
SQL: SHOW COLUMNS FROM `php2018_goods` [ RunTime:0.004000s ]
NOTIC: [8] Undefined index: is_delete D:\UPUPW_NP5.4\htdocs\pcshop\ThinkPHP\Library\Think\Model.class.php 第 1040 行.
SQL: UPDATE `php2018_goods` SET `goods_name`='笔记本',`cat_id`=5,`brand_id`=4,`market_price`='0.00',`shop_price`='0.00',`jifen`=0,`jyz`=0,`jifen_price`=0,`is_hot`=0,`is_new`=0,`is_best`=0,`is_on_sale`=1,`seo_keyword`='',`seo_description`='',`sort_num`=100,`goods_desc`='',`type_id`=3 WHERE ( `goods_id` = 65 ) [ RunTime:0.000000s ]
SQL: SHOW COLUMNS FROM `php2018_goods_cat` [ RunTime:0.003000s ]
SQL: DELETE FROM `php2018_goods_cat` WHERE ( `goods_id` = 65 ) [ RunTime:0.000000s ]
SQL: INSERT INTO `php2018_goods_cat` (`cat_id`,`goods_id`) VALUES (3,65) [ RunTime:0.038002s ]
SQL: INSERT INTO `php2018_goods_cat` (`cat_id`,`goods_id`) VALUES (5,65) [ RunTime:0.000000s ]
SQL: INSERT INTO `php2018_goods_cat` (`cat_id`,`goods_id`) VALUES (5,65) [ RunTime:0.000000s ]
SQL: INSERT INTO `php2018_goods_cat` (`cat_id`,`goods_id`) VALUES (2,65) [ RunTime:0.000000s ]
INFO: [ view_parse ] --START--
INFO: [ template_filter ] --START--
INFO: Run Behavior\ContentReplaceBehavior [ RunTime:0.000000s ]
INFO: [ template_filter ] --END-- [ RunTime:0.000000s ]
INFO: Run Behavior\ParseTemplateBehavior [ RunTime:0.024001s ]
INFO: [ view_parse ] --END-- [ RunTime:0.024001s ]
INFO: [ view_filter ] --START--
INFO: Run Behavior\WriteHtmlCacheBehavior [ RunTime:0.002000s ]
INFO: [ view_filter ] --END-- [ RunTime:0.002000s ]

[ 2018-03-30T11:25:01+08:00 ] 127.0.0.1 /index.php/Admin/Goods/lst/p/1.html
INFO: [ app_init ] --START--
INFO: Run Behavior\BuildLiteBehavior [ RunTime:0.000000s ]
INFO: [ app_init ] --END-- [ RunTime:0.000000s ]
INFO: [ app_begin ] --START--
INFO: Run Behavior\ReadHtmlCacheBehavior [ RunTime:0.002000s ]
INFO: [ app_begin ] --END-- [ RunTime:0.002000s ]
SQL: select count(*) has from php2018_privilege where module_name="Admin" and controller_name="Goods" and action_name="lst" [ RunTime:0.000000s ]
NOTIC: [2048] Declaration of Admin\Model\GoodsModel::_after_update() should be compatible with Think\Model::_after_update($data, $options) D:\UPUPW_NP5.4\htdocs\pcshop\Application\Admin\Model\GoodsModel.class.php 第 5 行.
SQL: SHOW COLUMNS FROM `php2018_goods` [ RunTime:0.004001s ]
SQL: SELECT COUNT(*) AS tp_count FROM php2018_goods a LIMIT 1   [ RunTime:0.000000s ]
SQL: SELECT * FROM php2018_goods a GROUP BY a.goods_id LIMIT 0,5   [ RunTime:0.001000s ]
INFO: [ view_parse ] --START--
INFO: [ template_filter ] --START--
INFO: Run Behavior\ContentReplaceBehavior [ RunTime:0.000000s ]
INFO: [ template_filter ] --END-- [ RunTime:0.000000s ]
INFO: Run Behavior\ParseTemplateBehavior [ RunTime:0.113006s ]
INFO: [ view_parse ] --END-- [ RunTime:0.113006s ]
INFO: [ view_filter ] --START--
INFO: Run Behavior\WriteHtmlCacheBehavior [ RunTime:0.002000s ]
INFO: [ view_filter ] --END-- [ RunTime:0.002000s ]
INFO: [ app_end ] --START--
INFO: Run Behavior\ShowPageTraceBehavior [ RunTime:0.002001s ]
INFO: [ app_end ] --END-- [ RunTime:0.002001s ]

[ 2018-03-30T11:25:15+08:00 ] 127.0.0.1 /index.php/Admin/Goods/edit/goods_id/65/p/1.html
INFO: [ app_init ] --START--
INFO: Run Behavior\BuildLiteBehavior [ RunTime:0.000000s ]
INFO: [ app_init ] --END-- [ RunTime:0.000000s ]
INFO: [ app_begin ] --START--
INFO: Run Behavior\ReadHtmlCacheBehavior [ RunTime:0.003000s ]
INFO: [ app_begin ] --END-- [ RunTime:0.003000s ]
SQL: select count(*) has from php2018_privilege where module_name="Admin" and controller_name="Goods" and action_name="edit" [ RunTime:0.001000s ]
SQL: SHOW COLUMNS FROM `php2018_goods` [ RunTime:0.004000s ]
SQL: SELECT * FROM `php2018_goods` WHERE ( `goods_id` = 65 ) LIMIT 1   [ RunTime:0.001000s ]
SQL: SHOW COLUMNS FROM `php2018_goodscategory` [ RunTime:0.003000s ]
SQL: SELECT * FROM `php2018_goodscategory`  [ RunTime:0.000000s ]
SQL: SHOW COLUMNS FROM `php2018_goodsbrand` [ RunTime:0.002001s ]
SQL: SELECT * FROM `php2018_goodsbrand`  [ RunTime:0.001000s ]
SQL: SHOW COLUMNS FROM `php2018_goodstype` [ RunTime:0.003000s ]
SQL: SELECT * FROM `php2018_goodstype`  [ RunTime:0.000000s ]
SQL: SHOW COLUMNS FROM `php2018_goods` [ RunTime:0.003000s ]
SQL: SELECT * FROM `php2018_goods` WHERE ( `goods_id` = 65 ) LIMIT 1   [ RunTime:0.001000s ]
SQL: SHOW COLUMNS FROM `php2018_goods_cat` [ RunTime:0.002000s ]
SQL: SELECT * FROM `php2018_goods_cat` WHERE ( `goods_id` = '65' )  [ RunTime:0.000000s ]
SQL: SHOW COLUMNS FROM `php2018_number_level` [ RunTime:0.003000s ]
SQL: SELECT * FROM php2018_number_level a LEFT JOIN php2018_number_price as b on a.level_id=b.level_id  WHERE ( b.goods_id = '65' )  [ RunTime:0.000000s ]
SQL: SHOW COLUMNS FROM `php2018_goods_pics` [ RunTime:0.003001s ]
SQL: SELECT * FROM `php2018_goods_pics` WHERE ( `goods_id` = '65' )  [ RunTime:0.000000s ]
SQL: SHOW COLUMNS FROM `php2018_goods_attr` [ RunTime:0.003000s ]
SQL: SELECT * FROM php2018_goods_attr a LEFT JOIN php2018_goodsattribute as b on a.attr_id=b.attr_id  WHERE ( a.goods_id = '65' )  [ RunTime:0.000000s ]
SQL: SHOW COLUMNS FROM `php2018_goodsattribute` [ RunTime:0.003000s ]
SQL: SELECT * FROM `php2018_goodsattribute` WHERE ( `type_id` = '3' ) AND ( `attr_id` NOT IN ('7','8','9','10','11','12') )  [ RunTime:0.000000s ]
NOTIC: [2] array_merge(): Argument #2 is not an array D:\UPUPW_NP5.4\htdocs\pcshop\Application\Admin\Controller\GoodsController.class.php 第 92 行.
INFO: [ view_parse ] --START--
INFO: [ template_filter ] --START--
INFO: Run Behavior\ContentReplaceBehavior [ RunTime:0.000000s ]
INFO: [ template_filter ] --END-- [ RunTime:0.000000s ]
INFO: Run Behavior\ParseTemplateBehavior [ RunTime:0.020001s ]
INFO: [ view_parse ] --END-- [ RunTime:0.020001s ]
INFO: [ view_filter ] --START--
INFO: Run Behavior\WriteHtmlCacheBehavior [ RunTime:0.002000s ]
INFO: [ view_filter ] --END-- [ RunTime:0.002000s ]
INFO: [ app_end ] --START--
INFO: Run Behavior\ShowPageTraceBehavior [ RunTime:0.002000s ]
INFO: [ app_end ] --END-- [ RunTime:0.002000s ]

[ 2018-03-30T11:25:21+08:00 ] 127.0.0.1 /index.php/Admin/Goods/edit/goods_id/66/p/1.html
INFO: [ app_init ] --START--
INFO: Run Behavior\BuildLiteBehavior [ RunTime:0.000000s ]
INFO: [ app_init ] --END-- [ RunTime:0.001000s ]
INFO: [ app_begin ] --START--
INFO: Run Behavior\ReadHtmlCacheBehavior [ RunTime:0.002000s ]
INFO: [ app_begin ] --END-- [ RunTime:0.002000s ]
SQL: select count(*) has from php2018_privilege where module_name="Admin" and controller_name="Goods" and action_name="edit" [ RunTime:0.000000s ]
SQL: SHOW COLUMNS FROM `php2018_goods` [ RunTime:0.004000s ]
SQL: SELECT * FROM `php2018_goods` WHERE ( `goods_id` = 66 ) LIMIT 1   [ RunTime:0.001000s ]
SQL: SHOW COLUMNS FROM `php2018_goodscategory` [ RunTime:0.003001s ]
SQL: SELECT * FROM `php2018_goodscategory`  [ RunTime:0.000000s ]
SQL: SHOW COLUMNS FROM `php2018_goodsbrand` [ RunTime:0.003000s ]
SQL: SELECT * FROM `php2018_goodsbrand`  [ RunTime:0.000000s ]
SQL: SHOW COLUMNS FROM `php2018_goodstype` [ RunTime:0.003000s ]
SQL: SELECT * FROM `php2018_goodstype`  [ RunTime:0.001000s ]
SQL: SHOW COLUMNS FROM `php2018_goods` [ RunTime:0.003000s ]
SQL: SELECT * FROM `php2018_goods` WHERE ( `goods_id` = 66 ) LIMIT 1   [ RunTime:0.000000s ]
SQL: SHOW COLUMNS FROM `php2018_goods_cat` [ RunTime:0.003000s ]
SQL: SELECT * FROM `php2018_goods_cat` WHERE ( `goods_id` = '66' )  [ RunTime:0.000000s ]
SQL: SHOW COLUMNS FROM `php2018_number_level` [ RunTime:0.003000s ]
SQL: SELECT * FROM php2018_number_level a LEFT JOIN php2018_number_price as b on a.level_id=b.level_id  WHERE ( b.goods_id = '66' )  [ RunTime:0.001000s ]
SQL: SHOW COLUMNS FROM `php2018_goods_pics` [ RunTime:0.003000s ]
SQL: SELECT * FROM `php2018_goods_pics` WHERE ( `goods_id` = '66' )  [ RunTime:0.000000s ]
SQL: SHOW COLUMNS FROM `php2018_goods_attr` [ RunTime:0.003000s ]
SQL: SELECT * FROM php2018_goods_attr a LEFT JOIN php2018_goodsattribute as b on a.attr_id=b.attr_id  WHERE ( a.goods_id = '66' )  [ RunTime:0.000000s ]
SQL: SHOW COLUMNS FROM `php2018_goodsattribute` [ RunTime:0.003000s ]
SQL: SELECT * FROM `php2018_goodsattribute` WHERE ( `type_id` = '3' ) AND ( `attr_id` NOT IN ('7','8','9','10','11','12') )  [ RunTime:0.000000s ]
NOTIC: [2] array_merge(): Argument #2 is not an array D:\UPUPW_NP5.4\htdocs\pcshop\Application\Admin\Controller\GoodsController.class.php 第 92 行.
INFO: [ view_parse ] --START--
INFO: [ template_filter ] --START--
INFO: Run Behavior\ContentReplaceBehavior [ RunTime:0.000000s ]
INFO: [ template_filter ] --END-- [ RunTime:0.000000s ]
INFO: Run Behavior\ParseTemplateBehavior [ RunTime:0.024002s ]
INFO: [ view_parse ] --END-- [ RunTime:0.024002s ]
INFO: [ view_filter ] --START--
INFO: Run Behavior\WriteHtmlCacheBehavior [ RunTime:0.003000s ]
INFO: [ view_filter ] --END-- [ RunTime:0.003000s ]
INFO: [ app_end ] --START--
INFO: Run Behavior\ShowPageTraceBehavior [ RunTime:0.002000s ]
INFO: [ app_end ] --END-- [ RunTime:0.002000s ]

[ 2018-03-30T11:25:54+08:00 ] 127.0.0.1 /index.php/Admin/Goods/edit/goods_id/66/p/1.html
INFO: [ app_init ] --START--
INFO: Run Behavior\BuildLiteBehavior [ RunTime:0.000000s ]
INFO: [ app_init ] --END-- [ RunTime:0.000000s ]
INFO: [ app_begin ] --START--
INFO: Run Behavior\ReadHtmlCacheBehavior [ RunTime:0.003001s ]
INFO: [ app_begin ] --END-- [ RunTime:0.003001s ]
SQL: select count(*) has from php2018_privilege where module_name="Admin" and controller_name="Goods" and action_name="edit" [ RunTime:0.001000s ]
SQL: SHOW COLUMNS FROM `php2018_goods` [ RunTime:0.003001s ]
SQL: SELECT * FROM `php2018_goods` WHERE ( `goods_id` = 66 ) LIMIT 1   [ RunTime:0.000000s ]
SQL: SHOW COLUMNS FROM `php2018_goodscategory` [ RunTime:0.003000s ]
SQL: SELECT * FROM `php2018_goodscategory`  [ RunTime:0.001000s ]
SQL: SHOW COLUMNS FROM `php2018_goodsbrand` [ RunTime:0.002000s ]
SQL: SELECT * FROM `php2018_goodsbrand`  [ RunTime:0.000000s ]
SQL: SHOW COLUMNS FROM `php2018_goodstype` [ RunTime:0.002000s ]
SQL: SELECT * FROM `php2018_goodstype`  [ RunTime:0.000000s ]
SQL: SHOW COLUMNS FROM `php2018_goods` [ RunTime:0.002000s ]
SQL: SELECT * FROM `php2018_goods` WHERE ( `goods_id` = 66 ) LIMIT 1   [ RunTime:0.000000s ]
SQL: SHOW COLUMNS FROM `php2018_goods_cat` [ RunTime:0.003000s ]
SQL: SELECT * FROM `php2018_goods_cat` WHERE ( `goods_id` = '66' )  [ RunTime:0.000000s ]
SQL: SHOW COLUMNS FROM `php2018_number_level` [ RunTime:0.003000s ]
SQL: SELECT * FROM php2018_number_level a LEFT JOIN php2018_number_price as b on a.level_id=b.level_id  WHERE ( b.goods_id = '66' )  [ RunTime:0.000000s ]
SQL: SHOW COLUMNS FROM `php2018_goods_pics` [ RunTime:0.003000s ]
SQL: SELECT * FROM `php2018_goods_pics` WHERE ( `goods_id` = '66' )  [ RunTime:0.000000s ]
SQL: SHOW COLUMNS FROM `php2018_goods_attr` [ RunTime:0.003000s ]
SQL: SELECT * FROM php2018_goods_attr a LEFT JOIN php2018_goodsattribute as b on a.attr_id=b.attr_id  WHERE ( a.goods_id = '66' )  [ RunTime:0.001000s ]
SQL: SHOW COLUMNS FROM `php2018_goodsattribute` [ RunTime:0.002000s ]
SQL: SELECT * FROM `php2018_goodsattribute` WHERE ( `type_id` = '3' ) AND ( `attr_id` NOT IN ('7','8','9','10','11','12') )  [ RunTime:0.000000s ]
NOTIC: [2] array_merge(): Argument #2 is not an array D:\UPUPW_NP5.4\htdocs\pcshop\Application\Admin\Controller\GoodsController.class.php 第 92 行.
INFO: [ view_parse ] --START--
INFO: [ template_filter ] --START--
INFO: Run Behavior\ContentReplaceBehavior [ RunTime:0.000000s ]
INFO: [ template_filter ] --END-- [ RunTime:0.000000s ]
INFO: Run Behavior\ParseTemplateBehavior [ RunTime:0.021001s ]
INFO: [ view_parse ] --END-- [ RunTime:0.021001s ]
INFO: [ view_filter ] --START--
INFO: Run Behavior\WriteHtmlCacheBehavior [ RunTime:0.002000s ]
INFO: [ view_filter ] --END-- [ RunTime:0.002000s ]
INFO: [ app_end ] --START--
INFO: Run Behavior\ShowPageTraceBehavior [ RunTime:0.001000s ]
INFO: [ app_end ] --END-- [ RunTime:0.001000s ]

[ 2018-03-30T11:48:50+08:00 ] 127.0.0.1 /index.php/Admin/Goods/edit/goods_id/66/p/1.html
INFO: [ app_init ] --START--
INFO: Run Behavior\BuildLiteBehavior [ RunTime:0.000000s ]
INFO: [ app_init ] --END-- [ RunTime:0.000000s ]
INFO: [ app_begin ] --START--
INFO: Run Behavior\ReadHtmlCacheBehavior [ RunTime:0.002000s ]
INFO: [ app_begin ] --END-- [ RunTime:0.002000s ]
SQL: select count(*) has from php2018_privilege where module_name="Admin" and controller_name="Goods" and action_name="edit" [ RunTime:0.000000s ]
SQL: SHOW COLUMNS FROM `php2018_goods` [ RunTime:0.003000s ]
SQL: SELECT * FROM `php2018_goods` WHERE ( `goods_id` = 66 ) LIMIT 1   [ RunTime:0.001000s ]
SQL: SHOW COLUMNS FROM `php2018_goodscategory` [ RunTime:0.003000s ]
SQL: SELECT * FROM `php2018_goodscategory`  [ RunTime:0.000000s ]
SQL: SHOW COLUMNS FROM `php2018_goodsbrand` [ RunTime:0.003000s ]
SQL: SELECT * FROM `php2018_goodsbrand`  [ RunTime:0.000000s ]
SQL: SHOW COLUMNS FROM `php2018_goodstype` [ RunTime:0.003000s ]
SQL: SELECT * FROM `php2018_goodstype`  [ RunTime:0.000000s ]
SQL: SHOW COLUMNS FROM `php2018_goods` [ RunTime:0.003000s ]
SQL: SELECT * FROM `php2018_goods` WHERE ( `goods_id` = 66 ) LIMIT 1   [ RunTime:0.001000s ]
SQL: SHOW COLUMNS FROM `php2018_goods_cat` [ RunTime:0.002000s ]
SQL: SELECT * FROM `php2018_goods_cat` WHERE ( `goods_id` = '66' )  [ RunTime:0.001000s ]
SQL: SHOW COLUMNS FROM `php2018_number_level` [ RunTime:0.002001s ]
SQL: SELECT * FROM php2018_number_level a LEFT JOIN php2018_number_price as b on a.level_id=b.level_id  WHERE ( b.goods_id = '66' )  [ RunTime:0.001000s ]
SQL: SHOW COLUMNS FROM `php2018_goods_pics` [ RunTime:0.002000s ]
SQL: SELECT * FROM `php2018_goods_pics` WHERE ( `goods_id` = '66' )  [ RunTime:0.000000s ]
SQL: SHOW COLUMNS FROM `php2018_goods_attr` [ RunTime:0.002000s ]
SQL: SELECT * FROM php2018_goods_attr a LEFT JOIN php2018_goodsattribute as b on a.attr_id=b.attr_id  WHERE ( a.goods_id = '66' )  [ RunTime:0.000000s ]
SQL: SHOW COLUMNS FROM `php2018_goodsattribute` [ RunTime:0.003000s ]
SQL: SELECT * FROM `php2018_goodsattribute` WHERE ( `type_id` = '3' ) AND ( `attr_id` NOT IN ('7','8','9','10','11','12') )  [ RunTime:0.000000s ]
NOTIC: [2] array_merge(): Argument #2 is not an array D:\UPUPW_NP5.4\htdocs\pcshop\Application\Admin\Controller\GoodsController.class.php 第 92 行.
INFO: [ view_parse ] --START--
INFO: [ template_filter ] --START--
INFO: Run Behavior\ContentReplaceBehavior [ RunTime:0.001000s ]
INFO: [ template_filter ] --END-- [ RunTime:0.001000s ]
INFO: Run Behavior\ParseTemplateBehavior [ RunTime:0.046003s ]
INFO: [ view_parse ] --END-- [ RunTime:0.046003s ]
INFO: [ view_filter ] --START--
INFO: Run Behavior\WriteHtmlCacheBehavior [ RunTime:0.002000s ]
INFO: [ view_filter ] --END-- [ RunTime:0.002000s ]
INFO: [ app_end ] --START--
INFO: Run Behavior\ShowPageTraceBehavior [ RunTime:0.002000s ]
INFO: [ app_end ] --END-- [ RunTime:0.002000s ]

[ 2018-03-30T11:49:59+08:00 ] 127.0.0.1 /index.php/Admin/Goods/edit/goods_id/66/p/1.html
INFO: [ app_init ] --START--
INFO: Run Behavior\BuildLiteBehavior [ RunTime:0.000000s ]
INFO: [ app_init ] --END-- [ RunTime:0.001000s ]
INFO: [ app_begin ] --START--
INFO: Run Behavior\ReadHtmlCacheBehavior [ RunTime:0.002000s ]
INFO: [ app_begin ] --END-- [ RunTime:0.002000s ]
SQL: select count(*) has from php2018_privilege where module_name="Admin" and controller_name="Goods" and action_name="edit" [ RunTime:0.001000s ]
NOTIC: [2048] Declaration of Admin\Model\GoodsModel::_after_update() should be compatible with Think\Model::_after_update($data, $options) D:\UPUPW_NP5.4\htdocs\pcshop\Application\Admin\Model\GoodsModel.class.php 第 5 行.
SQL: SHOW COLUMNS FROM `php2018_goods` [ RunTime:0.004000s ]
NOTIC: [8] Undefined index: is_delete D:\UPUPW_NP5.4\htdocs\pcshop\ThinkPHP\Library\Think\Model.class.php 第 1040 行.
SQL: UPDATE `php2018_goods` SET `goods_name`='手机',`cat_id`=5,`brand_id`=5,`market_price`='0.00',`shop_price`='0.00',`jifen`=0,`jyz`=0,`jifen_price`=0,`is_hot`=0,`is_new`=0,`is_best`=0,`is_on_sale`=1,`seo_keyword`='',`seo_description`='',`sort_num`=100,`goods_desc`='',`type_id`=3 WHERE ( `goods_id` = 66 ) [ RunTime:0.000000s ]
SQL: SHOW COLUMNS FROM `php2018_goods_cat` [ RunTime:0.003000s ]
SQL: DELETE FROM `php2018_goods_cat` WHERE ( `goods_id` = 66 ) [ RunTime:0.000000s ]
NOTIC: [2] Invalid argument supplied for foreach() D:\UPUPW_NP5.4\htdocs\pcshop\Application\Admin\Model\GoodsModel.class.php 第 197 行.
SQL: SHOW COLUMNS FROM `php2018_number_price` [ RunTime:0.002000s ]
SQL: DELETE FROM `php2018_number_price` [ RunTime:0.005000s ]
SQL: INSERT INTO `php2018_number_price` (`goods_id`,`level_id`,`price`) VALUES (66,1,'111') [ RunTime:0.000000s ]
SQL: INSERT INTO `php2018_number_price` (`goods_id`,`level_id`,`price`) VALUES (66,2,'222') [ RunTime:0.001000s ]
SQL: INSERT INTO `php2018_number_price` (`goods_id`,`level_id`,`price`) VALUES (66,3,'333') [ RunTime:0.000000s ]
SQL: INSERT INTO `php2018_number_price` (`goods_id`,`level_id`,`price`) VALUES (66,4,'444') [ RunTime:0.000000s ]
INFO: [ view_parse ] --START--
INFO: [ template_filter ] --START--
INFO: Run Behavior\ContentReplaceBehavior [ RunTime:0.000000s ]
INFO: [ template_filter ] --END-- [ RunTime:0.000000s ]
INFO: Run Behavior\ParseTemplateBehavior [ RunTime:0.017001s ]
INFO: [ view_parse ] --END-- [ RunTime:0.017001s ]
INFO: [ view_filter ] --START--
INFO: Run Behavior\WriteHtmlCacheBehavior [ RunTime:0.002001s ]
INFO: [ view_filter ] --END-- [ RunTime:0.002001s ]

[ 2018-03-30T11:50:00+08:00 ] 127.0.0.1 /index.php/Admin/Goods/lst/p/1.html
INFO: [ app_init ] --START--
INFO: Run Behavior\BuildLiteBehavior [ RunTime:0.000000s ]
INFO: [ app_init ] --END-- [ RunTime:0.000000s ]
INFO: [ app_begin ] --START--
INFO: Run Behavior\ReadHtmlCacheBehavior [ RunTime:0.003000s ]
INFO: [ app_begin ] --END-- [ RunTime:0.003000s ]
SQL: select count(*) has from php2018_privilege where module_name="Admin" and controller_name="Goods" and action_name="lst" [ RunTime:0.001000s ]
NOTIC: [2048] Declaration of Admin\Model\GoodsModel::_after_update() should be compatible with Think\Model::_after_update($data, $options) D:\UPUPW_NP5.4\htdocs\pcshop\Application\Admin\Model\GoodsModel.class.php 第 5 行.
SQL: SHOW COLUMNS FROM `php2018_goods` [ RunTime:0.003000s ]
SQL: SELECT COUNT(*) AS tp_count FROM php2018_goods a LIMIT 1   [ RunTime:0.000000s ]
SQL: SELECT * FROM php2018_goods a GROUP BY a.goods_id LIMIT 0,5   [ RunTime:0.000000s ]
INFO: [ view_parse ] --START--
INFO: [ template_filter ] --START--
INFO: Run Behavior\ContentReplaceBehavior [ RunTime:0.000000s ]
INFO: [ template_filter ] --END-- [ RunTime:0.000000s ]
INFO: Run Behavior\ParseTemplateBehavior [ RunTime:0.105006s ]
INFO: [ view_parse ] --END-- [ RunTime:0.105006s ]
INFO: [ view_filter ] --START--
INFO: Run Behavior\WriteHtmlCacheBehavior [ RunTime:0.002000s ]
INFO: [ view_filter ] --END-- [ RunTime:0.002000s ]
INFO: [ app_end ] --START--
INFO: Run Behavior\ShowPageTraceBehavior [ RunTime:0.002000s ]
INFO: [ app_end ] --END-- [ RunTime:0.002000s ]

[ 2018-03-30T11:53:53+08:00 ] 127.0.0.1 /index.php/Admin/Goods/edit/goods_id/66/p/1.html
INFO: [ app_init ] --START--
INFO: Run Behavior\BuildLiteBehavior [ RunTime:0.000000s ]
INFO: [ app_init ] --END-- [ RunTime:0.001000s ]
INFO: [ app_begin ] --START--
INFO: Run Behavior\ReadHtmlCacheBehavior [ RunTime:0.003000s ]
INFO: [ app_begin ] --END-- [ RunTime:0.003000s ]
SQL: select count(*) has from php2018_privilege where module_name="Admin" and controller_name="Goods" and action_name="edit" [ RunTime:0.000000s ]
SQL: SHOW COLUMNS FROM `php2018_goods` [ RunTime:0.004000s ]
SQL: SELECT * FROM `php2018_goods` WHERE ( `goods_id` = 66 ) LIMIT 1   [ RunTime:0.000000s ]
SQL: SHOW COLUMNS FROM `php2018_goodscategory` [ RunTime:0.003001s ]
SQL: SELECT * FROM `php2018_goodscategory`  [ RunTime:0.000000s ]
SQL: SHOW COLUMNS FROM `php2018_goodsbrand` [ RunTime:0.003000s ]
SQL: SELECT * FROM `php2018_goodsbrand`  [ RunTime:0.000000s ]
SQL: SHOW COLUMNS FROM `php2018_goodstype` [ RunTime:0.002000s ]
SQL: SELECT * FROM `php2018_goodstype`  [ RunTime:0.000000s ]
SQL: SHOW COLUMNS FROM `php2018_goods` [ RunTime:0.003000s ]
SQL: SELECT * FROM `php2018_goods` WHERE ( `goods_id` = 66 ) LIMIT 1   [ RunTime:0.000000s ]
SQL: SHOW COLUMNS FROM `php2018_goods_cat` [ RunTime:0.003000s ]
SQL: SELECT * FROM `php2018_goods_cat` WHERE ( `goods_id` = '66' )  [ RunTime:0.000000s ]
SQL: SHOW COLUMNS FROM `php2018_number_level` [ RunTime:0.003000s ]
SQL: SELECT * FROM php2018_number_level a LEFT JOIN php2018_number_price as b on a.level_id=b.level_id  WHERE ( b.goods_id = '66' )  [ RunTime:0.000000s ]
SQL: SHOW COLUMNS FROM `php2018_goods_pics` [ RunTime:0.003001s ]
SQL: SELECT * FROM `php2018_goods_pics` WHERE ( `goods_id` = '66' )  [ RunTime:0.000000s ]
SQL: SHOW COLUMNS FROM `php2018_goods_attr` [ RunTime:0.003000s ]
SQL: SELECT * FROM php2018_goods_attr a LEFT JOIN php2018_goodsattribute as b on a.attr_id=b.attr_id  WHERE ( a.goods_id = '66' )  [ RunTime:0.000000s ]
SQL: SHOW COLUMNS FROM `php2018_goodsattribute` [ RunTime:0.003000s ]
SQL: SELECT * FROM `php2018_goodsattribute` WHERE ( `type_id` = '3' ) AND ( `attr_id` NOT IN ('7','8','9','10','11','12') )  [ RunTime:0.000000s ]
NOTIC: [2] array_merge(): Argument #2 is not an array D:\UPUPW_NP5.4\htdocs\pcshop\Application\Admin\Controller\GoodsController.class.php 第 92 行.
INFO: [ view_parse ] --START--
INFO: [ template_filter ] --START--
INFO: Run Behavior\ContentReplaceBehavior [ RunTime:0.000000s ]
INFO: [ template_filter ] --END-- [ RunTime:0.000000s ]
INFO: Run Behavior\ParseTemplateBehavior [ RunTime:0.019001s ]
INFO: [ view_parse ] --END-- [ RunTime:0.019001s ]
INFO: [ view_filter ] --START--
INFO: Run Behavior\WriteHtmlCacheBehavior [ RunTime:0.002000s ]
INFO: [ view_filter ] --END-- [ RunTime:0.002000s ]
INFO: [ app_end ] --START--
INFO: Run Behavior\ShowPageTraceBehavior [ RunTime:0.002000s ]
INFO: [ app_end ] --END-- [ RunTime:0.002000s ]

[ 2018-03-30T15:07:33+08:00 ] 127.0.0.1 /index.php/Admin/Goods/lst.html
INFO: [ app_init ] --START--
INFO: Run Behavior\BuildLiteBehavior [ RunTime:0.000000s ]
INFO: [ app_init ] --END-- [ RunTime:0.001000s ]
INFO: [ app_begin ] --START--
INFO: Run Behavior\ReadHtmlCacheBehavior [ RunTime:0.001000s ]
INFO: [ app_begin ] --END-- [ RunTime:0.001000s ]
SQL: select count(*) has from php2018_privilege where module_name="Admin" and controller_name="Goods" and action_name="lst" [ RunTime:0.001000s ]
NOTIC: [2048] Declaration of Admin\Model\GoodsModel::_after_update() should be compatible with Think\Model::_after_update($data, $options) D:\UPUPW_NP5.4\htdocs\pcshop\Application\Admin\Model\GoodsModel.class.php 第 5 行.
SQL: SHOW COLUMNS FROM `php2018_goods` [ RunTime:0.005001s ]
SQL: SELECT COUNT(*) AS tp_count FROM php2018_goods a LIMIT 1   [ RunTime:0.001000s ]
SQL: SELECT * FROM php2018_goods a GROUP BY a.goods_id LIMIT 0,5   [ RunTime:0.001000s ]
INFO: [ view_parse ] --START--
INFO: [ template_filter ] --START--
INFO: Run Behavior\ContentReplaceBehavior [ RunTime:0.000000s ]
INFO: [ template_filter ] --END-- [ RunTime:0.000000s ]
INFO: Run Behavior\ParseTemplateBehavior [ RunTime:0.047003s ]
INFO: [ view_parse ] --END-- [ RunTime:0.047003s ]
INFO: [ view_filter ] --START--
INFO: Run Behavior\WriteHtmlCacheBehavior [ RunTime:0.003000s ]
INFO: [ view_filter ] --END-- [ RunTime:0.003000s ]
INFO: [ app_end ] --START--
INFO: Run Behavior\ShowPageTraceBehavior [ RunTime:0.003000s ]
INFO: [ app_end ] --END-- [ RunTime:0.003000s ]

[ 2018-03-30T15:07:35+08:00 ] 127.0.0.1 /index.php/Admin/Goods/edit/goods_id/66.html
INFO: [ app_init ] --START--
INFO: Run Behavior\BuildLiteBehavior [ RunTime:0.000000s ]
INFO: [ app_init ] --END-- [ RunTime:0.001000s ]
INFO: [ app_begin ] --START--
INFO: Run Behavior\ReadHtmlCacheBehavior [ RunTime:0.003000s ]
INFO: [ app_begin ] --END-- [ RunTime:0.003000s ]
SQL: select count(*) has from php2018_privilege where module_name="Admin" and controller_name="Goods" and action_name="edit" [ RunTime:0.000000s ]
SQL: SHOW COLUMNS FROM `php2018_goods` [ RunTime:0.003001s ]
SQL: SELECT * FROM `php2018_goods` WHERE ( `goods_id` = 66 ) LIMIT 1   [ RunTime:0.001000s ]
SQL: SHOW COLUMNS FROM `php2018_goodscategory` [ RunTime:0.003000s ]
SQL: SELECT * FROM `php2018_goodscategory`  [ RunTime:0.000000s ]
SQL: SHOW COLUMNS FROM `php2018_goodsbrand` [ RunTime:0.003000s ]
SQL: SELECT * FROM `php2018_goodsbrand`  [ RunTime:0.000000s ]
SQL: SHOW COLUMNS FROM `php2018_goodstype` [ RunTime:0.003000s ]
SQL: SELECT * FROM `php2018_goodstype`  [ RunTime:0.000000s ]
SQL: SHOW COLUMNS FROM `php2018_goods` [ RunTime:0.003000s ]
SQL: SELECT * FROM `php2018_goods` WHERE ( `goods_id` = 66 ) LIMIT 1   [ RunTime:0.001000s ]
SQL: SHOW COLUMNS FROM `php2018_goods_cat` [ RunTime:0.002001s ]
SQL: SELECT * FROM `php2018_goods_cat` WHERE ( `goods_id` = '66' )  [ RunTime:0.001000s ]
SQL: SHOW COLUMNS FROM `php2018_number_level` [ RunTime:0.002000s ]
SQL: SELECT * FROM php2018_number_level a LEFT JOIN php2018_number_price as b on a.level_id=b.level_id  WHERE ( b.goods_id = '66' )  [ RunTime:0.001000s ]
SQL: SHOW COLUMNS FROM `php2018_goods_pics` [ RunTime:0.002000s ]
SQL: SELECT * FROM `php2018_goods_pics` WHERE ( `goods_id` = '66' )  [ RunTime:0.000000s ]
SQL: SHOW COLUMNS FROM `php2018_goods_attr` [ RunTime:0.003000s ]
SQL: SELECT * FROM php2018_goods_attr a LEFT JOIN php2018_goodsattribute as b on a.attr_id=b.attr_id  WHERE ( a.goods_id = '66' )  [ RunTime:0.001000s ]
SQL: SHOW COLUMNS FROM `php2018_goodsattribute` [ RunTime:0.003000s ]
SQL: SELECT * FROM `php2018_goodsattribute` WHERE ( `type_id` = '3' ) AND ( `attr_id` NOT IN ('7','8','9','10','11','12') )  [ RunTime:0.000000s ]
NOTIC: [2] array_merge(): Argument #2 is not an array D:\UPUPW_NP5.4\htdocs\pcshop\Application\Admin\Controller\GoodsController.class.php 第 92 行.
INFO: [ view_parse ] --START--
INFO: [ template_filter ] --START--
INFO: Run Behavior\ContentReplaceBehavior [ RunTime:0.000000s ]
INFO: [ template_filter ] --END-- [ RunTime:0.000000s ]
INFO: Run Behavior\ParseTemplateBehavior [ RunTime:0.040002s ]
INFO: [ view_parse ] --END-- [ RunTime:0.041003s ]
INFO: [ view_filter ] --START--
INFO: Run Behavior\WriteHtmlCacheBehavior [ RunTime:0.003000s ]
INFO: [ view_filter ] --END-- [ RunTime:0.003000s ]
INFO: [ app_end ] --START--
INFO: Run Behavior\ShowPageTraceBehavior [ RunTime:0.003000s ]
INFO: [ app_end ] --END-- [ RunTime:0.003000s ]

