[ 2018-05-29T11:51:18+08:00 ] 127.0.0.1 /
INFO: [ app_init ] --START--
INFO: Run Behavior\BuildLiteBehavior [ RunTime:0.000000s ]
INFO: [ app_init ] --END-- [ RunTime:0.004000s ]
INFO: [ app_begin ] --START--
INFO: Run Behavior\ReadHtmlCacheBehavior [ RunTime:0.011001s ]
INFO: [ app_begin ] --END-- [ RunTime:0.011001s ]
SQL: SHOW COLUMNS FROM `php2018_goods` [ RunTime:0.045003s ]
SQL: SELECT `goods_id`,`goods_name`,`promote_price`,`logo` FROM `php2018_goods` WHERE ( `is_promote` = 1 ) AND ( `is_on_sale` = 1 ) AND ( `is_delete` = 0 ) AND ( `promote_start_time` < 1527565878 ) AND ( `promote_end_time` > 1527565878 ) ORDER BY sort_num  [ RunTime:0.016001s ]
SQL: SELECT `goods_id`,`goods_name`,`shop_price`,`logo` FROM `php2018_goods` WHERE ( `is_hot` = 1 ) AND ( `is_delete` = 0 ) AND ( `is_on_sale` = 1 ) ORDER BY sort_num  [ RunTime:0.010000s ]
SQL: SELECT `goods_id`,`goods_name`,`shop_price`,`logo` FROM `php2018_goods` WHERE ( `is_best` = 1 ) AND ( `is_delete` = 0 ) AND ( `is_on_sale` = 1 ) ORDER BY sort_num  [ RunTime:0.001001s ]
SQL: SELECT `goods_id`,`goods_name`,`shop_price`,`logo` FROM `php2018_goods` WHERE ( `is_new` = 1 ) AND ( `is_delete` = 0 ) AND ( `is_on_sale` = 1 ) ORDER BY sort_num  [ RunTime:0.000000s ]
SQL: SHOW COLUMNS FROM `php2018_goodscategory` [ RunTime:0.021001s ]
SQL: SELECT * FROM `php2018_goodscategory` WHERE ( parent_id=20 )  [ RunTime:0.009000s ]
SQL: SELECT `goods_id`,`goods_name`,`shop_price`,`logo` FROM `php2018_goods` WHERE ( `is_best` = 1 ) AND ( `is_delete` = 0 ) AND ( `is_on_sale` = 1 ) AND ( `cat_id` IN ('13','21','22','23','25','26','27','28','29','30','31') ) ORDER BY sort_num  [ RunTime:0.001000s ]
INFO: [ view_parse ] --START--
INFO: [ template_filter ] --START--
INFO: Run Behavior\ContentReplaceBehavior [ RunTime:0.000000s ]
INFO: [ template_filter ] --END-- [ RunTime:0.000000s ]
SQL: SHOW COLUMNS FROM `php2018_goodscategory` [ RunTime:0.003000s ]
SQL: SELECT * FROM `php2018_goodscategory`  [ RunTime:0.001000s ]
NOTIC: [8] Undefined index: children D:\UPUPW_NP5.4\htdocs\pcshop\Application\Runtime\Cache\Home\2a94b8bda04ff446dcedd42276fc99ee.php 第 159 行.
NOTIC: [2] Invalid argument supplied for foreach() D:\UPUPW_NP5.4\htdocs\pcshop\Application\Runtime\Cache\Home\2a94b8bda04ff446dcedd42276fc99ee.php 第 159 行.
NOTIC: [8] Undefined index: children D:\UPUPW_NP5.4\htdocs\pcshop\Application\Runtime\Cache\Home\2a94b8bda04ff446dcedd42276fc99ee.php 第 154 行.
NOTIC: [2] Invalid argument supplied for foreach() D:\UPUPW_NP5.4\htdocs\pcshop\Application\Runtime\Cache\Home\2a94b8bda04ff446dcedd42276fc99ee.php 第 154 行.
NOTIC: [8] Undefined index: children D:\UPUPW_NP5.4\htdocs\pcshop\Application\Runtime\Cache\Home\2a94b8bda04ff446dcedd42276fc99ee.php 第 159 行.
NOTIC: [2] Invalid argument supplied for foreach() D:\UPUPW_NP5.4\htdocs\pcshop\Application\Runtime\Cache\Home\2a94b8bda04ff446dcedd42276fc99ee.php 第 159 行.
NOTIC: [8] Undefined index: children D:\UPUPW_NP5.4\htdocs\pcshop\Application\Runtime\Cache\Home\2a94b8bda04ff446dcedd42276fc99ee.php 第 159 行.
NOTIC: [2] Invalid argument supplied for foreach() D:\UPUPW_NP5.4\htdocs\pcshop\Application\Runtime\Cache\Home\2a94b8bda04ff446dcedd42276fc99ee.php 第 159 行.
NOTIC: [8] Undefined index: children D:\UPUPW_NP5.4\htdocs\pcshop\Application\Runtime\Cache\Home\2a94b8bda04ff446dcedd42276fc99ee.php 第 159 行.
NOTIC: [2] Invalid argument supplied for foreach() D:\UPUPW_NP5.4\htdocs\pcshop\Application\Runtime\Cache\Home\2a94b8bda04ff446dcedd42276fc99ee.php 第 159 行.
NOTIC: [8] Undefined index: children D:\UPUPW_NP5.4\htdocs\pcshop\Application\Runtime\Cache\Home\2a94b8bda04ff446dcedd42276fc99ee.php 第 159 行.
NOTIC: [2] Invalid argument supplied for foreach() D:\UPUPW_NP5.4\htdocs\pcshop\Application\Runtime\Cache\Home\2a94b8bda04ff446dcedd42276fc99ee.php 第 159 行.
NOTIC: [8] Undefined index: children D:\UPUPW_NP5.4\htdocs\pcshop\Application\Runtime\Cache\Home\2a94b8bda04ff446dcedd42276fc99ee.php 第 159 行.
NOTIC: [2] Invalid argument supplied for foreach() D:\UPUPW_NP5.4\htdocs\pcshop\Application\Runtime\Cache\Home\2a94b8bda04ff446dcedd42276fc99ee.php 第 159 行.
NOTIC: [8] Undefined index: children D:\UPUPW_NP5.4\htdocs\pcshop\Application\Runtime\Cache\Home\2a94b8bda04ff446dcedd42276fc99ee.php 第 159 行.
NOTIC: [2] Invalid argument supplied for foreach() D:\UPUPW_NP5.4\htdocs\pcshop\Application\Runtime\Cache\Home\2a94b8bda04ff446dcedd42276fc99ee.php 第 159 行.
NOTIC: [8] Undefined index: children D:\UPUPW_NP5.4\htdocs\pcshop\Application\Runtime\Cache\Home\2a94b8bda04ff446dcedd42276fc99ee.php 第 159 行.
NOTIC: [2] Invalid argument supplied for foreach() D:\UPUPW_NP5.4\htdocs\pcshop\Application\Runtime\Cache\Home\2a94b8bda04ff446dcedd42276fc99ee.php 第 159 行.
NOTIC: [8] Undefined index: children D:\UPUPW_NP5.4\htdocs\pcshop\Application\Runtime\Cache\Home\2a94b8bda04ff446dcedd42276fc99ee.php 第 159 行.
NOTIC: [2] Invalid argument supplied for foreach() D:\UPUPW_NP5.4\htdocs\pcshop\Application\Runtime\Cache\Home\2a94b8bda04ff446dcedd42276fc99ee.php 第 159 行.
NOTIC: [8] Undefined index: children D:\UPUPW_NP5.4\htdocs\pcshop\Application\Runtime\Cache\Home\2a94b8bda04ff446dcedd42276fc99ee.php 第 159 行.
NOTIC: [2] Invalid argument supplied for foreach() D:\UPUPW_NP5.4\htdocs\pcshop\Application\Runtime\Cache\Home\2a94b8bda04ff446dcedd42276fc99ee.php 第 159 行.
NOTIC: [8] Undefined index: children D:\UPUPW_NP5.4\htdocs\pcshop\Application\Runtime\Cache\Home\2a94b8bda04ff446dcedd42276fc99ee.php 第 159 行.
NOTIC: [2] Invalid argument supplied for foreach() D:\UPUPW_NP5.4\htdocs\pcshop\Application\Runtime\Cache\Home\2a94b8bda04ff446dcedd42276fc99ee.php 第 159 行.
NOTIC: [8] Undefined index: children D:\UPUPW_NP5.4\htdocs\pcshop\Application\Runtime\Cache\Home\2a94b8bda04ff446dcedd42276fc99ee.php 第 159 行.
NOTIC: [2] Invalid argument supplied for foreach() D:\UPUPW_NP5.4\htdocs\pcshop\Application\Runtime\Cache\Home\2a94b8bda04ff446dcedd42276fc99ee.php 第 159 行.
INFO: Run Behavior\ParseTemplateBehavior [ RunTime:0.151008s ]
INFO: [ view_parse ] --END-- [ RunTime:0.151008s ]
INFO: [ view_filter ] --START--
INFO: Run Behavior\WriteHtmlCacheBehavior [ RunTime:0.015001s ]
INFO: [ view_filter ] --END-- [ RunTime:0.015001s ]
INFO: [ app_end ] --START--
INFO: Run Behavior\ShowPageTraceBehavior [ RunTime:0.026002s ]
INFO: [ app_end ] --END-- [ RunTime:0.026002s ]

[ 2018-05-29T11:51:18+08:00 ] 127.0.0.1 /index.php/Home/Goods/ajaxgetRecentlygoods.html
INFO: [ app_init ] --START--
INFO: Run Behavior\BuildLiteBehavior [ RunTime:0.000000s ]
INFO: [ app_init ] --END-- [ RunTime:0.004000s ]
INFO: [ app_begin ] --START--
INFO: Run Behavior\ReadHtmlCacheBehavior [ RunTime:0.006000s ]
INFO: [ app_begin ] --END-- [ RunTime:0.006000s ]
INFO: [ app_end ] --START--
INFO: Run Behavior\ShowPageTraceBehavior [ RunTime:0.007001s ]
INFO: [ app_end ] --END-- [ RunTime:0.007001s ]

[ 2018-05-29T11:51:19+08:00 ] 127.0.0.1 /index.php/Home/Member/ajaxChkLogin.html
INFO: [ app_init ] --START--
INFO: Run Behavior\BuildLiteBehavior [ RunTime:0.000000s ]
INFO: [ app_init ] --END-- [ RunTime:0.004000s ]
INFO: [ app_begin ] --START--
INFO: Run Behavior\ReadHtmlCacheBehavior [ RunTime:0.005000s ]
INFO: [ app_begin ] --END-- [ RunTime:0.005000s ]
INFO: [ app_end ] --START--
INFO: Run Behavior\ShowPageTraceBehavior [ RunTime:0.006000s ]
INFO: [ app_end ] --END-- [ RunTime:0.006000s ]

[ 2018-05-29T11:51:23+08:00 ] 127.0.0.1 /index.php/Home/Goods/goods/goods_id/75.html
INFO: [ app_init ] --START--
INFO: Run Behavior\BuildLiteBehavior [ RunTime:0.000000s ]
INFO: [ app_init ] --END-- [ RunTime:0.004000s ]
INFO: [ app_begin ] --START--
INFO: Run Behavior\ReadHtmlCacheBehavior [ RunTime:0.006000s ]
INFO: [ app_begin ] --END-- [ RunTime:0.006000s ]
SQL: SHOW COLUMNS FROM `php2018_goods` [ RunTime:0.003000s ]
SQL: SELECT * FROM `php2018_goods` WHERE ( `goods_id` = 75 ) LIMIT 1   [ RunTime:0.001000s ]
SQL: SHOW COLUMNS FROM `php2018_goods_pics` [ RunTime:0.016001s ]
SQL: SELECT * FROM `php2018_goods_pics` WHERE ( `goods_id` = '75' )  [ RunTime:0.008000s ]
SQL: SHOW COLUMNS FROM `php2018_goods_attr` [ RunTime:0.020001s ]
SQL: SELECT a.*,b.attr_name,b.attr_type FROM php2018_goods_attr a left join php2018_goodsattribute as b on a.attr_id=b.attr_id  WHERE ( a.goods_id = '75' ) AND ( b.attr_type = 1 )  [ RunTime:0.028002s ]
SQL: SELECT a.*,b.attr_name,b.attr_type FROM php2018_goods_attr a left join php2018_goodsattribute as b on a.attr_id=b.attr_id  WHERE ( a.goods_id = '75' ) AND ( b.attr_type = 0 )  [ RunTime:0.000000s ]
INFO: [ view_parse ] --START--
NOTIC: [2] file_get_contents(./Application/Home/View/pubic/footer.html): failed to open stream: No such file or directory D:\UPUPW_NP5.4\htdocs\pcshop\ThinkPHP\Library\Think\Template.class.php 第 696 行.
INFO: [ template_filter ] --START--
INFO: Run Behavior\ContentReplaceBehavior [ RunTime:0.000000s ]
INFO: [ template_filter ] --END-- [ RunTime:0.000000s ]
SQL: SHOW COLUMNS FROM `php2018_goodscategory` [ RunTime:0.003001s ]
SQL: SELECT * FROM `php2018_goodscategory`  [ RunTime:0.000000s ]
NOTIC: [8] Undefined index: children D:\UPUPW_NP5.4\htdocs\pcshop\Application\Runtime\Cache\Home\8d937eb967916a6c963cd31890b9c56c.php 第 159 行.
NOTIC: [2] Invalid argument supplied for foreach() D:\UPUPW_NP5.4\htdocs\pcshop\Application\Runtime\Cache\Home\8d937eb967916a6c963cd31890b9c56c.php 第 159 行.
NOTIC: [8] Undefined index: children D:\UPUPW_NP5.4\htdocs\pcshop\Application\Runtime\Cache\Home\8d937eb967916a6c963cd31890b9c56c.php 第 154 行.
NOTIC: [2] Invalid argument supplied for foreach() D:\UPUPW_NP5.4\htdocs\pcshop\Application\Runtime\Cache\Home\8d937eb967916a6c963cd31890b9c56c.php 第 154 行.
NOTIC: [8] Undefined index: children D:\UPUPW_NP5.4\htdocs\pcshop\Application\Runtime\Cache\Home\8d937eb967916a6c963cd31890b9c56c.php 第 159 行.
NOTIC: [2] Invalid argument supplied for foreach() D:\UPUPW_NP5.4\htdocs\pcshop\Application\Runtime\Cache\Home\8d937eb967916a6c963cd31890b9c56c.php 第 159 行.
NOTIC: [8] Undefined index: children D:\UPUPW_NP5.4\htdocs\pcshop\Application\Runtime\Cache\Home\8d937eb967916a6c963cd31890b9c56c.php 第 159 行.
NOTIC: [2] Invalid argument supplied for foreach() D:\UPUPW_NP5.4\htdocs\pcshop\Application\Runtime\Cache\Home\8d937eb967916a6c963cd31890b9c56c.php 第 159 行.
NOTIC: [8] Undefined index: children D:\UPUPW_NP5.4\htdocs\pcshop\Application\Runtime\Cache\Home\8d937eb967916a6c963cd31890b9c56c.php 第 159 行.
NOTIC: [2] Invalid argument supplied for foreach() D:\UPUPW_NP5.4\htdocs\pcshop\Application\Runtime\Cache\Home\8d937eb967916a6c963cd31890b9c56c.php 第 159 行.
NOTIC: [8] Undefined index: children D:\UPUPW_NP5.4\htdocs\pcshop\Application\Runtime\Cache\Home\8d937eb967916a6c963cd31890b9c56c.php 第 159 行.
NOTIC: [2] Invalid argument supplied for foreach() D:\UPUPW_NP5.4\htdocs\pcshop\Application\Runtime\Cache\Home\8d937eb967916a6c963cd31890b9c56c.php 第 159 行.
NOTIC: [8] Undefined index: children D:\UPUPW_NP5.4\htdocs\pcshop\Application\Runtime\Cache\Home\8d937eb967916a6c963cd31890b9c56c.php 第 159 行.
NOTIC: [2] Invalid argument supplied for foreach() D:\UPUPW_NP5.4\htdocs\pcshop\Application\Runtime\Cache\Home\8d937eb967916a6c963cd31890b9c56c.php 第 159 行.
NOTIC: [8] Undefined index: children D:\UPUPW_NP5.4\htdocs\pcshop\Application\Runtime\Cache\Home\8d937eb967916a6c963cd31890b9c56c.php 第 159 行.
NOTIC: [2] Invalid argument supplied for foreach() D:\UPUPW_NP5.4\htdocs\pcshop\Application\Runtime\Cache\Home\8d937eb967916a6c963cd31890b9c56c.php 第 159 行.
NOTIC: [8] Undefined index: children D:\UPUPW_NP5.4\htdocs\pcshop\Application\Runtime\Cache\Home\8d937eb967916a6c963cd31890b9c56c.php 第 159 行.
NOTIC: [2] Invalid argument supplied for foreach() D:\UPUPW_NP5.4\htdocs\pcshop\Application\Runtime\Cache\Home\8d937eb967916a6c963cd31890b9c56c.php 第 159 行.
NOTIC: [8] Undefined index: children D:\UPUPW_NP5.4\htdocs\pcshop\Application\Runtime\Cache\Home\8d937eb967916a6c963cd31890b9c56c.php 第 159 行.
NOTIC: [2] Invalid argument supplied for foreach() D:\UPUPW_NP5.4\htdocs\pcshop\Application\Runtime\Cache\Home\8d937eb967916a6c963cd31890b9c56c.php 第 159 行.
NOTIC: [8] Undefined index: children D:\UPUPW_NP5.4\htdocs\pcshop\Application\Runtime\Cache\Home\8d937eb967916a6c963cd31890b9c56c.php 第 159 行.
NOTIC: [2] Invalid argument supplied for foreach() D:\UPUPW_NP5.4\htdocs\pcshop\Application\Runtime\Cache\Home\8d937eb967916a6c963cd31890b9c56c.php 第 159 行.
NOTIC: [8] Undefined index: children D:\UPUPW_NP5.4\htdocs\pcshop\Application\Runtime\Cache\Home\8d937eb967916a6c963cd31890b9c56c.php 第 159 行.
NOTIC: [2] Invalid argument supplied for foreach() D:\UPUPW_NP5.4\htdocs\pcshop\Application\Runtime\Cache\Home\8d937eb967916a6c963cd31890b9c56c.php 第 159 行.
NOTIC: [8] Undefined index: children D:\UPUPW_NP5.4\htdocs\pcshop\Application\Runtime\Cache\Home\8d937eb967916a6c963cd31890b9c56c.php 第 159 行.
NOTIC: [2] Invalid argument supplied for foreach() D:\UPUPW_NP5.4\htdocs\pcshop\Application\Runtime\Cache\Home\8d937eb967916a6c963cd31890b9c56c.php 第 159 行.
INFO: Run Behavior\ParseTemplateBehavior [ RunTime:0.078005s ]
INFO: [ view_parse ] --END-- [ RunTime:0.078005s ]
INFO: [ view_filter ] --START--
INFO: Run Behavior\WriteHtmlCacheBehavior [ RunTime:0.006000s ]
INFO: [ view_filter ] --END-- [ RunTime:0.006000s ]
INFO: [ app_end ] --START--
INFO: Run Behavior\ShowPageTraceBehavior [ RunTime:0.005000s ]
INFO: [ app_end ] --END-- [ RunTime:0.005000s ]

[ 2018-05-29T11:51:23+08:00 ] 127.0.0.1 /index.php/Home/Comment/ajaxXy/goods_id/75
INFO: [ app_init ] --START--
INFO: Run Behavior\BuildLiteBehavior [ RunTime:0.000000s ]
INFO: [ app_init ] --END-- [ RunTime:0.001000s ]
INFO: [ app_begin ] --START--
INFO: Run Behavior\ReadHtmlCacheBehavior [ RunTime:0.003000s ]
INFO: [ app_begin ] --END-- [ RunTime:0.003000s ]
SQL: SHOW COLUMNS FROM `php2018_impression` [ RunTime:0.029002s ]
SQL: SELECT * FROM `php2018_impression` WHERE ( goods_id=75 )  [ RunTime:0.002000s ]
INFO: [ app_end ] --START--
INFO: Run Behavior\ShowPageTraceBehavior [ RunTime:0.004000s ]
INFO: [ app_end ] --END-- [ RunTime:0.004000s ]

[ 2018-05-29T11:51:25+08:00 ] 127.0.0.1 /index.php/Home/Goods/ajaxGetPrice/goods_id/75
INFO: [ app_init ] --START--
INFO: Run Behavior\BuildLiteBehavior [ RunTime:0.000000s ]
INFO: [ app_init ] --END-- [ RunTime:0.004000s ]
INFO: [ app_begin ] --START--
INFO: Run Behavior\ReadHtmlCacheBehavior [ RunTime:0.006000s ]
INFO: [ app_begin ] --END-- [ RunTime:0.006000s ]
SQL: SHOW COLUMNS FROM `php2018_goods` [ RunTime:0.003000s ]
SQL: SELECT `shop_price`,`is_promote`,`promote_price`,`promote_start_time`,`promote_end_time` FROM `php2018_goods` WHERE ( `goods_id` = 75 ) LIMIT 1   [ RunTime:0.000000s ]
INFO: [ app_end ] --START--
INFO: Run Behavior\ShowPageTraceBehavior [ RunTime:0.006001s ]
INFO: [ app_end ] --END-- [ RunTime:0.006001s ]

[ 2018-05-29T11:51:25+08:00 ] 127.0.0.1 /index.php/Home/Goods/ajaxGetComment/goods_id/75
INFO: [ app_init ] --START--
INFO: Run Behavior\BuildLiteBehavior [ RunTime:0.000000s ]
INFO: [ app_init ] --END-- [ RunTime:0.004001s ]
INFO: [ app_begin ] --START--
INFO: Run Behavior\ReadHtmlCacheBehavior [ RunTime:0.006000s ]
INFO: [ app_begin ] --END-- [ RunTime:0.006000s ]
INFO: [ app_end ] --START--
INFO: Run Behavior\ShowPageTraceBehavior [ RunTime:0.006000s ]
INFO: [ app_end ] --END-- [ RunTime:0.006000s ]

[ 2018-05-29T11:51:25+08:00 ] 127.0.0.1 /index.php/Home/Member/ajaxChkLogin.html
INFO: [ app_init ] --START--
INFO: Run Behavior\BuildLiteBehavior [ RunTime:0.000000s ]
INFO: [ app_init ] --END-- [ RunTime:0.000000s ]
INFO: [ app_begin ] --START--
INFO: Run Behavior\ReadHtmlCacheBehavior [ RunTime:0.002000s ]
INFO: [ app_begin ] --END-- [ RunTime:0.002000s ]
INFO: [ app_end ] --START--
INFO: Run Behavior\ShowPageTraceBehavior [ RunTime:0.003000s ]
INFO: [ app_end ] --END-- [ RunTime:0.003000s ]

[ 2018-05-29T11:51:25+08:00 ] 127.0.0.1 /index.php/Home/Goods/ajaxgetRecentlygoods.html
INFO: [ app_init ] --START--
INFO: Run Behavior\BuildLiteBehavior [ RunTime:0.000000s ]
INFO: [ app_init ] --END-- [ RunTime:0.004001s ]
INFO: [ app_begin ] --START--
INFO: Run Behavior\ReadHtmlCacheBehavior [ RunTime:0.006000s ]
INFO: [ app_begin ] --END-- [ RunTime:0.006000s ]
INFO: [ app_end ] --START--
INFO: Run Behavior\ShowPageTraceBehavior [ RunTime:0.006001s ]
INFO: [ app_end ] --END-- [ RunTime:0.006001s ]

[ 2018-05-29T11:51:25+08:00 ] 127.0.0.1 /index.php/Home/Goods/ajaxgetRecentlygoods.html
INFO: [ app_init ] --START--
INFO: Run Behavior\BuildLiteBehavior [ RunTime:0.000000s ]
INFO: [ app_init ] --END-- [ RunTime:0.000000s ]
INFO: [ app_begin ] --START--
INFO: Run Behavior\ReadHtmlCacheBehavior [ RunTime:0.007000s ]
INFO: [ app_begin ] --END-- [ RunTime:0.007000s ]
INFO: [ app_end ] --START--
INFO: Run Behavior\ShowPageTraceBehavior [ RunTime:0.005000s ]
INFO: [ app_end ] --END-- [ RunTime:0.005000s ]

[ 2018-05-29T11:51:25+08:00 ] 127.0.0.1 /index.php/Home/Member/ajaxChkLogin.html
INFO: [ app_init ] --START--
INFO: Run Behavior\BuildLiteBehavior [ RunTime:0.000000s ]
INFO: [ app_init ] --END-- [ RunTime:0.001000s ]
INFO: [ app_begin ] --START--
INFO: Run Behavior\ReadHtmlCacheBehavior [ RunTime:0.004000s ]
INFO: [ app_begin ] --END-- [ RunTime:0.004000s ]
INFO: [ app_end ] --START--
INFO: Run Behavior\ShowPageTraceBehavior [ RunTime:0.003000s ]
INFO: [ app_end ] --END-- [ RunTime:0.003000s ]

[ 2018-05-29T11:51:25+08:00 ] 127.0.0.1 /index.php/Home/Goods/goods/goods_id/75.html
INFO: [ app_init ] --START--
INFO: Run Behavior\BuildLiteBehavior [ RunTime:0.000000s ]
INFO: [ app_init ] --END-- [ RunTime:0.000000s ]
INFO: [ app_begin ] --START--
INFO: Run Behavior\ReadHtmlCacheBehavior [ RunTime:0.003000s ]
INFO: [ app_begin ] --END-- [ RunTime:0.003000s ]
SQL: SHOW COLUMNS FROM `php2018_goods` [ RunTime:0.003000s ]
SQL: SELECT * FROM `php2018_goods` WHERE ( `goods_id` = 75 ) LIMIT 1   [ RunTime:0.001000s ]
SQL: SHOW COLUMNS FROM `php2018_goods_pics` [ RunTime:0.003000s ]
SQL: SELECT * FROM `php2018_goods_pics` WHERE ( `goods_id` = '75' )  [ RunTime:0.000000s ]
SQL: SHOW COLUMNS FROM `php2018_goods_attr` [ RunTime:0.003000s ]
SQL: SELECT a.*,b.attr_name,b.attr_type FROM php2018_goods_attr a left join php2018_goodsattribute as b on a.attr_id=b.attr_id  WHERE ( a.goods_id = '75' ) AND ( b.attr_type = 1 )  [ RunTime:0.000000s ]
SQL: SELECT a.*,b.attr_name,b.attr_type FROM php2018_goods_attr a left join php2018_goodsattribute as b on a.attr_id=b.attr_id  WHERE ( a.goods_id = '75' ) AND ( b.attr_type = 0 )  [ RunTime:0.000000s ]
INFO: [ view_parse ] --START--
NOTIC: [2] file_get_contents(./Application/Home/View/pubic/footer.html): failed to open stream: No such file or directory D:\UPUPW_NP5.4\htdocs\pcshop\ThinkPHP\Library\Think\Template.class.php 第 696 行.
INFO: [ template_filter ] --START--
INFO: Run Behavior\ContentReplaceBehavior [ RunTime:0.000000s ]
INFO: [ template_filter ] --END-- [ RunTime:0.000000s ]
SQL: SHOW COLUMNS FROM `php2018_goodscategory` [ RunTime:0.003000s ]
SQL: SELECT * FROM `php2018_goodscategory`  [ RunTime:0.000000s ]
NOTIC: [8] Undefined index: children D:\UPUPW_NP5.4\htdocs\pcshop\Application\Runtime\Cache\Home\8d937eb967916a6c963cd31890b9c56c.php 第 159 行.
NOTIC: [2] Invalid argument supplied for foreach() D:\UPUPW_NP5.4\htdocs\pcshop\Application\Runtime\Cache\Home\8d937eb967916a6c963cd31890b9c56c.php 第 159 行.
NOTIC: [8] Undefined index: children D:\UPUPW_NP5.4\htdocs\pcshop\Application\Runtime\Cache\Home\8d937eb967916a6c963cd31890b9c56c.php 第 154 行.
NOTIC: [2] Invalid argument supplied for foreach() D:\UPUPW_NP5.4\htdocs\pcshop\Application\Runtime\Cache\Home\8d937eb967916a6c963cd31890b9c56c.php 第 154 行.
NOTIC: [8] Undefined index: children D:\UPUPW_NP5.4\htdocs\pcshop\Application\Runtime\Cache\Home\8d937eb967916a6c963cd31890b9c56c.php 第 159 行.
NOTIC: [2] Invalid argument supplied for foreach() D:\UPUPW_NP5.4\htdocs\pcshop\Application\Runtime\Cache\Home\8d937eb967916a6c963cd31890b9c56c.php 第 159 行.
NOTIC: [8] Undefined index: children D:\UPUPW_NP5.4\htdocs\pcshop\Application\Runtime\Cache\Home\8d937eb967916a6c963cd31890b9c56c.php 第 159 行.
NOTIC: [2] Invalid argument supplied for foreach() D:\UPUPW_NP5.4\htdocs\pcshop\Application\Runtime\Cache\Home\8d937eb967916a6c963cd31890b9c56c.php 第 159 行.
NOTIC: [8] Undefined index: children D:\UPUPW_NP5.4\htdocs\pcshop\Application\Runtime\Cache\Home\8d937eb967916a6c963cd31890b9c56c.php 第 159 行.
NOTIC: [2] Invalid argument supplied for foreach() D:\UPUPW_NP5.4\htdocs\pcshop\Application\Runtime\Cache\Home\8d937eb967916a6c963cd31890b9c56c.php 第 159 行.
NOTIC: [8] Undefined index: children D:\UPUPW_NP5.4\htdocs\pcshop\Application\Runtime\Cache\Home\8d937eb967916a6c963cd31890b9c56c.php 第 159 行.
NOTIC: [2] Invalid argument supplied for foreach() D:\UPUPW_NP5.4\htdocs\pcshop\Application\Runtime\Cache\Home\8d937eb967916a6c963cd31890b9c56c.php 第 159 行.
NOTIC: [8] Undefined index: children D:\UPUPW_NP5.4\htdocs\pcshop\Application\Runtime\Cache\Home\8d937eb967916a6c963cd31890b9c56c.php 第 159 行.
NOTIC: [2] Invalid argument supplied for foreach() D:\UPUPW_NP5.4\htdocs\pcshop\Application\Runtime\Cache\Home\8d937eb967916a6c963cd31890b9c56c.php 第 159 行.
NOTIC: [8] Undefined index: children D:\UPUPW_NP5.4\htdocs\pcshop\Application\Runtime\Cache\Home\8d937eb967916a6c963cd31890b9c56c.php 第 159 行.
NOTIC: [2] Invalid argument supplied for foreach() D:\UPUPW_NP5.4\htdocs\pcshop\Application\Runtime\Cache\Home\8d937eb967916a6c963cd31890b9c56c.php 第 159 行.
NOTIC: [8] Undefined index: children D:\UPUPW_NP5.4\htdocs\pcshop\Application\Runtime\Cache\Home\8d937eb967916a6c963cd31890b9c56c.php 第 159 行.
NOTIC: [2] Invalid argument supplied for foreach() D:\UPUPW_NP5.4\htdocs\pcshop\Application\Runtime\Cache\Home\8d937eb967916a6c963cd31890b9c56c.php 第 159 行.
NOTIC: [8] Undefined index: children D:\UPUPW_NP5.4\htdocs\pcshop\Application\Runtime\Cache\Home\8d937eb967916a6c963cd31890b9c56c.php 第 159 行.
NOTIC: [2] Invalid argument supplied for foreach() D:\UPUPW_NP5.4\htdocs\pcshop\Application\Runtime\Cache\Home\8d937eb967916a6c963cd31890b9c56c.php 第 159 行.
NOTIC: [8] Undefined index: children D:\UPUPW_NP5.4\htdocs\pcshop\Application\Runtime\Cache\Home\8d937eb967916a6c963cd31890b9c56c.php 第 159 行.
NOTIC: [2] Invalid argument supplied for foreach() D:\UPUPW_NP5.4\htdocs\pcshop\Application\Runtime\Cache\Home\8d937eb967916a6c963cd31890b9c56c.php 第 159 行.
NOTIC: [8] Undefined index: children D:\UPUPW_NP5.4\htdocs\pcshop\Application\Runtime\Cache\Home\8d937eb967916a6c963cd31890b9c56c.php 第 159 行.
NOTIC: [2] Invalid argument supplied for foreach() D:\UPUPW_NP5.4\htdocs\pcshop\Application\Runtime\Cache\Home\8d937eb967916a6c963cd31890b9c56c.php 第 159 行.
NOTIC: [8] Undefined index: children D:\UPUPW_NP5.4\htdocs\pcshop\Application\Runtime\Cache\Home\8d937eb967916a6c963cd31890b9c56c.php 第 159 行.
NOTIC: [2] Invalid argument supplied for foreach() D:\UPUPW_NP5.4\htdocs\pcshop\Application\Runtime\Cache\Home\8d937eb967916a6c963cd31890b9c56c.php 第 159 行.
INFO: Run Behavior\ParseTemplateBehavior [ RunTime:0.035002s ]
INFO: [ view_parse ] --END-- [ RunTime:0.035002s ]
INFO: [ view_filter ] --START--
INFO: Run Behavior\WriteHtmlCacheBehavior [ RunTime:0.003001s ]
INFO: [ view_filter ] --END-- [ RunTime:0.003001s ]
INFO: [ app_end ] --START--
INFO: Run Behavior\ShowPageTraceBehavior [ RunTime:0.003000s ]
INFO: [ app_end ] --END-- [ RunTime:0.003000s ]

[ 2018-05-29T11:51:25+08:00 ] 127.0.0.1 /index.php/Home/Goods/ajaxGetComment/goods_id/75
INFO: [ app_init ] --START--
INFO: Run Behavior\BuildLiteBehavior [ RunTime:0.000000s ]
INFO: [ app_init ] --END-- [ RunTime:0.001000s ]
INFO: [ app_begin ] --START--
INFO: Run Behavior\ReadHtmlCacheBehavior [ RunTime:0.002000s ]
INFO: [ app_begin ] --END-- [ RunTime:0.002000s ]
INFO: [ app_end ] --START--
INFO: Run Behavior\ShowPageTraceBehavior [ RunTime:0.003000s ]
INFO: [ app_end ] --END-- [ RunTime:0.003000s ]

[ 2018-05-29T11:51:26+08:00 ] 127.0.0.1 /index.php/Home/Goods/ajaxGetPrice/goods_id/75
INFO: [ app_init ] --START--
INFO: Run Behavior\BuildLiteBehavior [ RunTime:0.000000s ]
INFO: [ app_init ] --END-- [ RunTime:0.002000s ]
INFO: [ app_begin ] --START--
INFO: Run Behavior\ReadHtmlCacheBehavior [ RunTime:0.004000s ]
INFO: [ app_begin ] --END-- [ RunTime:0.004000s ]
SQL: SHOW COLUMNS FROM `php2018_goods` [ RunTime:0.003000s ]
SQL: SELECT `shop_price`,`is_promote`,`promote_price`,`promote_start_time`,`promote_end_time` FROM `php2018_goods` WHERE ( `goods_id` = 75 ) LIMIT 1   [ RunTime:0.031002s ]
INFO: [ app_end ] --START--
INFO: Run Behavior\ShowPageTraceBehavior [ RunTime:0.006000s ]
INFO: [ app_end ] --END-- [ RunTime:0.006000s ]

[ 2018-05-29T11:51:26+08:00 ] 127.0.0.1 /index.php/Home/Comment/ajaxXy/goods_id/75
INFO: [ app_init ] --START--
INFO: Run Behavior\BuildLiteBehavior [ RunTime:0.000000s ]
INFO: [ app_init ] --END-- [ RunTime:0.002000s ]
INFO: [ app_begin ] --START--
INFO: Run Behavior\ReadHtmlCacheBehavior [ RunTime:0.002000s ]
INFO: [ app_begin ] --END-- [ RunTime:0.002000s ]
SQL: SHOW COLUMNS FROM `php2018_impression` [ RunTime:0.003000s ]
SQL: SELECT * FROM `php2018_impression` WHERE ( goods_id=75 )  [ RunTime:0.001000s ]
INFO: [ app_end ] --START--
INFO: Run Behavior\ShowPageTraceBehavior [ RunTime:0.002001s ]
INFO: [ app_end ] --END-- [ RunTime:0.002001s ]

[ 2018-05-29T11:51:26+08:00 ] 127.0.0.1 /index.php/Home/Member/ajaxChkLogin.html
INFO: [ app_init ] --START--
INFO: Run Behavior\BuildLiteBehavior [ RunTime:0.000000s ]
INFO: [ app_init ] --END-- [ RunTime:0.001000s ]
INFO: [ app_begin ] --START--
INFO: Run Behavior\ReadHtmlCacheBehavior [ RunTime:0.003001s ]
INFO: [ app_begin ] --END-- [ RunTime:0.003001s ]
INFO: [ app_end ] --START--
INFO: Run Behavior\ShowPageTraceBehavior [ RunTime:0.002001s ]
INFO: [ app_end ] --END-- [ RunTime:0.002001s ]

[ 2018-05-29T11:51:26+08:00 ] 127.0.0.1 /index.php/Home/Goods/ajaxgetRecentlygoods.html
INFO: [ app_init ] --START--
INFO: Run Behavior\BuildLiteBehavior [ RunTime:0.000000s ]
INFO: [ app_init ] --END-- [ RunTime:0.000000s ]
INFO: [ app_begin ] --START--
INFO: Run Behavior\ReadHtmlCacheBehavior [ RunTime:0.003000s ]
INFO: [ app_begin ] --END-- [ RunTime:0.003000s ]
INFO: [ app_end ] --START--
INFO: Run Behavior\ShowPageTraceBehavior [ RunTime:0.003001s ]
INFO: [ app_end ] --END-- [ RunTime:0.003001s ]

[ 2018-05-29T11:51:27+08:00 ] 127.0.0.1 /index.php/Home/Cart/add.html
INFO: [ app_init ] --START--
INFO: Run Behavior\BuildLiteBehavior [ RunTime:0.000000s ]
INFO: [ app_init ] --END-- [ RunTime:0.001000s ]
INFO: [ app_begin ] --START--
INFO: Run Behavior\ReadHtmlCacheBehavior [ RunTime:0.002000s ]
INFO: [ app_begin ] --END-- [ RunTime:0.002000s ]
SQL: SHOW COLUMNS FROM `php2018_cart` [ RunTime:0.030001s ]
SQL: SHOW COLUMNS FROM `php2018_goods_number` [ RunTime:0.028002s ]
SQL: SELECT * FROM `php2018_goods_number` WHERE ( `goods_id` = 75 ) AND ( `goods_attr_id` = '182,185,189' ) LIMIT 1   [ RunTime:0.012000s ]
INFO: [ app_end ] --START--
INFO: Run Behavior\ShowPageTraceBehavior [ RunTime:0.002000s ]
INFO: [ app_end ] --END-- [ RunTime:0.002000s ]

[ 2018-05-29T11:51:27+08:00 ] 127.0.0.1 /index.php/Home/Cart/CartList.html
INFO: [ app_init ] --START--
INFO: Run Behavior\BuildLiteBehavior [ RunTime:0.000000s ]
INFO: [ app_init ] --END-- [ RunTime:0.001000s ]
INFO: [ app_begin ] --START--
INFO: Run Behavior\ReadHtmlCacheBehavior [ RunTime:0.002000s ]
INFO: [ app_begin ] --END-- [ RunTime:0.002000s ]
SQL: SHOW COLUMNS FROM `php2018_cart` [ RunTime:0.004000s ]
SQL: SHOW COLUMNS FROM `php2018_goods` [ RunTime:0.003000s ]
SQL: SELECT `goods_name`,`sm_logo` FROM `php2018_goods` WHERE ( `goods_id` = 75 ) LIMIT 1   [ RunTime:0.001000s ]
SQL: SELECT `shop_price`,`is_promote`,`promote_price`,`promote_start_time`,`promote_end_time` FROM `php2018_goods` WHERE ( `goods_id` = 75 ) LIMIT 1   [ RunTime:0.000000s ]
SQL: SELECT GROUP_CONCAT(CONCAT(b.attr_name,':',a.attr_value) SEPARATOR '<br/>') as gastr FROM php2018_goods_attr as a LEFT JOIN
                php2018_goodsattribute as b on a.attr_id=b.attr_id WHERE a.id in(182,185,189) [ RunTime:0.015001s ]
INFO: [ view_parse ] --START--
INFO: [ template_filter ] --START--
INFO: Run Behavior\ContentReplaceBehavior [ RunTime:0.000000s ]
INFO: [ template_filter ] --END-- [ RunTime:0.000000s ]
INFO: Run Behavior\ParseTemplateBehavior [ RunTime:0.039003s ]
INFO: [ view_parse ] --END-- [ RunTime:0.039003s ]
INFO: [ view_filter ] --START--
INFO: Run Behavior\WriteHtmlCacheBehavior [ RunTime:0.002000s ]
INFO: [ view_filter ] --END-- [ RunTime:0.002000s ]
INFO: [ app_end ] --START--
INFO: Run Behavior\ShowPageTraceBehavior [ RunTime:0.003000s ]
INFO: [ app_end ] --END-- [ RunTime:0.003000s ]

[ 2018-05-29T11:51:27+08:00 ] 127.0.0.1 /index.php/Home/Member/ajaxChkLogin.html
INFO: [ app_init ] --START--
INFO: Run Behavior\BuildLiteBehavior [ RunTime:0.000000s ]
INFO: [ app_init ] --END-- [ RunTime:0.001000s ]
INFO: [ app_begin ] --START--
INFO: Run Behavior\ReadHtmlCacheBehavior [ RunTime:0.003000s ]
INFO: [ app_begin ] --END-- [ RunTime:0.003000s ]
INFO: [ app_end ] --START--
INFO: Run Behavior\ShowPageTraceBehavior [ RunTime:0.002000s ]
INFO: [ app_end ] --END-- [ RunTime:0.002000s ]

[ 2018-05-29T11:51:32+08:00 ] 127.0.0.1 /index.php/Home/Order/OrderList.html
INFO: [ app_init ] --START--
INFO: Run Behavior\BuildLiteBehavior [ RunTime:0.000000s ]
INFO: [ app_init ] --END-- [ RunTime:0.001000s ]
INFO: [ app_begin ] --START--
INFO: Run Behavior\ReadHtmlCacheBehavior [ RunTime:0.003000s ]
INFO: [ app_begin ] --END-- [ RunTime:0.003000s ]

[ 2018-05-29T11:51:33+08:00 ] 127.0.0.1 /index.php/Home/Member/login.html
INFO: [ app_init ] --START--
INFO: Run Behavior\BuildLiteBehavior [ RunTime:0.000000s ]
INFO: [ app_init ] --END-- [ RunTime:0.001000s ]
INFO: [ app_begin ] --START--
INFO: Run Behavior\ReadHtmlCacheBehavior [ RunTime:0.003000s ]
INFO: [ app_begin ] --END-- [ RunTime:0.003000s ]
INFO: [ view_parse ] --START--
INFO: [ template_filter ] --START--
INFO: Run Behavior\ContentReplaceBehavior [ RunTime:0.000000s ]
INFO: [ template_filter ] --END-- [ RunTime:0.000000s ]
INFO: Run Behavior\ParseTemplateBehavior [ RunTime:0.044003s ]
INFO: [ view_parse ] --END-- [ RunTime:0.044003s ]
INFO: [ view_filter ] --START--
INFO: Run Behavior\WriteHtmlCacheBehavior [ RunTime:0.006000s ]
INFO: [ view_filter ] --END-- [ RunTime:0.006000s ]
INFO: [ app_end ] --START--
INFO: Run Behavior\ShowPageTraceBehavior [ RunTime:0.005000s ]
INFO: [ app_end ] --END-- [ RunTime:0.005000s ]

[ 2018-05-29T11:51:33+08:00 ] 127.0.0.1 /index.php/Home/Member/chkcode.html
INFO: [ app_init ] --START--
INFO: Run Behavior\BuildLiteBehavior [ RunTime:0.000000s ]
INFO: [ app_init ] --END-- [ RunTime:0.000000s ]
INFO: [ app_begin ] --START--
INFO: Run Behavior\ReadHtmlCacheBehavior [ RunTime:0.003001s ]
INFO: [ app_begin ] --END-- [ RunTime:0.003001s ]
INFO: [ app_end ] --START--
INFO: Run Behavior\ShowPageTraceBehavior [ RunTime:0.002000s ]
INFO: [ app_end ] --END-- [ RunTime:0.002000s ]

[ 2018-05-29T11:51:33+08:00 ] 127.0.0.1 /index.php/Home/Member/ajaxChkLogin.html
INFO: [ app_init ] --START--
INFO: Run Behavior\BuildLiteBehavior [ RunTime:0.000000s ]
INFO: [ app_init ] --END-- [ RunTime:0.001000s ]
INFO: [ app_begin ] --START--
INFO: Run Behavior\ReadHtmlCacheBehavior [ RunTime:0.002000s ]
INFO: [ app_begin ] --END-- [ RunTime:0.002000s ]
INFO: [ app_end ] --START--
INFO: Run Behavior\ShowPageTraceBehavior [ RunTime:0.003001s ]
INFO: [ app_end ] --END-- [ RunTime:0.003001s ]

[ 2018-05-29T11:51:41+08:00 ] 127.0.0.1 /index.php/Home/Member/chkcode.html
INFO: [ app_init ] --START--
INFO: Run Behavior\BuildLiteBehavior [ RunTime:0.000000s ]
INFO: [ app_init ] --END-- [ RunTime:0.000000s ]
INFO: [ app_begin ] --START--
INFO: Run Behavior\ReadHtmlCacheBehavior [ RunTime:0.003001s ]
INFO: [ app_begin ] --END-- [ RunTime:0.003001s ]
INFO: [ app_end ] --START--
INFO: Run Behavior\ShowPageTraceBehavior [ RunTime:0.002000s ]
INFO: [ app_end ] --END-- [ RunTime:0.002000s ]

[ 2018-05-29T11:51:46+08:00 ] 127.0.0.1 /index.php/Home/Member/login.html
INFO: [ app_init ] --START--
INFO: Run Behavior\BuildLiteBehavior [ RunTime:0.000000s ]
INFO: [ app_init ] --END-- [ RunTime:0.001000s ]
INFO: [ app_begin ] --START--
INFO: Run Behavior\ReadHtmlCacheBehavior [ RunTime:0.002000s ]
INFO: [ app_begin ] --END-- [ RunTime:0.002000s ]
NOTIC: [2048] Declaration of Home\Model\MemberModel::_after_insert() should be compatible with Think\Model::_after_insert($data, $options) D:\UPUPW_NP5.4\htdocs\pcshop\Application\Home\Model\MemberModel.class.php 第 7 行.
SQL: SHOW COLUMNS FROM `php2018_member` [ RunTime:0.019001s ]
INFO: [ view_parse ] --START--
INFO: [ template_filter ] --START--
INFO: Run Behavior\ContentReplaceBehavior [ RunTime:0.000000s ]
INFO: [ template_filter ] --END-- [ RunTime:0.000000s ]
INFO: Run Behavior\ParseTemplateBehavior [ RunTime:0.032002s ]
INFO: [ view_parse ] --END-- [ RunTime:0.032002s ]
INFO: [ view_filter ] --START--
INFO: Run Behavior\WriteHtmlCacheBehavior [ RunTime:0.003000s ]
INFO: [ view_filter ] --END-- [ RunTime:0.003000s ]

[ 2018-05-29T11:51:49+08:00 ] 127.0.0.1 /index.php/Home/Member/login.html
INFO: [ app_init ] --START--
INFO: Run Behavior\BuildLiteBehavior [ RunTime:0.000000s ]
INFO: [ app_init ] --END-- [ RunTime:0.000000s ]
INFO: [ app_begin ] --START--
INFO: Run Behavior\ReadHtmlCacheBehavior [ RunTime:0.003000s ]
INFO: [ app_begin ] --END-- [ RunTime:0.003000s ]
INFO: [ view_parse ] --START--
INFO: [ template_filter ] --START--
INFO: Run Behavior\ContentReplaceBehavior [ RunTime:0.000000s ]
INFO: [ template_filter ] --END-- [ RunTime:0.000000s ]
INFO: Run Behavior\ParseTemplateBehavior [ RunTime:0.022001s ]
INFO: [ view_parse ] --END-- [ RunTime:0.022001s ]
INFO: [ view_filter ] --START--
INFO: Run Behavior\WriteHtmlCacheBehavior [ RunTime:0.002000s ]
INFO: [ view_filter ] --END-- [ RunTime:0.002000s ]
INFO: [ app_end ] --START--
INFO: Run Behavior\ShowPageTraceBehavior [ RunTime:0.003000s ]
INFO: [ app_end ] --END-- [ RunTime:0.003000s ]

[ 2018-05-29T11:51:49+08:00 ] 127.0.0.1 /index.php/Home/Member/ajaxChkLogin.html
INFO: [ app_init ] --START--
INFO: Run Behavior\BuildLiteBehavior [ RunTime:0.000000s ]
INFO: [ app_init ] --END-- [ RunTime:0.000000s ]
INFO: [ app_begin ] --START--
INFO: Run Behavior\ReadHtmlCacheBehavior [ RunTime:0.002000s ]
INFO: [ app_begin ] --END-- [ RunTime:0.002000s ]
INFO: [ app_end ] --START--
INFO: Run Behavior\ShowPageTraceBehavior [ RunTime:0.003000s ]
INFO: [ app_end ] --END-- [ RunTime:0.003000s ]

[ 2018-05-29T11:51:54+08:00 ] 127.0.0.1 /index.php/Home/Member/chkcode.html
INFO: [ app_init ] --START--
INFO: Run Behavior\BuildLiteBehavior [ RunTime:0.000000s ]
INFO: [ app_init ] --END-- [ RunTime:0.000000s ]
INFO: [ app_begin ] --START--
INFO: Run Behavior\ReadHtmlCacheBehavior [ RunTime:0.002000s ]
INFO: [ app_begin ] --END-- [ RunTime:0.002000s ]
INFO: [ app_end ] --START--
INFO: Run Behavior\ShowPageTraceBehavior [ RunTime:0.003000s ]
INFO: [ app_end ] --END-- [ RunTime:0.003000s ]

[ 2018-05-29T11:52:02+08:00 ] 127.0.0.1 /index.php/Home/Member/login.html
INFO: [ app_init ] --START--
INFO: Run Behavior\BuildLiteBehavior [ RunTime:0.000000s ]
INFO: [ app_init ] --END-- [ RunTime:0.000000s ]
INFO: [ app_begin ] --START--
INFO: Run Behavior\ReadHtmlCacheBehavior [ RunTime:0.003000s ]
INFO: [ app_begin ] --END-- [ RunTime:0.003000s ]
NOTIC: [2048] Declaration of Home\Model\MemberModel::_after_insert() should be compatible with Think\Model::_after_insert($data, $options) D:\UPUPW_NP5.4\htdocs\pcshop\Application\Home\Model\MemberModel.class.php 第 7 行.
SQL: SHOW COLUMNS FROM `php2018_member` [ RunTime:0.003001s ]
SQL: SELECT * FROM `php2018_member` WHERE ( `email` = 'itduan@sina.com' ) LIMIT 1   [ RunTime:0.000000s ]
SQL: SHOW COLUMNS FROM `php2018_number_level` [ RunTime:0.035002s ]
SQL: SELECT `level_id`,`rate` FROM `php2018_number_level` WHERE ( 0 between bottom_num and top_num ) LIMIT 1   [ RunTime:0.008001s ]
SQL: SHOW COLUMNS FROM `php2018_cart` [ RunTime:0.003000s ]
SQL: SELECT * FROM `php2018_cart` WHERE ( `goods_id` = 75 ) AND ( `goods_attr_id` = '182,185,189' ) AND ( `member_id` = 50 ) LIMIT 1   [ RunTime:0.001000s ]
SQL: INSERT INTO `php2018_cart` (`goods_id`,`goods_attr_id`,`member_id`,`goods_number`) VALUES (75,'182,185,189',50,1) [ RunTime:0.000000s ]

[ 2018-05-29T11:52:02+08:00 ] 127.0.0.1 /index.php/Home/Order/OrderList.html
INFO: [ app_init ] --START--
INFO: Run Behavior\BuildLiteBehavior [ RunTime:0.000000s ]
INFO: [ app_init ] --END-- [ RunTime:0.000000s ]
INFO: [ app_begin ] --START--
INFO: Run Behavior\ReadHtmlCacheBehavior [ RunTime:0.003000s ]
INFO: [ app_begin ] --END-- [ RunTime:0.003000s ]
SQL: SHOW COLUMNS FROM `php2018_cart` [ RunTime:0.003000s ]
SQL: SELECT * FROM `php2018_cart`  [ RunTime:0.000000s ]
SQL: SHOW COLUMNS FROM `php2018_goods` [ RunTime:0.003000s ]
SQL: SELECT `goods_name`,`sm_logo` FROM `php2018_goods` WHERE ( `goods_id` = 75 ) LIMIT 1   [ RunTime:0.000000s ]
SQL: SELECT `shop_price`,`is_promote`,`promote_price`,`promote_start_time`,`promote_end_time` FROM `php2018_goods` WHERE ( `goods_id` = 75 ) LIMIT 1   [ RunTime:0.000000s ]
SQL: SHOW COLUMNS FROM `php2018_number_price` [ RunTime:0.020001s ]
SQL: SELECT `price` FROM `php2018_number_price` WHERE ( `goods_id` = '75' ) AND ( `level_id` = '1' ) LIMIT 1   [ RunTime:0.010001s ]
SQL: SELECT GROUP_CONCAT(CONCAT(b.attr_name,':',a.attr_value) SEPARATOR '<br/>') as gastr FROM php2018_goods_attr as a LEFT JOIN
                php2018_goodsattribute as b on a.attr_id=b.attr_id WHERE a.id in(182,185,189) [ RunTime:0.000000s ]
INFO: [ view_parse ] --START--
INFO: [ template_filter ] --START--
INFO: Run Behavior\ContentReplaceBehavior [ RunTime:0.001000s ]
INFO: [ template_filter ] --END-- [ RunTime:0.001000s ]
INFO: Run Behavior\ParseTemplateBehavior [ RunTime:0.044002s ]
INFO: [ view_parse ] --END-- [ RunTime:0.044002s ]
INFO: [ view_filter ] --START--
INFO: Run Behavior\WriteHtmlCacheBehavior [ RunTime:0.006001s ]
INFO: [ view_filter ] --END-- [ RunTime:0.006001s ]
INFO: [ app_end ] --START--
INFO: Run Behavior\ShowPageTraceBehavior [ RunTime:0.002000s ]
INFO: [ app_end ] --END-- [ RunTime:0.002000s ]

[ 2018-05-29T11:52:02+08:00 ] 127.0.0.1 /index.php/Home/Member/ajaxChkLogin.html
INFO: [ app_init ] --START--
INFO: Run Behavior\BuildLiteBehavior [ RunTime:0.000000s ]
INFO: [ app_init ] --END-- [ RunTime:0.008000s ]
INFO: [ app_begin ] --START--
INFO: Run Behavior\ReadHtmlCacheBehavior [ RunTime:0.003000s ]
INFO: [ app_begin ] --END-- [ RunTime:0.003000s ]
INFO: [ app_end ] --START--
INFO: Run Behavior\ShowPageTraceBehavior [ RunTime:0.002000s ]
INFO: [ app_end ] --END-- [ RunTime:0.002000s ]

[ 2018-05-29T11:52:06+08:00 ] 127.0.0.1 /index.php/Home/Order/xiaOrder.html
INFO: [ app_init ] --START--
INFO: Run Behavior\BuildLiteBehavior [ RunTime:0.000000s ]
INFO: [ app_init ] --END-- [ RunTime:0.001000s ]
INFO: [ app_begin ] --START--
INFO: Run Behavior\ReadHtmlCacheBehavior [ RunTime:0.002000s ]
INFO: [ app_begin ] --END-- [ RunTime:0.002000s ]
NOTIC: [2048] Declaration of Home\Model\OrderModel::_after_insert() should be compatible with Think\Model::_after_insert($data, $options) D:\UPUPW_NP5.4\htdocs\pcshop\Application\Home\Model\OrderModel.class.php 第 5 行.
SQL: SHOW COLUMNS FROM `php2018_order` [ RunTime:0.020001s ]
INFO: [ app_end ] --START--
INFO: Run Behavior\ShowPageTraceBehavior [ RunTime:0.002000s ]
INFO: [ app_end ] --END-- [ RunTime:0.002000s ]

[ 2018-05-29T11:52:10+08:00 ] 127.0.0.1 /index.php/Home/Order/xiaOrder.html
INFO: [ app_init ] --START--
INFO: Run Behavior\BuildLiteBehavior [ RunTime:0.000000s ]
INFO: [ app_init ] --END-- [ RunTime:0.000000s ]
INFO: [ app_begin ] --START--
INFO: Run Behavior\ReadHtmlCacheBehavior [ RunTime:0.003001s ]
INFO: [ app_begin ] --END-- [ RunTime:0.003001s ]
NOTIC: [2048] Declaration of Home\Model\OrderModel::_after_insert() should be compatible with Think\Model::_after_insert($data, $options) D:\UPUPW_NP5.4\htdocs\pcshop\Application\Home\Model\OrderModel.class.php 第 5 行.
SQL: SHOW COLUMNS FROM `php2018_order` [ RunTime:0.003000s ]
INFO: [ app_end ] --START--
INFO: Run Behavior\ShowPageTraceBehavior [ RunTime:0.003001s ]
INFO: [ app_end ] --END-- [ RunTime:0.003001s ]

[ 2018-05-29T11:52:15+08:00 ] 127.0.0.1 /index.php/Home/Order/xiaOrder.html
INFO: [ app_init ] --START--
INFO: Run Behavior\BuildLiteBehavior [ RunTime:0.000000s ]
INFO: [ app_init ] --END-- [ RunTime:0.000000s ]
INFO: [ app_begin ] --START--
INFO: Run Behavior\ReadHtmlCacheBehavior [ RunTime:0.002000s ]
INFO: [ app_begin ] --END-- [ RunTime:0.002000s ]
NOTIC: [2048] Declaration of Home\Model\OrderModel::_after_insert() should be compatible with Think\Model::_after_insert($data, $options) D:\UPUPW_NP5.4\htdocs\pcshop\Application\Home\Model\OrderModel.class.php 第 5 行.
SQL: SHOW COLUMNS FROM `php2018_order` [ RunTime:0.003000s ]
INFO: [ app_end ] --START--
INFO: Run Behavior\ShowPageTraceBehavior [ RunTime:0.003000s ]
INFO: [ app_end ] --END-- [ RunTime:0.003000s ]

[ 2018-05-29T11:52:22+08:00 ] 127.0.0.1 /index.php/Home/Order/xiaOrder.html
INFO: [ app_init ] --START--
INFO: Run Behavior\BuildLiteBehavior [ RunTime:0.000000s ]
INFO: [ app_init ] --END-- [ RunTime:0.000000s ]
INFO: [ app_begin ] --START--
INFO: Run Behavior\ReadHtmlCacheBehavior [ RunTime:0.003000s ]
INFO: [ app_begin ] --END-- [ RunTime:0.003000s ]
NOTIC: [2048] Declaration of Home\Model\OrderModel::_after_insert() should be compatible with Think\Model::_after_insert($data, $options) D:\UPUPW_NP5.4\htdocs\pcshop\Application\Home\Model\OrderModel.class.php 第 5 行.
SQL: SHOW COLUMNS FROM `php2018_order` [ RunTime:0.003000s ]
INFO: [ app_end ] --START--
INFO: Run Behavior\ShowPageTraceBehavior [ RunTime:0.003000s ]
INFO: [ app_end ] --END-- [ RunTime:0.003000s ]

